[0.202s] Invoking command in '/home/gabriellemitoso/modulo6-engcomp/ponderada-semana7/meu_workspace/build/turtlesim': CMAKE_PREFIX_PATH=${CMAKE_PREFIX_PATH}:/opt/ros/humble /usr/bin/cmake /home/gabriellemitoso/modulo6-engcomp/ponderada-semana7/meu_workspace/src/ros_tutorials/turtlesim -DCMAKE_INSTALL_PREFIX=/home/gabriellemitoso/modulo6-engcomp/ponderada-semana7/meu_workspace/install/turtlesim
[0.251s] -- The C compiler identification is GNU 11.4.0
[0.301s] -- The CXX compiler identification is GNU 11.4.0
[0.307s] -- Detecting C compiler ABI info
[0.368s] -- Detecting C compiler ABI info - done
[0.374s] -- Check for working C compiler: /usr/bin/cc - skipped
[0.374s] -- Detecting C compile features
[0.374s] -- Detecting C compile features - done
[0.376s] -- Detecting CXX compiler ABI info
[0.446s] -- Detecting CXX compiler ABI info - done
[0.452s] -- Check for working CXX compiler: /usr/bin/c++ - skipped
[0.452s] -- Detecting CXX compile features
[0.452s] -- Detecting CXX compile features - done
[0.454s] -- Found ament_cmake: 1.3.8 (/opt/ros/humble/share/ament_cmake/cmake)
[0.570s] -- Found Python3: /usr/bin/python3 (found version "3.10.12") found components: Interpreter 
[0.638s] -- Found ament_index_cpp: 1.4.0 (/opt/ros/humble/share/ament_index_cpp/cmake)
[0.639s] -- Found geometry_msgs: 4.2.3 (/opt/ros/humble/share/geometry_msgs/cmake)
[0.666s] -- Found rosidl_generator_c: 3.1.5 (/opt/ros/humble/share/rosidl_generator_c/cmake)
[0.670s] -- Found rosidl_adapter: 3.1.5 (/opt/ros/humble/share/rosidl_adapter/cmake)
[0.675s] -- Found rosidl_generator_cpp: 3.1.5 (/opt/ros/humble/share/rosidl_generator_cpp/cmake)
[0.685s] -- Using all available rosidl_typesupport_c: rosidl_typesupport_fastrtps_c;rosidl_typesupport_introspection_c
[0.699s] -- Using all available rosidl_typesupport_cpp: rosidl_typesupport_fastrtps_cpp;rosidl_typesupport_introspection_cpp
[0.791s] -- Found rclcpp: 16.0.8 (/opt/ros/humble/share/rclcpp/cmake)
[0.832s] -- Found rmw_implementation_cmake: 6.1.1 (/opt/ros/humble/share/rmw_implementation_cmake/cmake)
[0.834s] -- Found rmw_fastrtps_cpp: 6.2.6 (/opt/ros/humble/share/rmw_fastrtps_cpp/cmake)
[0.906s] -- Found OpenSSL: /usr/lib/x86_64-linux-gnu/libcrypto.so (found version "3.0.2")  
[0.926s] -- Found FastRTPS: /opt/ros/humble/include  
[0.962s] -- Using RMW implementation 'rmw_fastrtps_cpp' as default
[0.969s] -- Looking for pthread.h
[1.028s] -- Looking for pthread.h - found
[1.028s] -- Performing Test CMAKE_HAVE_LIBC_PTHREAD
[1.089s] -- Performing Test CMAKE_HAVE_LIBC_PTHREAD - Success
[1.090s] -- Found Threads: TRUE  
[1.181s] -- Found rclcpp_action: 16.0.8 (/opt/ros/humble/share/rclcpp_action/cmake)
[1.254s] -- Found rosidl_default_generators: 1.2.0 (/opt/ros/humble/share/rosidl_default_generators/cmake)
[1.261s] -- Found std_srvs: 4.2.3 (/opt/ros/humble/share/std_srvs/cmake)
[1.501s] -- Found ament_cmake_ros: 0.10.0 (/opt/ros/humble/share/ament_cmake_ros/cmake)
[1.729s] -- Using all available rosidl_typesupport_c: rosidl_typesupport_fastrtps_c;rosidl_typesupport_introspection_c
[1.816s] -- Using all available rosidl_typesupport_cpp: rosidl_typesupport_fastrtps_cpp;rosidl_typesupport_introspection_cpp
[1.833s] -- Found PythonInterp: /usr/bin/python3 (found suitable version "3.10.12", minimum required is "3.6") 
[1.834s] -- Found python_cmake_module: 0.10.0 (/opt/ros/humble/share/python_cmake_module/cmake)
[1.853s] -- Found PythonLibs: /usr/lib/x86_64-linux-gnu/libpython3.10.so (found suitable version "3.10.12", minimum required is "3.5") 
[1.853s] -- Using PYTHON_EXECUTABLE: /usr/bin/python3
[1.853s] -- Using PYTHON_INCLUDE_DIRS: /usr/include/python3.10
[1.853s] -- Using PYTHON_LIBRARIES: /usr/lib/x86_64-linux-gnu/libpython3.10.so
[1.868s] -- Found PythonExtra: .so  
[1.904s] -- Configuring done
[1.948s] -- Generating done
[1.950s] -- Build files have been written to: /home/gabriellemitoso/modulo6-engcomp/ponderada-semana7/meu_workspace/build/turtlesim
[1.961s] Invoked command in '/home/gabriellemitoso/modulo6-engcomp/ponderada-semana7/meu_workspace/build/turtlesim' returned '0': CMAKE_PREFIX_PATH=${CMAKE_PREFIX_PATH}:/opt/ros/humble /usr/bin/cmake /home/gabriellemitoso/modulo6-engcomp/ponderada-semana7/meu_workspace/src/ros_tutorials/turtlesim -DCMAKE_INSTALL_PREFIX=/home/gabriellemitoso/modulo6-engcomp/ponderada-semana7/meu_workspace/install/turtlesim
[1.962s] Invoking command in '/home/gabriellemitoso/modulo6-engcomp/ponderada-semana7/meu_workspace/build/turtlesim': CMAKE_PREFIX_PATH=${CMAKE_PREFIX_PATH}:/opt/ros/humble /usr/bin/cmake --build /home/gabriellemitoso/modulo6-engcomp/ponderada-semana7/meu_workspace/build/turtlesim -- -j8 -l8
[1.993s] [  1%] [34m[1mGenerating C code for ROS interfaces[0m
[2.001s] [  2%] [34m[1mGenerating C++ code for ROS interfaces[0m
[2.007s] [  2%] Built target ament_cmake_python_copy_turtlesim
[2.203s] running egg_info
[2.204s] creating turtlesim.egg-info
[2.204s] writing turtlesim.egg-info/PKG-INFO
[2.204s] writing dependency_links to turtlesim.egg-info/dependency_links.txt
[2.204s] writing top-level names to turtlesim.egg-info/top_level.txt
[2.205s] writing manifest file 'turtlesim.egg-info/SOURCES.txt'
[2.207s] reading manifest file 'turtlesim.egg-info/SOURCES.txt'
[2.207s] writing manifest file 'turtlesim.egg-info/SOURCES.txt'
[2.231s] [  2%] Built target ament_cmake_python_build_turtlesim_egg
[2.727s] [  2%] Built target turtlesim__cpp
[2.739s] [  3%] [34m[1mGenerating C++ type support for eProsima Fast-RTPS[0m
[2.741s] [  4%] [34m[1mGenerating C++ type support dispatch for ROS interfaces[0m
[2.744s] [  5%] [34m[1mGenerating C++ introspection for ROS interfaces[0m
[2.915s] [  8%] [32mBuilding C object CMakeFiles/turtlesim__rosidl_generator_c.dir/rosidl_generator_c/turtlesim/srv/detail/kill__functions.c.o[0m
[2.916s] [  8%] [32mBuilding C object CMakeFiles/turtlesim__rosidl_generator_c.dir/rosidl_generator_c/turtlesim/action/detail/rotate_absolute__functions.c.o[0m
[2.917s] [  9%] [32mBuilding C object CMakeFiles/turtlesim__rosidl_generator_c.dir/rosidl_generator_c/turtlesim/msg/detail/pose__functions.c.o[0m
[2.917s] [  9%] [32mBuilding C object CMakeFiles/turtlesim__rosidl_generator_c.dir/rosidl_generator_c/turtlesim/msg/detail/color__functions.c.o[0m
[2.925s] [ 10%] [32mBuilding C object CMakeFiles/turtlesim__rosidl_generator_c.dir/rosidl_generator_c/turtlesim/srv/detail/set_pen__functions.c.o[0m
[2.991s] [ 11%] [32mBuilding C object CMakeFiles/turtlesim__rosidl_generator_c.dir/rosidl_generator_c/turtlesim/srv/detail/spawn__functions.c.o[0m
[2.997s] [ 12%] [32mBuilding C object CMakeFiles/turtlesim__rosidl_generator_c.dir/rosidl_generator_c/turtlesim/srv/detail/teleport_absolute__functions.c.o[0m
[3.020s] [ 13%] [32mBuilding C object CMakeFiles/turtlesim__rosidl_generator_c.dir/rosidl_generator_c/turtlesim/srv/detail/teleport_relative__functions.c.o[0m
[3.103s] [ 14%] [32m[1mLinking C shared library libturtlesim__rosidl_generator_c.so[0m
[3.140s] [ 14%] Built target turtlesim__rosidl_generator_c
[3.153s] [ 15%] [34m[1mGenerating C type support for eProsima Fast-RTPS[0m
[3.153s] [ 16%] [34m[1mGenerating C introspection for ROS interfaces[0m
[3.154s] [ 17%] [34m[1mGenerating C type support dispatch for ROS interfaces[0m
[3.463s] [ 19%] [32mBuilding CXX object CMakeFiles/turtlesim__rosidl_typesupport_cpp.dir/rosidl_typesupport_cpp/turtlesim/msg/pose__type_support.cpp.o[0m
[3.463s] [ 20%] [32mBuilding CXX object CMakeFiles/turtlesim__rosidl_typesupport_cpp.dir/rosidl_typesupport_cpp/turtlesim/action/rotate_absolute__type_support.cpp.o[0m
[3.463s] [ 19%] [32mBuilding CXX object CMakeFiles/turtlesim__rosidl_typesupport_cpp.dir/rosidl_typesupport_cpp/turtlesim/msg/color__type_support.cpp.o[0m
[3.836s] [ 21%] [32mBuilding CXX object CMakeFiles/turtlesim__rosidl_typesupport_cpp.dir/rosidl_typesupport_cpp/turtlesim/srv/kill__type_support.cpp.o[0m
[3.840s] [ 22%] [32mBuilding CXX object CMakeFiles/turtlesim__rosidl_typesupport_cpp.dir/rosidl_typesupport_cpp/turtlesim/srv/set_pen__type_support.cpp.o[0m
[3.995s] [ 23%] [32mBuilding CXX object CMakeFiles/turtlesim__rosidl_typesupport_introspection_cpp.dir/rosidl_typesupport_introspection_cpp/turtlesim/action/detail/rotate_absolute__type_support.cpp.o[0m
[4.075s] [ 24%] [32mBuilding CXX object CMakeFiles/turtlesim__rosidl_typesupport_fastrtps_cpp.dir/rosidl_typesupport_fastrtps_cpp/turtlesim/action/detail/dds_fastrtps/rotate_absolute__type_support.cpp.o[0m
[4.099s] [ 25%] [32mBuilding CXX object CMakeFiles/turtlesim__rosidl_typesupport_c.dir/rosidl_typesupport_c/turtlesim/action/rotate_absolute__type_support.cpp.o[0m
[4.105s] [ 26%] [32mBuilding CXX object CMakeFiles/turtlesim__rosidl_typesupport_fastrtps_cpp.dir/rosidl_typesupport_fastrtps_cpp/turtlesim/msg/detail/dds_fastrtps/color__type_support.cpp.o[0m
[4.223s] [ 27%] [32mBuilding CXX object CMakeFiles/turtlesim__rosidl_typesupport_c.dir/rosidl_typesupport_c/turtlesim/msg/color__type_support.cpp.o[0m
[4.251s] [ 28%] [32mBuilding CXX object CMakeFiles/turtlesim__rosidl_typesupport_c.dir/rosidl_typesupport_c/turtlesim/msg/pose__type_support.cpp.o[0m
[4.270s] [ 29%] [32mBuilding CXX object CMakeFiles/turtlesim__rosidl_typesupport_cpp.dir/rosidl_typesupport_cpp/turtlesim/srv/spawn__type_support.cpp.o[0m
[4.284s] [ 30%] [32mBuilding CXX object CMakeFiles/turtlesim__rosidl_typesupport_fastrtps_cpp.dir/rosidl_typesupport_fastrtps_cpp/turtlesim/msg/detail/dds_fastrtps/pose__type_support.cpp.o[0m
[4.296s] [ 31%] [32mBuilding CXX object CMakeFiles/turtlesim__rosidl_typesupport_c.dir/rosidl_typesupport_c/turtlesim/srv/kill__type_support.cpp.o[0m
[4.353s] [ 32%] [32mBuilding CXX object CMakeFiles/turtlesim__rosidl_typesupport_c.dir/rosidl_typesupport_c/turtlesim/srv/set_pen__type_support.cpp.o[0m
[4.401s] [ 33%] [32mBuilding CXX object CMakeFiles/turtlesim__rosidl_typesupport_c.dir/rosidl_typesupport_c/turtlesim/srv/spawn__type_support.cpp.o[0m
[4.452s] [ 34%] [32mBuilding CXX object CMakeFiles/turtlesim__rosidl_typesupport_c.dir/rosidl_typesupport_c/turtlesim/srv/teleport_absolute__type_support.cpp.o[0m
[4.506s] [ 35%] [32mBuilding CXX object CMakeFiles/turtlesim__rosidl_typesupport_c.dir/rosidl_typesupport_c/turtlesim/srv/teleport_relative__type_support.cpp.o[0m
[4.561s] [ 36%] [32mBuilding C object CMakeFiles/turtlesim__rosidl_typesupport_introspection_c.dir/rosidl_typesupport_introspection_c/turtlesim/action/detail/rotate_absolute__type_support.c.o[0m
[4.566s] [ 37%] [32m[1mLinking CXX shared library libturtlesim__rosidl_typesupport_c.so[0m
[4.590s] [ 38%] [32mBuilding CXX object CMakeFiles/turtlesim__rosidl_typesupport_fastrtps_c.dir/rosidl_typesupport_fastrtps_c/turtlesim/action/detail/rotate_absolute__type_support_c.cpp.o[0m
[4.645s] [ 39%] [32mBuilding C object CMakeFiles/turtlesim__rosidl_typesupport_introspection_c.dir/rosidl_typesupport_introspection_c/turtlesim/msg/detail/color__type_support.c.o[0m
[4.653s] [ 39%] Built target turtlesim__rosidl_typesupport_c
[4.664s] [ 40%] [32mBuilding C object CMakeFiles/turtlesim__rosidl_typesupport_introspection_c.dir/rosidl_typesupport_introspection_c/turtlesim/msg/detail/pose__type_support.c.o[0m
[4.666s] [ 41%] [32mBuilding C object CMakeFiles/turtlesim__rosidl_typesupport_introspection_c.dir/rosidl_typesupport_introspection_c/turtlesim/srv/detail/kill__type_support.c.o[0m
[4.667s] [ 42%] [32mBuilding CXX object CMakeFiles/turtlesim__rosidl_typesupport_cpp.dir/rosidl_typesupport_cpp/turtlesim/srv/teleport_absolute__type_support.cpp.o[0m
[4.715s] [ 43%] [32mBuilding CXX object CMakeFiles/turtlesim__rosidl_typesupport_introspection_cpp.dir/rosidl_typesupport_introspection_cpp/turtlesim/msg/detail/color__type_support.cpp.o[0m
[4.716s] [ 44%] [32mBuilding CXX object CMakeFiles/turtlesim__rosidl_typesupport_introspection_cpp.dir/rosidl_typesupport_introspection_cpp/turtlesim/msg/detail/pose__type_support.cpp.o[0m
[4.735s] [ 45%] [32mBuilding C object CMakeFiles/turtlesim__rosidl_typesupport_introspection_c.dir/rosidl_typesupport_introspection_c/turtlesim/srv/detail/set_pen__type_support.c.o[0m
[4.785s] [ 46%] [32mBuilding CXX object CMakeFiles/turtlesim__rosidl_typesupport_introspection_cpp.dir/rosidl_typesupport_introspection_cpp/turtlesim/srv/detail/kill__type_support.cpp.o[0m
[4.818s] [ 47%] [32mBuilding C object CMakeFiles/turtlesim__rosidl_typesupport_introspection_c.dir/rosidl_typesupport_introspection_c/turtlesim/srv/detail/spawn__type_support.c.o[0m
[4.895s] [ 48%] [32mBuilding C object CMakeFiles/turtlesim__rosidl_typesupport_introspection_c.dir/rosidl_typesupport_introspection_c/turtlesim/srv/detail/teleport_absolute__type_support.c.o[0m
[4.927s] [ 49%] [32mBuilding CXX object CMakeFiles/turtlesim__rosidl_typesupport_fastrtps_cpp.dir/rosidl_typesupport_fastrtps_cpp/turtlesim/srv/detail/dds_fastrtps/kill__type_support.cpp.o[0m
[4.938s] [ 50%] [32mBuilding CXX object CMakeFiles/turtlesim__rosidl_typesupport_fastrtps_cpp.dir/rosidl_typesupport_fastrtps_cpp/turtlesim/srv/detail/dds_fastrtps/set_pen__type_support.cpp.o[0m
[4.987s] [ 51%] [32mBuilding C object CMakeFiles/turtlesim__rosidl_typesupport_introspection_c.dir/rosidl_typesupport_introspection_c/turtlesim/srv/detail/teleport_relative__type_support.c.o[0m
[5.055s] [ 52%] [32m[1mLinking C shared library libturtlesim__rosidl_typesupport_introspection_c.so[0m
[5.070s] [ 53%] [32mBuilding CXX object CMakeFiles/turtlesim__rosidl_typesupport_cpp.dir/rosidl_typesupport_cpp/turtlesim/srv/teleport_relative__type_support.cpp.o[0m
[5.118s] [ 53%] Built target turtlesim__rosidl_typesupport_introspection_c
[5.130s] [ 54%] [32mBuilding CXX object CMakeFiles/turtlesim__rosidl_typesupport_introspection_cpp.dir/rosidl_typesupport_introspection_cpp/turtlesim/srv/detail/set_pen__type_support.cpp.o[0m
[5.144s] [ 55%] [32mBuilding CXX object CMakeFiles/turtlesim__rosidl_typesupport_fastrtps_c.dir/rosidl_typesupport_fastrtps_c/turtlesim/msg/detail/color__type_support_c.cpp.o[0m
[5.268s] [ 56%] [32mBuilding CXX object CMakeFiles/turtlesim__rosidl_typesupport_introspection_cpp.dir/rosidl_typesupport_introspection_cpp/turtlesim/srv/detail/spawn__type_support.cpp.o[0m
[5.315s] [ 57%] [32mBuilding CXX object CMakeFiles/turtlesim__rosidl_typesupport_introspection_cpp.dir/rosidl_typesupport_introspection_cpp/turtlesim/srv/detail/teleport_absolute__type_support.cpp.o[0m
[5.363s] [ 58%] [32mBuilding CXX object CMakeFiles/turtlesim__rosidl_typesupport_introspection_cpp.dir/rosidl_typesupport_introspection_cpp/turtlesim/srv/detail/teleport_relative__type_support.cpp.o[0m
[5.496s] [ 59%] [32m[1mLinking CXX shared library libturtlesim__rosidl_typesupport_cpp.so[0m
[5.501s] [ 60%] [32mBuilding CXX object CMakeFiles/turtlesim__rosidl_typesupport_fastrtps_cpp.dir/rosidl_typesupport_fastrtps_cpp/turtlesim/srv/detail/dds_fastrtps/spawn__type_support.cpp.o[0m
[5.567s] [ 61%] [32mBuilding CXX object CMakeFiles/turtlesim__rosidl_typesupport_fastrtps_cpp.dir/rosidl_typesupport_fastrtps_cpp/turtlesim/srv/detail/dds_fastrtps/teleport_absolute__type_support.cpp.o[0m
[5.582s] [ 61%] Built target turtlesim__rosidl_typesupport_cpp
[5.596s] [ 62%] [34m[1mGenerating include/turtlesim/moc_turtle_frame.cpp[0m
[5.626s] [ 63%] [32mBuilding CXX object CMakeFiles/turtlesim__rosidl_typesupport_fastrtps_c.dir/rosidl_typesupport_fastrtps_c/turtlesim/msg/detail/pose__type_support_c.cpp.o[0m
[5.686s] [ 64%] [32mBuilding CXX object CMakeFiles/turtlesim__rosidl_typesupport_fastrtps_c.dir/rosidl_typesupport_fastrtps_c/turtlesim/srv/detail/kill__type_support_c.cpp.o[0m
[5.690s] [ 65%] [32mBuilding CXX object CMakeFiles/turtlesim_node.dir/src/turtlesim.cpp.o[0m
[5.848s] [ 66%] [32mBuilding CXX object CMakeFiles/turtlesim_node.dir/src/turtle.cpp.o[0m
[5.900s] [ 67%] [32mBuilding CXX object CMakeFiles/turtlesim__rosidl_typesupport_fastrtps_c.dir/rosidl_typesupport_fastrtps_c/turtlesim/srv/detail/set_pen__type_support_c.cpp.o[0m
[5.972s] [ 68%] [32m[1mLinking CXX shared library libturtlesim__rosidl_typesupport_introspection_cpp.so[0m
[6.126s] [ 68%] Built target turtlesim__rosidl_typesupport_introspection_cpp
[6.131s] [ 69%] [32mBuilding CXX object CMakeFiles/turtle_teleop_key.dir/tutorials/teleop_turtle_key.cpp.o[0m
[6.135s] [ 70%] [32mBuilding CXX object CMakeFiles/turtlesim__rosidl_typesupport_fastrtps_c.dir/rosidl_typesupport_fastrtps_c/turtlesim/srv/detail/spawn__type_support_c.cpp.o[0m
[6.162s] [ 71%] [32mBuilding CXX object CMakeFiles/draw_square.dir/tutorials/draw_square.cpp.o[0m
[6.172s] [ 72%] [32mBuilding CXX object CMakeFiles/turtlesim__rosidl_typesupport_fastrtps_cpp.dir/rosidl_typesupport_fastrtps_cpp/turtlesim/srv/detail/dds_fastrtps/teleport_relative__type_support.cpp.o[0m
[6.219s] [ 73%] [32mBuilding CXX object CMakeFiles/turtlesim__rosidl_typesupport_fastrtps_c.dir/rosidl_typesupport_fastrtps_c/turtlesim/srv/detail/teleport_absolute__type_support_c.cpp.o[0m
[6.444s] [ 74%] [32mBuilding CXX object CMakeFiles/turtlesim__rosidl_typesupport_fastrtps_c.dir/rosidl_typesupport_fastrtps_c/turtlesim/srv/detail/teleport_relative__type_support_c.cpp.o[0m
[6.690s] [ 75%] [32mBuilding CXX object CMakeFiles/mimic.dir/tutorials/mimic.cpp.o[0m
[6.763s] [ 76%] [32m[1mLinking CXX shared library libturtlesim__rosidl_typesupport_fastrtps_cpp.so[0m
[6.766s] [ 77%] [32mBuilding CXX object CMakeFiles/turtlesim_node.dir/src/turtle_frame.cpp.o[0m
[6.908s] [ 77%] Built target turtlesim__rosidl_typesupport_fastrtps_cpp
[6.921s] [ 78%] [32mBuilding CXX object CMakeFiles/turtlesim_node.dir/include/turtlesim/moc_turtle_frame.cpp.o[0m
[6.961s] [ 79%] [32m[1mLinking CXX shared library libturtlesim__rosidl_typesupport_fastrtps_c.so[0m
[7.097s] [ 79%] Built target turtlesim__rosidl_typesupport_fastrtps_c
[7.125s] [ 79%] Built target turtlesim
[7.158s] [ 80%] [34m[1mGenerating Python code for ROS interfaces[0m
[10.340s] [ 80%] Built target turtlesim__py
[10.370s] [ 81%] [32mBuilding C object CMakeFiles/turtlesim__rosidl_generator_py.dir/rosidl_generator_py/turtlesim/action/_rotate_absolute_s.c.o[0m
[10.587s] [ 82%] [32mBuilding C object CMakeFiles/turtlesim__rosidl_generator_py.dir/rosidl_generator_py/turtlesim/msg/_color_s.c.o[0m
[10.747s] [ 83%] [32mBuilding C object CMakeFiles/turtlesim__rosidl_generator_py.dir/rosidl_generator_py/turtlesim/msg/_pose_s.c.o[0m
[10.910s] [ 84%] [32mBuilding C object CMakeFiles/turtlesim__rosidl_generator_py.dir/rosidl_generator_py/turtlesim/srv/_kill_s.c.o[0m
[11.086s] [ 85%] [32mBuilding C object CMakeFiles/turtlesim__rosidl_generator_py.dir/rosidl_generator_py/turtlesim/srv/_set_pen_s.c.o[0m
[11.274s] [ 86%] [32mBuilding C object CMakeFiles/turtlesim__rosidl_generator_py.dir/rosidl_generator_py/turtlesim/srv/_spawn_s.c.o[0m
[11.538s] [ 87%] [32mBuilding C object CMakeFiles/turtlesim__rosidl_generator_py.dir/rosidl_generator_py/turtlesim/srv/_teleport_absolute_s.c.o[0m
[11.769s] [ 88%] [32mBuilding C object CMakeFiles/turtlesim__rosidl_generator_py.dir/rosidl_generator_py/turtlesim/srv/_teleport_relative_s.c.o[0m
[11.988s] [ 89%] [32m[1mLinking C shared library rosidl_generator_py/turtlesim/libturtlesim__rosidl_generator_py.so[0m
[12.051s] [ 89%] Built target turtlesim__rosidl_generator_py
[12.089s] [ 90%] [32mBuilding C object CMakeFiles/turtlesim__rosidl_typesupport_fastrtps_c__pyext.dir/rosidl_generator_py/turtlesim/_turtlesim_s.ep.rosidl_typesupport_fastrtps_c.c.o[0m
[12.322s] [ 91%] [32m[1mLinking C shared library rosidl_generator_py/turtlesim/turtlesim_s__rosidl_typesupport_fastrtps_c.cpython-310-x86_64-linux-gnu.so[0m
[12.383s] [ 91%] Built target turtlesim__rosidl_typesupport_fastrtps_c__pyext
[12.411s] [ 92%] [32mBuilding C object CMakeFiles/turtlesim__rosidl_typesupport_introspection_c__pyext.dir/rosidl_generator_py/turtlesim/_turtlesim_s.ep.rosidl_typesupport_introspection_c.c.o[0m
[12.417s] [ 93%] [32mBuilding C object CMakeFiles/turtlesim__rosidl_typesupport_c__pyext.dir/rosidl_generator_py/turtlesim/_turtlesim_s.ep.rosidl_typesupport_c.c.o[0m
[12.640s] [ 94%] [32m[1mLinking C shared library rosidl_generator_py/turtlesim/turtlesim_s__rosidl_typesupport_introspection_c.cpython-310-x86_64-linux-gnu.so[0m
[12.690s] [ 95%] [32m[1mLinking C shared library rosidl_generator_py/turtlesim/turtlesim_s__rosidl_typesupport_c.cpython-310-x86_64-linux-gnu.so[0m
[12.694s] [ 95%] Built target turtlesim__rosidl_typesupport_introspection_c__pyext
[12.748s] [ 95%] Built target turtlesim__rosidl_typesupport_c__pyext
[15.030s] [ 96%] [32m[1mLinking CXX executable turtle_teleop_key[0m
[15.300s] [ 96%] Built target turtle_teleop_key
[20.028s] [ 97%] [32m[1mLinking CXX executable draw_square[0m
[20.127s] [ 98%] [32m[1mLinking CXX executable mimic[0m
[20.585s] [ 98%] Built target draw_square
[20.621s] [ 98%] Built target mimic
[24.800s] [100%] [32m[1mLinking CXX executable turtlesim_node[0m
[27.219s] [100%] Built target turtlesim_node
[27.249s] Invoked command in '/home/gabriellemitoso/modulo6-engcomp/ponderada-semana7/meu_workspace/build/turtlesim' returned '0': CMAKE_PREFIX_PATH=${CMAKE_PREFIX_PATH}:/opt/ros/humble /usr/bin/cmake --build /home/gabriellemitoso/modulo6-engcomp/ponderada-semana7/meu_workspace/build/turtlesim -- -j8 -l8
[27.413s] Invoking command in '/home/gabriellemitoso/modulo6-engcomp/ponderada-semana7/meu_workspace/build/turtlesim': CMAKE_PREFIX_PATH=${CMAKE_PREFIX_PATH}:/opt/ros/humble /usr/bin/cmake --install /home/gabriellemitoso/modulo6-engcomp/ponderada-semana7/meu_workspace/build/turtlesim
[27.420s] -- Install configuration: ""
[27.420s] -- Installing: /home/gabriellemitoso/modulo6-engcomp/ponderada-semana7/meu_workspace/install/turtlesim/share/ament_index/resource_index/rosidl_interfaces/turtlesim
[27.420s] -- Installing: /home/gabriellemitoso/modulo6-engcomp/ponderada-semana7/meu_workspace/install/turtlesim/include/turtlesim/turtlesim
[27.420s] -- Installing: /home/gabriellemitoso/modulo6-engcomp/ponderada-semana7/meu_workspace/install/turtlesim/include/turtlesim/turtlesim/action
[27.420s] -- Installing: /home/gabriellemitoso/modulo6-engcomp/ponderada-semana7/meu_workspace/install/turtlesim/include/turtlesim/turtlesim/action/detail
[27.420s] -- Installing: /home/gabriellemitoso/modulo6-engcomp/ponderada-semana7/meu_workspace/install/turtlesim/include/turtlesim/turtlesim/action/detail/rotate_absolute__functions.c
[27.420s] -- Installing: /home/gabriellemitoso/modulo6-engcomp/ponderada-semana7/meu_workspace/install/turtlesim/include/turtlesim/turtlesim/action/detail/rotate_absolute__type_support.h
[27.420s] -- Installing: /home/gabriellemitoso/modulo6-engcomp/ponderada-semana7/meu_workspace/install/turtlesim/include/turtlesim/turtlesim/action/detail/rotate_absolute__struct.h
[27.420s] -- Installing: /home/gabriellemitoso/modulo6-engcomp/ponderada-semana7/meu_workspace/install/turtlesim/include/turtlesim/turtlesim/action/detail/rotate_absolute__functions.h
[27.421s] -- Installing: /home/gabriellemitoso/modulo6-engcomp/ponderada-semana7/meu_workspace/install/turtlesim/include/turtlesim/turtlesim/action/rotate_absolute.h
[27.421s] -- Installing: /home/gabriellemitoso/modulo6-engcomp/ponderada-semana7/meu_workspace/install/turtlesim/include/turtlesim/turtlesim/msg
[27.421s] -- Installing: /home/gabriellemitoso/modulo6-engcomp/ponderada-semana7/meu_workspace/install/turtlesim/include/turtlesim/turtlesim/msg/detail
[27.421s] -- Installing: /home/gabriellemitoso/modulo6-engcomp/ponderada-semana7/meu_workspace/install/turtlesim/include/turtlesim/turtlesim/msg/detail/color__functions.c
[27.421s] -- Installing: /home/gabriellemitoso/modulo6-engcomp/ponderada-semana7/meu_workspace/install/turtlesim/include/turtlesim/turtlesim/msg/detail/color__functions.h
[27.421s] -- Installing: /home/gabriellemitoso/modulo6-engcomp/ponderada-semana7/meu_workspace/install/turtlesim/include/turtlesim/turtlesim/msg/detail/pose__type_support.h
[27.421s] -- Installing: /home/gabriellemitoso/modulo6-engcomp/ponderada-semana7/meu_workspace/install/turtlesim/include/turtlesim/turtlesim/msg/detail/pose__functions.c
[27.421s] -- Installing: /home/gabriellemitoso/modulo6-engcomp/ponderada-semana7/meu_workspace/install/turtlesim/include/turtlesim/turtlesim/msg/detail/pose__struct.h
[27.421s] -- Installing: /home/gabriellemitoso/modulo6-engcomp/ponderada-semana7/meu_workspace/install/turtlesim/include/turtlesim/turtlesim/msg/detail/pose__functions.h
[27.422s] -- Installing: /home/gabriellemitoso/modulo6-engcomp/ponderada-semana7/meu_workspace/install/turtlesim/include/turtlesim/turtlesim/msg/detail/color__type_support.h
[27.422s] -- Installing: /home/gabriellemitoso/modulo6-engcomp/ponderada-semana7/meu_workspace/install/turtlesim/include/turtlesim/turtlesim/msg/detail/color__struct.h
[27.422s] -- Installing: /home/gabriellemitoso/modulo6-engcomp/ponderada-semana7/meu_workspace/install/turtlesim/include/turtlesim/turtlesim/msg/color.h
[27.422s] -- Installing: /home/gabriellemitoso/modulo6-engcomp/ponderada-semana7/meu_workspace/install/turtlesim/include/turtlesim/turtlesim/msg/rosidl_generator_c__visibility_control.h
[27.422s] -- Installing: /home/gabriellemitoso/modulo6-engcomp/ponderada-semana7/meu_workspace/install/turtlesim/include/turtlesim/turtlesim/msg/pose.h
[27.422s] -- Installing: /home/gabriellemitoso/modulo6-engcomp/ponderada-semana7/meu_workspace/install/turtlesim/include/turtlesim/turtlesim/srv
[27.422s] -- Installing: /home/gabriellemitoso/modulo6-engcomp/ponderada-semana7/meu_workspace/install/turtlesim/include/turtlesim/turtlesim/srv/detail
[27.422s] -- Installing: /home/gabriellemitoso/modulo6-engcomp/ponderada-semana7/meu_workspace/install/turtlesim/include/turtlesim/turtlesim/srv/detail/spawn__functions.h
[27.422s] -- Installing: /home/gabriellemitoso/modulo6-engcomp/ponderada-semana7/meu_workspace/install/turtlesim/include/turtlesim/turtlesim/srv/detail/teleport_relative__functions.h
[27.422s] -- Installing: /home/gabriellemitoso/modulo6-engcomp/ponderada-semana7/meu_workspace/install/turtlesim/include/turtlesim/turtlesim/srv/detail/teleport_absolute__functions.h
[27.422s] -- Installing: /home/gabriellemitoso/modulo6-engcomp/ponderada-semana7/meu_workspace/install/turtlesim/include/turtlesim/turtlesim/srv/detail/teleport_absolute__functions.c
[27.422s] -- Installing: /home/gabriellemitoso/modulo6-engcomp/ponderada-semana7/meu_workspace/install/turtlesim/include/turtlesim/turtlesim/srv/detail/teleport_relative__struct.h
[27.423s] -- Installing: /home/gabriellemitoso/modulo6-engcomp/ponderada-semana7/meu_workspace/install/turtlesim/include/turtlesim/turtlesim/srv/detail/set_pen__functions.c
[27.423s] -- Installing: /home/gabriellemitoso/modulo6-engcomp/ponderada-semana7/meu_workspace/install/turtlesim/include/turtlesim/turtlesim/srv/detail/set_pen__functions.h
[27.423s] -- Installing: /home/gabriellemitoso/modulo6-engcomp/ponderada-semana7/meu_workspace/install/turtlesim/include/turtlesim/turtlesim/srv/detail/kill__functions.h
[27.423s] -- Installing: /home/gabriellemitoso/modulo6-engcomp/ponderada-semana7/meu_workspace/install/turtlesim/include/turtlesim/turtlesim/srv/detail/kill__struct.h
[27.423s] -- Installing: /home/gabriellemitoso/modulo6-engcomp/ponderada-semana7/meu_workspace/install/turtlesim/include/turtlesim/turtlesim/srv/detail/spawn__struct.h
[27.423s] -- Installing: /home/gabriellemitoso/modulo6-engcomp/ponderada-semana7/meu_workspace/install/turtlesim/include/turtlesim/turtlesim/srv/detail/kill__functions.c
[27.423s] -- Installing: /home/gabriellemitoso/modulo6-engcomp/ponderada-semana7/meu_workspace/install/turtlesim/include/turtlesim/turtlesim/srv/detail/set_pen__type_support.h
[27.423s] -- Installing: /home/gabriellemitoso/modulo6-engcomp/ponderada-semana7/meu_workspace/install/turtlesim/include/turtlesim/turtlesim/srv/detail/teleport_absolute__type_support.h
[27.423s] -- Installing: /home/gabriellemitoso/modulo6-engcomp/ponderada-semana7/meu_workspace/install/turtlesim/include/turtlesim/turtlesim/srv/detail/teleport_relative__type_support.h
[27.424s] -- Installing: /home/gabriellemitoso/modulo6-engcomp/ponderada-semana7/meu_workspace/install/turtlesim/include/turtlesim/turtlesim/srv/detail/kill__type_support.h
[27.424s] -- Installing: /home/gabriellemitoso/modulo6-engcomp/ponderada-semana7/meu_workspace/install/turtlesim/include/turtlesim/turtlesim/srv/detail/set_pen__struct.h
[27.424s] -- Installing: /home/gabriellemitoso/modulo6-engcomp/ponderada-semana7/meu_workspace/install/turtlesim/include/turtlesim/turtlesim/srv/detail/spawn__type_support.h
[27.424s] -- Installing: /home/gabriellemitoso/modulo6-engcomp/ponderada-semana7/meu_workspace/install/turtlesim/include/turtlesim/turtlesim/srv/detail/spawn__functions.c
[27.424s] -- Installing: /home/gabriellemitoso/modulo6-engcomp/ponderada-semana7/meu_workspace/install/turtlesim/include/turtlesim/turtlesim/srv/detail/teleport_absolute__struct.h
[27.424s] -- Installing: /home/gabriellemitoso/modulo6-engcomp/ponderada-semana7/meu_workspace/install/turtlesim/include/turtlesim/turtlesim/srv/detail/teleport_relative__functions.c
[27.424s] -- Installing: /home/gabriellemitoso/modulo6-engcomp/ponderada-semana7/meu_workspace/install/turtlesim/include/turtlesim/turtlesim/srv/kill.h
[27.424s] -- Installing: /home/gabriellemitoso/modulo6-engcomp/ponderada-semana7/meu_workspace/install/turtlesim/include/turtlesim/turtlesim/srv/spawn.h
[27.424s] -- Installing: /home/gabriellemitoso/modulo6-engcomp/ponderada-semana7/meu_workspace/install/turtlesim/include/turtlesim/turtlesim/srv/teleport_relative.h
[27.424s] -- Installing: /home/gabriellemitoso/modulo6-engcomp/ponderada-semana7/meu_workspace/install/turtlesim/include/turtlesim/turtlesim/srv/teleport_absolute.h
[27.424s] -- Installing: /home/gabriellemitoso/modulo6-engcomp/ponderada-semana7/meu_workspace/install/turtlesim/include/turtlesim/turtlesim/srv/set_pen.h
[27.425s] -- Installing: /home/gabriellemitoso/modulo6-engcomp/ponderada-semana7/meu_workspace/install/turtlesim/share/turtlesim/environment/library_path.sh
[27.425s] -- Installing: /home/gabriellemitoso/modulo6-engcomp/ponderada-semana7/meu_workspace/install/turtlesim/share/turtlesim/environment/library_path.dsv
[27.425s] -- Installing: /home/gabriellemitoso/modulo6-engcomp/ponderada-semana7/meu_workspace/install/turtlesim/lib/libturtlesim__rosidl_generator_c.so
[27.425s] -- Set runtime path of "/home/gabriellemitoso/modulo6-engcomp/ponderada-semana7/meu_workspace/install/turtlesim/lib/libturtlesim__rosidl_generator_c.so" to ""
[27.425s] -- Up-to-date: /home/gabriellemitoso/modulo6-engcomp/ponderada-semana7/meu_workspace/install/turtlesim/include/turtlesim/turtlesim
[27.425s] -- Up-to-date: /home/gabriellemitoso/modulo6-engcomp/ponderada-semana7/meu_workspace/install/turtlesim/include/turtlesim/turtlesim/action
[27.425s] -- Up-to-date: /home/gabriellemitoso/modulo6-engcomp/ponderada-semana7/meu_workspace/install/turtlesim/include/turtlesim/turtlesim/action/detail
[27.426s] -- Installing: /home/gabriellemitoso/modulo6-engcomp/ponderada-semana7/meu_workspace/install/turtlesim/include/turtlesim/turtlesim/action/detail/rotate_absolute__rosidl_typesupport_fastrtps_c.h
[27.426s] -- Up-to-date: /home/gabriellemitoso/modulo6-engcomp/ponderada-semana7/meu_workspace/install/turtlesim/include/turtlesim/turtlesim/msg
[27.426s] -- Up-to-date: /home/gabriellemitoso/modulo6-engcomp/ponderada-semana7/meu_workspace/install/turtlesim/include/turtlesim/turtlesim/msg/detail
[27.426s] -- Installing: /home/gabriellemitoso/modulo6-engcomp/ponderada-semana7/meu_workspace/install/turtlesim/include/turtlesim/turtlesim/msg/detail/color__rosidl_typesupport_fastrtps_c.h
[27.426s] -- Installing: /home/gabriellemitoso/modulo6-engcomp/ponderada-semana7/meu_workspace/install/turtlesim/include/turtlesim/turtlesim/msg/detail/pose__rosidl_typesupport_fastrtps_c.h
[27.426s] -- Installing: /home/gabriellemitoso/modulo6-engcomp/ponderada-semana7/meu_workspace/install/turtlesim/include/turtlesim/turtlesim/msg/rosidl_typesupport_fastrtps_c__visibility_control.h
[27.426s] -- Up-to-date: /home/gabriellemitoso/modulo6-engcomp/ponderada-semana7/meu_workspace/install/turtlesim/include/turtlesim/turtlesim/srv
[27.426s] -- Up-to-date: /home/gabriellemitoso/modulo6-engcomp/ponderada-semana7/meu_workspace/install/turtlesim/include/turtlesim/turtlesim/srv/detail
[27.426s] -- Installing: /home/gabriellemitoso/modulo6-engcomp/ponderada-semana7/meu_workspace/install/turtlesim/include/turtlesim/turtlesim/srv/detail/kill__rosidl_typesupport_fastrtps_c.h
[27.426s] -- Installing: /home/gabriellemitoso/modulo6-engcomp/ponderada-semana7/meu_workspace/install/turtlesim/include/turtlesim/turtlesim/srv/detail/teleport_relative__rosidl_typesupport_fastrtps_c.h
[27.426s] -- Installing: /home/gabriellemitoso/modulo6-engcomp/ponderada-semana7/meu_workspace/install/turtlesim/include/turtlesim/turtlesim/srv/detail/set_pen__rosidl_typesupport_fastrtps_c.h
[27.426s] -- Installing: /home/gabriellemitoso/modulo6-engcomp/ponderada-semana7/meu_workspace/install/turtlesim/include/turtlesim/turtlesim/srv/detail/spawn__rosidl_typesupport_fastrtps_c.h
[27.426s] -- Installing: /home/gabriellemitoso/modulo6-engcomp/ponderada-semana7/meu_workspace/install/turtlesim/include/turtlesim/turtlesim/srv/detail/teleport_absolute__rosidl_typesupport_fastrtps_c.h
[27.426s] -- Installing: /home/gabriellemitoso/modulo6-engcomp/ponderada-semana7/meu_workspace/install/turtlesim/lib/libturtlesim__rosidl_typesupport_fastrtps_c.so
[27.427s] -- Set runtime path of "/home/gabriellemitoso/modulo6-engcomp/ponderada-semana7/meu_workspace/install/turtlesim/lib/libturtlesim__rosidl_typesupport_fastrtps_c.so" to ""
[27.428s] -- Up-to-date: /home/gabriellemitoso/modulo6-engcomp/ponderada-semana7/meu_workspace/install/turtlesim/include/turtlesim/turtlesim
[27.428s] -- Up-to-date: /home/gabriellemitoso/modulo6-engcomp/ponderada-semana7/meu_workspace/install/turtlesim/include/turtlesim/turtlesim/action
[27.428s] -- Up-to-date: /home/gabriellemitoso/modulo6-engcomp/ponderada-semana7/meu_workspace/install/turtlesim/include/turtlesim/turtlesim/action/detail
[27.428s] -- Installing: /home/gabriellemitoso/modulo6-engcomp/ponderada-semana7/meu_workspace/install/turtlesim/include/turtlesim/turtlesim/action/detail/rotate_absolute__traits.hpp
[27.428s] -- Installing: /home/gabriellemitoso/modulo6-engcomp/ponderada-semana7/meu_workspace/install/turtlesim/include/turtlesim/turtlesim/action/detail/rotate_absolute__struct.hpp
[27.428s] -- Installing: /home/gabriellemitoso/modulo6-engcomp/ponderada-semana7/meu_workspace/install/turtlesim/include/turtlesim/turtlesim/action/detail/rotate_absolute__builder.hpp
[27.428s] -- Installing: /home/gabriellemitoso/modulo6-engcomp/ponderada-semana7/meu_workspace/install/turtlesim/include/turtlesim/turtlesim/action/rotate_absolute.hpp
[27.428s] -- Up-to-date: /home/gabriellemitoso/modulo6-engcomp/ponderada-semana7/meu_workspace/install/turtlesim/include/turtlesim/turtlesim/msg
[27.428s] -- Up-to-date: /home/gabriellemitoso/modulo6-engcomp/ponderada-semana7/meu_workspace/install/turtlesim/include/turtlesim/turtlesim/msg/detail
[27.428s] -- Installing: /home/gabriellemitoso/modulo6-engcomp/ponderada-semana7/meu_workspace/install/turtlesim/include/turtlesim/turtlesim/msg/detail/color__traits.hpp
[27.428s] -- Installing: /home/gabriellemitoso/modulo6-engcomp/ponderada-semana7/meu_workspace/install/turtlesim/include/turtlesim/turtlesim/msg/detail/color__struct.hpp
[27.428s] -- Installing: /home/gabriellemitoso/modulo6-engcomp/ponderada-semana7/meu_workspace/install/turtlesim/include/turtlesim/turtlesim/msg/detail/pose__struct.hpp
[27.428s] -- Installing: /home/gabriellemitoso/modulo6-engcomp/ponderada-semana7/meu_workspace/install/turtlesim/include/turtlesim/turtlesim/msg/detail/pose__traits.hpp
[27.429s] -- Installing: /home/gabriellemitoso/modulo6-engcomp/ponderada-semana7/meu_workspace/install/turtlesim/include/turtlesim/turtlesim/msg/detail/pose__builder.hpp
[27.429s] -- Installing: /home/gabriellemitoso/modulo6-engcomp/ponderada-semana7/meu_workspace/install/turtlesim/include/turtlesim/turtlesim/msg/detail/color__builder.hpp
[27.429s] -- Installing: /home/gabriellemitoso/modulo6-engcomp/ponderada-semana7/meu_workspace/install/turtlesim/include/turtlesim/turtlesim/msg/color.hpp
[27.429s] -- Installing: /home/gabriellemitoso/modulo6-engcomp/ponderada-semana7/meu_workspace/install/turtlesim/include/turtlesim/turtlesim/msg/pose.hpp
[27.429s] -- Up-to-date: /home/gabriellemitoso/modulo6-engcomp/ponderada-semana7/meu_workspace/install/turtlesim/include/turtlesim/turtlesim/srv
[27.429s] -- Up-to-date: /home/gabriellemitoso/modulo6-engcomp/ponderada-semana7/meu_workspace/install/turtlesim/include/turtlesim/turtlesim/srv/detail
[27.429s] -- Installing: /home/gabriellemitoso/modulo6-engcomp/ponderada-semana7/meu_workspace/install/turtlesim/include/turtlesim/turtlesim/srv/detail/spawn__struct.hpp
[27.429s] -- Installing: /home/gabriellemitoso/modulo6-engcomp/ponderada-semana7/meu_workspace/install/turtlesim/include/turtlesim/turtlesim/srv/detail/teleport_absolute__struct.hpp
[27.429s] -- Installing: /home/gabriellemitoso/modulo6-engcomp/ponderada-semana7/meu_workspace/install/turtlesim/include/turtlesim/turtlesim/srv/detail/set_pen__struct.hpp
[27.429s] -- Installing: /home/gabriellemitoso/modulo6-engcomp/ponderada-semana7/meu_workspace/install/turtlesim/include/turtlesim/turtlesim/srv/detail/spawn__builder.hpp
[27.429s] -- Installing: /home/gabriellemitoso/modulo6-engcomp/ponderada-semana7/meu_workspace/install/turtlesim/include/turtlesim/turtlesim/srv/detail/teleport_absolute__traits.hpp
[27.429s] -- Installing: /home/gabriellemitoso/modulo6-engcomp/ponderada-semana7/meu_workspace/install/turtlesim/include/turtlesim/turtlesim/srv/detail/teleport_relative__traits.hpp
[27.429s] -- Installing: /home/gabriellemitoso/modulo6-engcomp/ponderada-semana7/meu_workspace/install/turtlesim/include/turtlesim/turtlesim/srv/detail/kill__traits.hpp
[27.429s] -- Installing: /home/gabriellemitoso/modulo6-engcomp/ponderada-semana7/meu_workspace/install/turtlesim/include/turtlesim/turtlesim/srv/detail/set_pen__traits.hpp
[27.430s] -- Installing: /home/gabriellemitoso/modulo6-engcomp/ponderada-semana7/meu_workspace/install/turtlesim/include/turtlesim/turtlesim/srv/detail/kill__builder.hpp
[27.430s] -- Installing: /home/gabriellemitoso/modulo6-engcomp/ponderada-semana7/meu_workspace/install/turtlesim/include/turtlesim/turtlesim/srv/detail/teleport_relative__builder.hpp
[27.430s] -- Installing: /home/gabriellemitoso/modulo6-engcomp/ponderada-semana7/meu_workspace/install/turtlesim/include/turtlesim/turtlesim/srv/detail/spawn__traits.hpp
[27.430s] -- Installing: /home/gabriellemitoso/modulo6-engcomp/ponderada-semana7/meu_workspace/install/turtlesim/include/turtlesim/turtlesim/srv/detail/set_pen__builder.hpp
[27.430s] -- Installing: /home/gabriellemitoso/modulo6-engcomp/ponderada-semana7/meu_workspace/install/turtlesim/include/turtlesim/turtlesim/srv/detail/kill__struct.hpp
[27.430s] -- Installing: /home/gabriellemitoso/modulo6-engcomp/ponderada-semana7/meu_workspace/install/turtlesim/include/turtlesim/turtlesim/srv/detail/teleport_relative__struct.hpp
[27.430s] -- Installing: /home/gabriellemitoso/modulo6-engcomp/ponderada-semana7/meu_workspace/install/turtlesim/include/turtlesim/turtlesim/srv/detail/teleport_absolute__builder.hpp
[27.430s] -- Installing: /home/gabriellemitoso/modulo6-engcomp/ponderada-semana7/meu_workspace/install/turtlesim/include/turtlesim/turtlesim/srv/kill.hpp
[27.430s] -- Installing: /home/gabriellemitoso/modulo6-engcomp/ponderada-semana7/meu_workspace/install/turtlesim/include/turtlesim/turtlesim/srv/teleport_relative.hpp
[27.430s] -- Installing: /home/gabriellemitoso/modulo6-engcomp/ponderada-semana7/meu_workspace/install/turtlesim/include/turtlesim/turtlesim/srv/spawn.hpp
[27.430s] -- Installing: /home/gabriellemitoso/modulo6-engcomp/ponderada-semana7/meu_workspace/install/turtlesim/include/turtlesim/turtlesim/srv/set_pen.hpp
[27.431s] -- Installing: /home/gabriellemitoso/modulo6-engcomp/ponderada-semana7/meu_workspace/install/turtlesim/include/turtlesim/turtlesim/srv/teleport_absolute.hpp
[27.431s] -- Up-to-date: /home/gabriellemitoso/modulo6-engcomp/ponderada-semana7/meu_workspace/install/turtlesim/include/turtlesim/turtlesim
[27.431s] -- Up-to-date: /home/gabriellemitoso/modulo6-engcomp/ponderada-semana7/meu_workspace/install/turtlesim/include/turtlesim/turtlesim/action
[27.431s] -- Up-to-date: /home/gabriellemitoso/modulo6-engcomp/ponderada-semana7/meu_workspace/install/turtlesim/include/turtlesim/turtlesim/action/detail
[27.431s] -- Installing: /home/gabriellemitoso/modulo6-engcomp/ponderada-semana7/meu_workspace/install/turtlesim/include/turtlesim/turtlesim/action/detail/dds_fastrtps
[27.431s] -- Installing: /home/gabriellemitoso/modulo6-engcomp/ponderada-semana7/meu_workspace/install/turtlesim/include/turtlesim/turtlesim/action/detail/rotate_absolute__rosidl_typesupport_fastrtps_cpp.hpp
[27.431s] -- Up-to-date: /home/gabriellemitoso/modulo6-engcomp/ponderada-semana7/meu_workspace/install/turtlesim/include/turtlesim/turtlesim/msg
[27.431s] -- Up-to-date: /home/gabriellemitoso/modulo6-engcomp/ponderada-semana7/meu_workspace/install/turtlesim/include/turtlesim/turtlesim/msg/detail
[27.431s] -- Installing: /home/gabriellemitoso/modulo6-engcomp/ponderada-semana7/meu_workspace/install/turtlesim/include/turtlesim/turtlesim/msg/detail/color__rosidl_typesupport_fastrtps_cpp.hpp
[27.431s] -- Installing: /home/gabriellemitoso/modulo6-engcomp/ponderada-semana7/meu_workspace/install/turtlesim/include/turtlesim/turtlesim/msg/detail/dds_fastrtps
[27.431s] -- Installing: /home/gabriellemitoso/modulo6-engcomp/ponderada-semana7/meu_workspace/install/turtlesim/include/turtlesim/turtlesim/msg/detail/pose__rosidl_typesupport_fastrtps_cpp.hpp
[27.431s] -- Installing: /home/gabriellemitoso/modulo6-engcomp/ponderada-semana7/meu_workspace/install/turtlesim/include/turtlesim/turtlesim/msg/rosidl_typesupport_fastrtps_cpp__visibility_control.h
[27.431s] -- Up-to-date: /home/gabriellemitoso/modulo6-engcomp/ponderada-semana7/meu_workspace/install/turtlesim/include/turtlesim/turtlesim/srv
[27.432s] -- Up-to-date: /home/gabriellemitoso/modulo6-engcomp/ponderada-semana7/meu_workspace/install/turtlesim/include/turtlesim/turtlesim/srv/detail
[27.432s] -- Installing: /home/gabriellemitoso/modulo6-engcomp/ponderada-semana7/meu_workspace/install/turtlesim/include/turtlesim/turtlesim/srv/detail/dds_fastrtps
[27.432s] -- Installing: /home/gabriellemitoso/modulo6-engcomp/ponderada-semana7/meu_workspace/install/turtlesim/include/turtlesim/turtlesim/srv/detail/set_pen__rosidl_typesupport_fastrtps_cpp.hpp
[27.432s] -- Installing: /home/gabriellemitoso/modulo6-engcomp/ponderada-semana7/meu_workspace/install/turtlesim/include/turtlesim/turtlesim/srv/detail/teleport_absolute__rosidl_typesupport_fastrtps_cpp.hpp
[27.432s] -- Installing: /home/gabriellemitoso/modulo6-engcomp/ponderada-semana7/meu_workspace/install/turtlesim/include/turtlesim/turtlesim/srv/detail/kill__rosidl_typesupport_fastrtps_cpp.hpp
[27.432s] -- Installing: /home/gabriellemitoso/modulo6-engcomp/ponderada-semana7/meu_workspace/install/turtlesim/include/turtlesim/turtlesim/srv/detail/teleport_relative__rosidl_typesupport_fastrtps_cpp.hpp
[27.432s] -- Installing: /home/gabriellemitoso/modulo6-engcomp/ponderada-semana7/meu_workspace/install/turtlesim/include/turtlesim/turtlesim/srv/detail/spawn__rosidl_typesupport_fastrtps_cpp.hpp
[27.432s] -- Installing: /home/gabriellemitoso/modulo6-engcomp/ponderada-semana7/meu_workspace/install/turtlesim/lib/libturtlesim__rosidl_typesupport_fastrtps_cpp.so
[27.433s] -- Set runtime path of "/home/gabriellemitoso/modulo6-engcomp/ponderada-semana7/meu_workspace/install/turtlesim/lib/libturtlesim__rosidl_typesupport_fastrtps_cpp.so" to ""
[27.433s] -- Up-to-date: /home/gabriellemitoso/modulo6-engcomp/ponderada-semana7/meu_workspace/install/turtlesim/include/turtlesim/turtlesim
[27.433s] -- Up-to-date: /home/gabriellemitoso/modulo6-engcomp/ponderada-semana7/meu_workspace/install/turtlesim/include/turtlesim/turtlesim/action
[27.433s] -- Up-to-date: /home/gabriellemitoso/modulo6-engcomp/ponderada-semana7/meu_workspace/install/turtlesim/include/turtlesim/turtlesim/action/detail
[27.433s] -- Installing: /home/gabriellemitoso/modulo6-engcomp/ponderada-semana7/meu_workspace/install/turtlesim/include/turtlesim/turtlesim/action/detail/rotate_absolute__rosidl_typesupport_introspection_c.h
[27.433s] -- Installing: /home/gabriellemitoso/modulo6-engcomp/ponderada-semana7/meu_workspace/install/turtlesim/include/turtlesim/turtlesim/action/detail/rotate_absolute__type_support.c
[27.433s] -- Up-to-date: /home/gabriellemitoso/modulo6-engcomp/ponderada-semana7/meu_workspace/install/turtlesim/include/turtlesim/turtlesim/msg
[27.433s] -- Up-to-date: /home/gabriellemitoso/modulo6-engcomp/ponderada-semana7/meu_workspace/install/turtlesim/include/turtlesim/turtlesim/msg/detail
[27.433s] -- Installing: /home/gabriellemitoso/modulo6-engcomp/ponderada-semana7/meu_workspace/install/turtlesim/include/turtlesim/turtlesim/msg/detail/pose__type_support.c
[27.433s] -- Installing: /home/gabriellemitoso/modulo6-engcomp/ponderada-semana7/meu_workspace/install/turtlesim/include/turtlesim/turtlesim/msg/detail/color__rosidl_typesupport_introspection_c.h
[27.433s] -- Installing: /home/gabriellemitoso/modulo6-engcomp/ponderada-semana7/meu_workspace/install/turtlesim/include/turtlesim/turtlesim/msg/detail/pose__rosidl_typesupport_introspection_c.h
[27.433s] -- Installing: /home/gabriellemitoso/modulo6-engcomp/ponderada-semana7/meu_workspace/install/turtlesim/include/turtlesim/turtlesim/msg/detail/color__type_support.c
[27.434s] -- Installing: /home/gabriellemitoso/modulo6-engcomp/ponderada-semana7/meu_workspace/install/turtlesim/include/turtlesim/turtlesim/msg/rosidl_typesupport_introspection_c__visibility_control.h
[27.434s] -- Up-to-date: /home/gabriellemitoso/modulo6-engcomp/ponderada-semana7/meu_workspace/install/turtlesim/include/turtlesim/turtlesim/srv
[27.434s] -- Up-to-date: /home/gabriellemitoso/modulo6-engcomp/ponderada-semana7/meu_workspace/install/turtlesim/include/turtlesim/turtlesim/srv/detail
[27.434s] -- Installing: /home/gabriellemitoso/modulo6-engcomp/ponderada-semana7/meu_workspace/install/turtlesim/include/turtlesim/turtlesim/srv/detail/set_pen__type_support.c
[27.434s] -- Installing: /home/gabriellemitoso/modulo6-engcomp/ponderada-semana7/meu_workspace/install/turtlesim/include/turtlesim/turtlesim/srv/detail/teleport_absolute__type_support.c
[27.434s] -- Installing: /home/gabriellemitoso/modulo6-engcomp/ponderada-semana7/meu_workspace/install/turtlesim/include/turtlesim/turtlesim/srv/detail/kill__rosidl_typesupport_introspection_c.h
[27.434s] -- Installing: /home/gabriellemitoso/modulo6-engcomp/ponderada-semana7/meu_workspace/install/turtlesim/include/turtlesim/turtlesim/srv/detail/teleport_relative__type_support.c
[27.434s] -- Installing: /home/gabriellemitoso/modulo6-engcomp/ponderada-semana7/meu_workspace/install/turtlesim/include/turtlesim/turtlesim/srv/detail/spawn__type_support.c
[27.434s] -- Installing: /home/gabriellemitoso/modulo6-engcomp/ponderada-semana7/meu_workspace/install/turtlesim/include/turtlesim/turtlesim/srv/detail/kill__type_support.c
[27.434s] -- Installing: /home/gabriellemitoso/modulo6-engcomp/ponderada-semana7/meu_workspace/install/turtlesim/include/turtlesim/turtlesim/srv/detail/teleport_absolute__rosidl_typesupport_introspection_c.h
[27.435s] -- Installing: /home/gabriellemitoso/modulo6-engcomp/ponderada-semana7/meu_workspace/install/turtlesim/include/turtlesim/turtlesim/srv/detail/teleport_relative__rosidl_typesupport_introspection_c.h
[27.435s] -- Installing: /home/gabriellemitoso/modulo6-engcomp/ponderada-semana7/meu_workspace/install/turtlesim/include/turtlesim/turtlesim/srv/detail/set_pen__rosidl_typesupport_introspection_c.h
[27.435s] -- Installing: /home/gabriellemitoso/modulo6-engcomp/ponderada-semana7/meu_workspace/install/turtlesim/include/turtlesim/turtlesim/srv/detail/spawn__rosidl_typesupport_introspection_c.h
[27.435s] -- Installing: /home/gabriellemitoso/modulo6-engcomp/ponderada-semana7/meu_workspace/install/turtlesim/lib/libturtlesim__rosidl_typesupport_introspection_c.so
[27.436s] -- Set runtime path of "/home/gabriellemitoso/modulo6-engcomp/ponderada-semana7/meu_workspace/install/turtlesim/lib/libturtlesim__rosidl_typesupport_introspection_c.so" to ""
[27.436s] -- Installing: /home/gabriellemitoso/modulo6-engcomp/ponderada-semana7/meu_workspace/install/turtlesim/lib/libturtlesim__rosidl_typesupport_c.so
[27.436s] -- Set runtime path of "/home/gabriellemitoso/modulo6-engcomp/ponderada-semana7/meu_workspace/install/turtlesim/lib/libturtlesim__rosidl_typesupport_c.so" to ""
[27.436s] -- Up-to-date: /home/gabriellemitoso/modulo6-engcomp/ponderada-semana7/meu_workspace/install/turtlesim/include/turtlesim/turtlesim
[27.436s] -- Up-to-date: /home/gabriellemitoso/modulo6-engcomp/ponderada-semana7/meu_workspace/install/turtlesim/include/turtlesim/turtlesim/action
[27.436s] -- Up-to-date: /home/gabriellemitoso/modulo6-engcomp/ponderada-semana7/meu_workspace/install/turtlesim/include/turtlesim/turtlesim/action/detail
[27.436s] -- Installing: /home/gabriellemitoso/modulo6-engcomp/ponderada-semana7/meu_workspace/install/turtlesim/include/turtlesim/turtlesim/action/detail/rotate_absolute__rosidl_typesupport_introspection_cpp.hpp
[27.436s] -- Installing: /home/gabriellemitoso/modulo6-engcomp/ponderada-semana7/meu_workspace/install/turtlesim/include/turtlesim/turtlesim/action/detail/rotate_absolute__type_support.cpp
[27.437s] -- Up-to-date: /home/gabriellemitoso/modulo6-engcomp/ponderada-semana7/meu_workspace/install/turtlesim/include/turtlesim/turtlesim/msg
[27.437s] -- Up-to-date: /home/gabriellemitoso/modulo6-engcomp/ponderada-semana7/meu_workspace/install/turtlesim/include/turtlesim/turtlesim/msg/detail
[27.437s] -- Installing: /home/gabriellemitoso/modulo6-engcomp/ponderada-semana7/meu_workspace/install/turtlesim/include/turtlesim/turtlesim/msg/detail/color__rosidl_typesupport_introspection_cpp.hpp
[27.437s] -- Installing: /home/gabriellemitoso/modulo6-engcomp/ponderada-semana7/meu_workspace/install/turtlesim/include/turtlesim/turtlesim/msg/detail/pose__rosidl_typesupport_introspection_cpp.hpp
[27.437s] -- Installing: /home/gabriellemitoso/modulo6-engcomp/ponderada-semana7/meu_workspace/install/turtlesim/include/turtlesim/turtlesim/msg/detail/pose__type_support.cpp
[27.437s] -- Installing: /home/gabriellemitoso/modulo6-engcomp/ponderada-semana7/meu_workspace/install/turtlesim/include/turtlesim/turtlesim/msg/detail/color__type_support.cpp
[27.437s] -- Up-to-date: /home/gabriellemitoso/modulo6-engcomp/ponderada-semana7/meu_workspace/install/turtlesim/include/turtlesim/turtlesim/srv
[27.437s] -- Up-to-date: /home/gabriellemitoso/modulo6-engcomp/ponderada-semana7/meu_workspace/install/turtlesim/include/turtlesim/turtlesim/srv/detail
[27.437s] -- Installing: /home/gabriellemitoso/modulo6-engcomp/ponderada-semana7/meu_workspace/install/turtlesim/include/turtlesim/turtlesim/srv/detail/teleport_relative__type_support.cpp
[27.437s] -- Installing: /home/gabriellemitoso/modulo6-engcomp/ponderada-semana7/meu_workspace/install/turtlesim/include/turtlesim/turtlesim/srv/detail/teleport_relative__rosidl_typesupport_introspection_cpp.hpp
[27.437s] -- Installing: /home/gabriellemitoso/modulo6-engcomp/ponderada-semana7/meu_workspace/install/turtlesim/include/turtlesim/turtlesim/srv/detail/spawn__type_support.cpp
[27.438s] -- Installing: /home/gabriellemitoso/modulo6-engcomp/ponderada-semana7/meu_workspace/install/turtlesim/include/turtlesim/turtlesim/srv/detail/set_pen__rosidl_typesupport_introspection_cpp.hpp
[27.438s] -- Installing: /home/gabriellemitoso/modulo6-engcomp/ponderada-semana7/meu_workspace/install/turtlesim/include/turtlesim/turtlesim/srv/detail/kill__rosidl_typesupport_introspection_cpp.hpp
[27.438s] -- Installing: /home/gabriellemitoso/modulo6-engcomp/ponderada-semana7/meu_workspace/install/turtlesim/include/turtlesim/turtlesim/srv/detail/set_pen__type_support.cpp
[27.438s] -- Installing: /home/gabriellemitoso/modulo6-engcomp/ponderada-semana7/meu_workspace/install/turtlesim/include/turtlesim/turtlesim/srv/detail/teleport_absolute__rosidl_typesupport_introspection_cpp.hpp
[27.438s] -- Installing: /home/gabriellemitoso/modulo6-engcomp/ponderada-semana7/meu_workspace/install/turtlesim/include/turtlesim/turtlesim/srv/detail/teleport_absolute__type_support.cpp
[27.438s] -- Installing: /home/gabriellemitoso/modulo6-engcomp/ponderada-semana7/meu_workspace/install/turtlesim/include/turtlesim/turtlesim/srv/detail/kill__type_support.cpp
[27.438s] -- Installing: /home/gabriellemitoso/modulo6-engcomp/ponderada-semana7/meu_workspace/install/turtlesim/include/turtlesim/turtlesim/srv/detail/spawn__rosidl_typesupport_introspection_cpp.hpp
[27.438s] -- Installing: /home/gabriellemitoso/modulo6-engcomp/ponderada-semana7/meu_workspace/install/turtlesim/lib/libturtlesim__rosidl_typesupport_introspection_cpp.so
[27.439s] -- Set runtime path of "/home/gabriellemitoso/modulo6-engcomp/ponderada-semana7/meu_workspace/install/turtlesim/lib/libturtlesim__rosidl_typesupport_introspection_cpp.so" to ""
[27.439s] -- Installing: /home/gabriellemitoso/modulo6-engcomp/ponderada-semana7/meu_workspace/install/turtlesim/lib/libturtlesim__rosidl_typesupport_cpp.so
[27.439s] -- Set runtime path of "/home/gabriellemitoso/modulo6-engcomp/ponderada-semana7/meu_workspace/install/turtlesim/lib/libturtlesim__rosidl_typesupport_cpp.so" to ""
[27.439s] -- Installing: /home/gabriellemitoso/modulo6-engcomp/ponderada-semana7/meu_workspace/install/turtlesim/share/turtlesim/environment/pythonpath.sh
[27.440s] -- Installing: /home/gabriellemitoso/modulo6-engcomp/ponderada-semana7/meu_workspace/install/turtlesim/share/turtlesim/environment/pythonpath.dsv
[27.440s] -- Installing: /home/gabriellemitoso/modulo6-engcomp/ponderada-semana7/meu_workspace/install/turtlesim/local/lib/python3.10/dist-packages/turtlesim-1.4.2-py3.10.egg-info
[27.440s] -- Installing: /home/gabriellemitoso/modulo6-engcomp/ponderada-semana7/meu_workspace/install/turtlesim/local/lib/python3.10/dist-packages/turtlesim-1.4.2-py3.10.egg-info/PKG-INFO
[27.440s] -- Installing: /home/gabriellemitoso/modulo6-engcomp/ponderada-semana7/meu_workspace/install/turtlesim/local/lib/python3.10/dist-packages/turtlesim-1.4.2-py3.10.egg-info/top_level.txt
[27.440s] -- Installing: /home/gabriellemitoso/modulo6-engcomp/ponderada-semana7/meu_workspace/install/turtlesim/local/lib/python3.10/dist-packages/turtlesim-1.4.2-py3.10.egg-info/SOURCES.txt
[27.440s] -- Installing: /home/gabriellemitoso/modulo6-engcomp/ponderada-semana7/meu_workspace/install/turtlesim/local/lib/python3.10/dist-packages/turtlesim-1.4.2-py3.10.egg-info/dependency_links.txt
[27.440s] -- Installing: /home/gabriellemitoso/modulo6-engcomp/ponderada-semana7/meu_workspace/install/turtlesim/local/lib/python3.10/dist-packages/turtlesim
[27.440s] -- Installing: /home/gabriellemitoso/modulo6-engcomp/ponderada-semana7/meu_workspace/install/turtlesim/local/lib/python3.10/dist-packages/turtlesim/_turtlesim_s.ep.rosidl_typesupport_fastrtps_c.c
[27.441s] -- Installing: /home/gabriellemitoso/modulo6-engcomp/ponderada-semana7/meu_workspace/install/turtlesim/local/lib/python3.10/dist-packages/turtlesim/_turtlesim_s.ep.rosidl_typesupport_introspection_c.c
[27.441s] -- Installing: /home/gabriellemitoso/modulo6-engcomp/ponderada-semana7/meu_workspace/install/turtlesim/local/lib/python3.10/dist-packages/turtlesim/__init__.py
[27.441s] -- Installing: /home/gabriellemitoso/modulo6-engcomp/ponderada-semana7/meu_workspace/install/turtlesim/local/lib/python3.10/dist-packages/turtlesim/action
[27.441s] -- Installing: /home/gabriellemitoso/modulo6-engcomp/ponderada-semana7/meu_workspace/install/turtlesim/local/lib/python3.10/dist-packages/turtlesim/action/_rotate_absolute_s.c
[27.441s] -- Installing: /home/gabriellemitoso/modulo6-engcomp/ponderada-semana7/meu_workspace/install/turtlesim/local/lib/python3.10/dist-packages/turtlesim/action/__init__.py
[27.441s] -- Installing: /home/gabriellemitoso/modulo6-engcomp/ponderada-semana7/meu_workspace/install/turtlesim/local/lib/python3.10/dist-packages/turtlesim/action/_rotate_absolute.py
[27.441s] -- Installing: /home/gabriellemitoso/modulo6-engcomp/ponderada-semana7/meu_workspace/install/turtlesim/local/lib/python3.10/dist-packages/turtlesim/libturtlesim__rosidl_generator_py.so
[27.442s] -- Installing: /home/gabriellemitoso/modulo6-engcomp/ponderada-semana7/meu_workspace/install/turtlesim/local/lib/python3.10/dist-packages/turtlesim/turtlesim_s__rosidl_typesupport_fastrtps_c.cpython-310-x86_64-linux-gnu.so
[27.442s] -- Installing: /home/gabriellemitoso/modulo6-engcomp/ponderada-semana7/meu_workspace/install/turtlesim/local/lib/python3.10/dist-packages/turtlesim/turtlesim_s__rosidl_typesupport_c.cpython-310-x86_64-linux-gnu.so
[27.442s] -- Installing: /home/gabriellemitoso/modulo6-engcomp/ponderada-semana7/meu_workspace/install/turtlesim/local/lib/python3.10/dist-packages/turtlesim/msg
[27.442s] -- Installing: /home/gabriellemitoso/modulo6-engcomp/ponderada-semana7/meu_workspace/install/turtlesim/local/lib/python3.10/dist-packages/turtlesim/msg/__init__.py
[27.442s] -- Installing: /home/gabriellemitoso/modulo6-engcomp/ponderada-semana7/meu_workspace/install/turtlesim/local/lib/python3.10/dist-packages/turtlesim/msg/_color_s.c
[27.442s] -- Installing: /home/gabriellemitoso/modulo6-engcomp/ponderada-semana7/meu_workspace/install/turtlesim/local/lib/python3.10/dist-packages/turtlesim/msg/_pose_s.c
[27.442s] -- Installing: /home/gabriellemitoso/modulo6-engcomp/ponderada-semana7/meu_workspace/install/turtlesim/local/lib/python3.10/dist-packages/turtlesim/msg/_pose.py
[27.443s] -- Installing: /home/gabriellemitoso/modulo6-engcomp/ponderada-semana7/meu_workspace/install/turtlesim/local/lib/python3.10/dist-packages/turtlesim/msg/_color.py
[27.443s] -- Installing: /home/gabriellemitoso/modulo6-engcomp/ponderada-semana7/meu_workspace/install/turtlesim/local/lib/python3.10/dist-packages/turtlesim/srv
[27.443s] -- Installing: /home/gabriellemitoso/modulo6-engcomp/ponderada-semana7/meu_workspace/install/turtlesim/local/lib/python3.10/dist-packages/turtlesim/srv/_set_pen.py
[27.443s] -- Installing: /home/gabriellemitoso/modulo6-engcomp/ponderada-semana7/meu_workspace/install/turtlesim/local/lib/python3.10/dist-packages/turtlesim/srv/_teleport_absolute_s.c
[27.443s] -- Installing: /home/gabriellemitoso/modulo6-engcomp/ponderada-semana7/meu_workspace/install/turtlesim/local/lib/python3.10/dist-packages/turtlesim/srv/__init__.py
[27.443s] -- Installing: /home/gabriellemitoso/modulo6-engcomp/ponderada-semana7/meu_workspace/install/turtlesim/local/lib/python3.10/dist-packages/turtlesim/srv/_teleport_relative.py
[27.444s] -- Installing: /home/gabriellemitoso/modulo6-engcomp/ponderada-semana7/meu_workspace/install/turtlesim/local/lib/python3.10/dist-packages/turtlesim/srv/_set_pen_s.c
[27.444s] -- Installing: /home/gabriellemitoso/modulo6-engcomp/ponderada-semana7/meu_workspace/install/turtlesim/local/lib/python3.10/dist-packages/turtlesim/srv/_spawn_s.c
[27.444s] -- Installing: /home/gabriellemitoso/modulo6-engcomp/ponderada-semana7/meu_workspace/install/turtlesim/local/lib/python3.10/dist-packages/turtlesim/srv/_teleport_relative_s.c
[27.444s] -- Installing: /home/gabriellemitoso/modulo6-engcomp/ponderada-semana7/meu_workspace/install/turtlesim/local/lib/python3.10/dist-packages/turtlesim/srv/_kill.py
[27.444s] -- Installing: /home/gabriellemitoso/modulo6-engcomp/ponderada-semana7/meu_workspace/install/turtlesim/local/lib/python3.10/dist-packages/turtlesim/srv/_teleport_absolute.py
[27.444s] -- Installing: /home/gabriellemitoso/modulo6-engcomp/ponderada-semana7/meu_workspace/install/turtlesim/local/lib/python3.10/dist-packages/turtlesim/srv/_kill_s.c
[27.444s] -- Installing: /home/gabriellemitoso/modulo6-engcomp/ponderada-semana7/meu_workspace/install/turtlesim/local/lib/python3.10/dist-packages/turtlesim/srv/_spawn.py
[27.444s] -- Installing: /home/gabriellemitoso/modulo6-engcomp/ponderada-semana7/meu_workspace/install/turtlesim/local/lib/python3.10/dist-packages/turtlesim/turtlesim_s__rosidl_typesupport_introspection_c.cpython-310-x86_64-linux-gnu.so
[27.445s] -- Installing: /home/gabriellemitoso/modulo6-engcomp/ponderada-semana7/meu_workspace/install/turtlesim/local/lib/python3.10/dist-packages/turtlesim/_turtlesim_s.ep.rosidl_typesupport_c.c
[27.494s] Listing '/home/gabriellemitoso/modulo6-engcomp/ponderada-semana7/meu_workspace/install/turtlesim/local/lib/python3.10/dist-packages/turtlesim'...
[27.494s] Compiling '/home/gabriellemitoso/modulo6-engcomp/ponderada-semana7/meu_workspace/install/turtlesim/local/lib/python3.10/dist-packages/turtlesim/__init__.py'...
[27.494s] Listing '/home/gabriellemitoso/modulo6-engcomp/ponderada-semana7/meu_workspace/install/turtlesim/local/lib/python3.10/dist-packages/turtlesim/action'...
[27.494s] Compiling '/home/gabriellemitoso/modulo6-engcomp/ponderada-semana7/meu_workspace/install/turtlesim/local/lib/python3.10/dist-packages/turtlesim/action/__init__.py'...
[27.494s] Compiling '/home/gabriellemitoso/modulo6-engcomp/ponderada-semana7/meu_workspace/install/turtlesim/local/lib/python3.10/dist-packages/turtlesim/action/_rotate_absolute.py'...
[27.494s] Listing '/home/gabriellemitoso/modulo6-engcomp/ponderada-semana7/meu_workspace/install/turtlesim/local/lib/python3.10/dist-packages/turtlesim/msg'...
[27.495s] Compiling '/home/gabriellemitoso/modulo6-engcomp/ponderada-semana7/meu_workspace/install/turtlesim/local/lib/python3.10/dist-packages/turtlesim/msg/__init__.py'...
[27.495s] Compiling '/home/gabriellemitoso/modulo6-engcomp/ponderada-semana7/meu_workspace/install/turtlesim/local/lib/python3.10/dist-packages/turtlesim/msg/_color.py'...
[27.495s] Compiling '/home/gabriellemitoso/modulo6-engcomp/ponderada-semana7/meu_workspace/install/turtlesim/local/lib/python3.10/dist-packages/turtlesim/msg/_pose.py'...
[27.495s] Listing '/home/gabriellemitoso/modulo6-engcomp/ponderada-semana7/meu_workspace/install/turtlesim/local/lib/python3.10/dist-packages/turtlesim/srv'...
[27.495s] Compiling '/home/gabriellemitoso/modulo6-engcomp/ponderada-semana7/meu_workspace/install/turtlesim/local/lib/python3.10/dist-packages/turtlesim/srv/__init__.py'...
[27.495s] Compiling '/home/gabriellemitoso/modulo6-engcomp/ponderada-semana7/meu_workspace/install/turtlesim/local/lib/python3.10/dist-packages/turtlesim/srv/_kill.py'...
[27.495s] Compiling '/home/gabriellemitoso/modulo6-engcomp/ponderada-semana7/meu_workspace/install/turtlesim/local/lib/python3.10/dist-packages/turtlesim/srv/_set_pen.py'...
[27.495s] Compiling '/home/gabriellemitoso/modulo6-engcomp/ponderada-semana7/meu_workspace/install/turtlesim/local/lib/python3.10/dist-packages/turtlesim/srv/_spawn.py'...
[27.495s] Compiling '/home/gabriellemitoso/modulo6-engcomp/ponderada-semana7/meu_workspace/install/turtlesim/local/lib/python3.10/dist-packages/turtlesim/srv/_teleport_absolute.py'...
[27.495s] Compiling '/home/gabriellemitoso/modulo6-engcomp/ponderada-semana7/meu_workspace/install/turtlesim/local/lib/python3.10/dist-packages/turtlesim/srv/_teleport_relative.py'...
[27.499s] -- Installing: /home/gabriellemitoso/modulo6-engcomp/ponderada-semana7/meu_workspace/install/turtlesim/local/lib/python3.10/dist-packages/turtlesim/turtlesim_s__rosidl_typesupport_fastrtps_c.cpython-310-x86_64-linux-gnu.so
[27.499s] -- Set runtime path of "/home/gabriellemitoso/modulo6-engcomp/ponderada-semana7/meu_workspace/install/turtlesim/local/lib/python3.10/dist-packages/turtlesim/turtlesim_s__rosidl_typesupport_fastrtps_c.cpython-310-x86_64-linux-gnu.so" to ""
[27.500s] -- Installing: /home/gabriellemitoso/modulo6-engcomp/ponderada-semana7/meu_workspace/install/turtlesim/local/lib/python3.10/dist-packages/turtlesim/turtlesim_s__rosidl_typesupport_introspection_c.cpython-310-x86_64-linux-gnu.so
[27.500s] -- Set runtime path of "/home/gabriellemitoso/modulo6-engcomp/ponderada-semana7/meu_workspace/install/turtlesim/local/lib/python3.10/dist-packages/turtlesim/turtlesim_s__rosidl_typesupport_introspection_c.cpython-310-x86_64-linux-gnu.so" to ""
[27.500s] -- Installing: /home/gabriellemitoso/modulo6-engcomp/ponderada-semana7/meu_workspace/install/turtlesim/local/lib/python3.10/dist-packages/turtlesim/turtlesim_s__rosidl_typesupport_c.cpython-310-x86_64-linux-gnu.so
[27.500s] -- Set runtime path of "/home/gabriellemitoso/modulo6-engcomp/ponderada-semana7/meu_workspace/install/turtlesim/local/lib/python3.10/dist-packages/turtlesim/turtlesim_s__rosidl_typesupport_c.cpython-310-x86_64-linux-gnu.so" to ""
[27.500s] -- Installing: /home/gabriellemitoso/modulo6-engcomp/ponderada-semana7/meu_workspace/install/turtlesim/lib/libturtlesim__rosidl_generator_py.so
[27.500s] -- Set runtime path of "/home/gabriellemitoso/modulo6-engcomp/ponderada-semana7/meu_workspace/install/turtlesim/lib/libturtlesim__rosidl_generator_py.so" to ""
[27.501s] -- Installing: /home/gabriellemitoso/modulo6-engcomp/ponderada-semana7/meu_workspace/install/turtlesim/share/turtlesim/action/RotateAbsolute.idl
[27.501s] -- Installing: /home/gabriellemitoso/modulo6-engcomp/ponderada-semana7/meu_workspace/install/turtlesim/share/turtlesim/msg/Color.idl
[27.501s] -- Installing: /home/gabriellemitoso/modulo6-engcomp/ponderada-semana7/meu_workspace/install/turtlesim/share/turtlesim/msg/Pose.idl
[27.501s] -- Installing: /home/gabriellemitoso/modulo6-engcomp/ponderada-semana7/meu_workspace/install/turtlesim/share/turtlesim/srv/Kill.idl
[27.501s] -- Installing: /home/gabriellemitoso/modulo6-engcomp/ponderada-semana7/meu_workspace/install/turtlesim/share/turtlesim/srv/SetPen.idl
[27.501s] -- Installing: /home/gabriellemitoso/modulo6-engcomp/ponderada-semana7/meu_workspace/install/turtlesim/share/turtlesim/srv/Spawn.idl
[27.501s] -- Installing: /home/gabriellemitoso/modulo6-engcomp/ponderada-semana7/meu_workspace/install/turtlesim/share/turtlesim/srv/TeleportAbsolute.idl
[27.501s] -- Installing: /home/gabriellemitoso/modulo6-engcomp/ponderada-semana7/meu_workspace/install/turtlesim/share/turtlesim/srv/TeleportRelative.idl
[27.501s] -- Installing: /home/gabriellemitoso/modulo6-engcomp/ponderada-semana7/meu_workspace/install/turtlesim/share/turtlesim/action/RotateAbsolute.action
[27.501s] -- Installing: /home/gabriellemitoso/modulo6-engcomp/ponderada-semana7/meu_workspace/install/turtlesim/share/turtlesim/msg/Color.msg
[27.501s] -- Installing: /home/gabriellemitoso/modulo6-engcomp/ponderada-semana7/meu_workspace/install/turtlesim/share/turtlesim/msg/Pose.msg
[27.501s] -- Installing: /home/gabriellemitoso/modulo6-engcomp/ponderada-semana7/meu_workspace/install/turtlesim/share/turtlesim/srv/Kill.srv
[27.502s] -- Installing: /home/gabriellemitoso/modulo6-engcomp/ponderada-semana7/meu_workspace/install/turtlesim/share/turtlesim/srv/Kill_Request.msg
[27.502s] -- Installing: /home/gabriellemitoso/modulo6-engcomp/ponderada-semana7/meu_workspace/install/turtlesim/share/turtlesim/srv/Kill_Response.msg
[27.502s] -- Installing: /home/gabriellemitoso/modulo6-engcomp/ponderada-semana7/meu_workspace/install/turtlesim/share/turtlesim/srv/SetPen.srv
[27.502s] -- Installing: /home/gabriellemitoso/modulo6-engcomp/ponderada-semana7/meu_workspace/install/turtlesim/share/turtlesim/srv/SetPen_Request.msg
[27.502s] -- Installing: /home/gabriellemitoso/modulo6-engcomp/ponderada-semana7/meu_workspace/install/turtlesim/share/turtlesim/srv/SetPen_Response.msg
[27.502s] -- Installing: /home/gabriellemitoso/modulo6-engcomp/ponderada-semana7/meu_workspace/install/turtlesim/share/turtlesim/srv/Spawn.srv
[27.502s] -- Installing: /home/gabriellemitoso/modulo6-engcomp/ponderada-semana7/meu_workspace/install/turtlesim/share/turtlesim/srv/Spawn_Request.msg
[27.502s] -- Installing: /home/gabriellemitoso/modulo6-engcomp/ponderada-semana7/meu_workspace/install/turtlesim/share/turtlesim/srv/Spawn_Response.msg
[27.502s] -- Installing: /home/gabriellemitoso/modulo6-engcomp/ponderada-semana7/meu_workspace/install/turtlesim/share/turtlesim/srv/TeleportAbsolute.srv
[27.503s] -- Installing: /home/gabriellemitoso/modulo6-engcomp/ponderada-semana7/meu_workspace/install/turtlesim/share/turtlesim/srv/TeleportAbsolute_Request.msg
[27.503s] -- Installing: /home/gabriellemitoso/modulo6-engcomp/ponderada-semana7/meu_workspace/install/turtlesim/share/turtlesim/srv/TeleportAbsolute_Response.msg
[27.503s] -- Installing: /home/gabriellemitoso/modulo6-engcomp/ponderada-semana7/meu_workspace/install/turtlesim/share/turtlesim/srv/TeleportRelative.srv
[27.503s] -- Installing: /home/gabriellemitoso/modulo6-engcomp/ponderada-semana7/meu_workspace/install/turtlesim/share/turtlesim/srv/TeleportRelative_Request.msg
[27.503s] -- Installing: /home/gabriellemitoso/modulo6-engcomp/ponderada-semana7/meu_workspace/install/turtlesim/share/turtlesim/srv/TeleportRelative_Response.msg
[27.503s] -- Installing: /home/gabriellemitoso/modulo6-engcomp/ponderada-semana7/meu_workspace/install/turtlesim/lib/turtlesim/turtlesim_node
[27.509s] -- Set runtime path of "/home/gabriellemitoso/modulo6-engcomp/ponderada-semana7/meu_workspace/install/turtlesim/lib/turtlesim/turtlesim_node" to ""
[27.509s] -- Installing: /home/gabriellemitoso/modulo6-engcomp/ponderada-semana7/meu_workspace/install/turtlesim/lib/turtlesim/turtle_teleop_key
[27.511s] -- Set runtime path of "/home/gabriellemitoso/modulo6-engcomp/ponderada-semana7/meu_workspace/install/turtlesim/lib/turtlesim/turtle_teleop_key" to ""
[27.511s] -- Installing: /home/gabriellemitoso/modulo6-engcomp/ponderada-semana7/meu_workspace/install/turtlesim/lib/turtlesim/draw_square
[27.515s] -- Set runtime path of "/home/gabriellemitoso/modulo6-engcomp/ponderada-semana7/meu_workspace/install/turtlesim/lib/turtlesim/draw_square" to ""
[27.515s] -- Installing: /home/gabriellemitoso/modulo6-engcomp/ponderada-semana7/meu_workspace/install/turtlesim/lib/turtlesim/mimic
[27.518s] -- Set runtime path of "/home/gabriellemitoso/modulo6-engcomp/ponderada-semana7/meu_workspace/install/turtlesim/lib/turtlesim/mimic" to ""
[27.518s] -- Installing: /home/gabriellemitoso/modulo6-engcomp/ponderada-semana7/meu_workspace/install/turtlesim/share/turtlesim/images
[27.518s] -- Installing: /home/gabriellemitoso/modulo6-engcomp/ponderada-semana7/meu_workspace/install/turtlesim/share/turtlesim/images/bouncy.png
[27.518s] -- Installing: /home/gabriellemitoso/modulo6-engcomp/ponderada-semana7/meu_workspace/install/turtlesim/share/turtlesim/images/dashing.png
[27.518s] -- Installing: /home/gabriellemitoso/modulo6-engcomp/ponderada-semana7/meu_workspace/install/turtlesim/share/turtlesim/images/foxy.png
[27.518s] -- Installing: /home/gabriellemitoso/modulo6-engcomp/ponderada-semana7/meu_workspace/install/turtlesim/share/turtlesim/images/rolling.png
[27.518s] -- Installing: /home/gabriellemitoso/modulo6-engcomp/ponderada-semana7/meu_workspace/install/turtlesim/share/turtlesim/images/crystal.png
[27.519s] -- Installing: /home/gabriellemitoso/modulo6-engcomp/ponderada-semana7/meu_workspace/install/turtlesim/share/turtlesim/images/humble.png
[27.519s] -- Installing: /home/gabriellemitoso/modulo6-engcomp/ponderada-semana7/meu_workspace/install/turtlesim/share/turtlesim/images/galactic.png
[27.519s] -- Installing: /home/gabriellemitoso/modulo6-engcomp/ponderada-semana7/meu_workspace/install/turtlesim/share/turtlesim/images/ardent.png
[27.519s] -- Installing: /home/gabriellemitoso/modulo6-engcomp/ponderada-semana7/meu_workspace/install/turtlesim/share/turtlesim/images/eloquent.png
[27.519s] -- Installing: /home/gabriellemitoso/modulo6-engcomp/ponderada-semana7/meu_workspace/install/turtlesim/share/turtlesim/launch
[27.519s] -- Installing: /home/gabriellemitoso/modulo6-engcomp/ponderada-semana7/meu_workspace/install/turtlesim/share/turtlesim/launch/multisim.launch.py
[27.519s] -- Installing: /home/gabriellemitoso/modulo6-engcomp/ponderada-semana7/meu_workspace/install/turtlesim/share/ament_index/resource_index/package_run_dependencies/turtlesim
[27.519s] -- Installing: /home/gabriellemitoso/modulo6-engcomp/ponderada-semana7/meu_workspace/install/turtlesim/share/ament_index/resource_index/parent_prefix_path/turtlesim
[27.519s] -- Installing: /home/gabriellemitoso/modulo6-engcomp/ponderada-semana7/meu_workspace/install/turtlesim/share/turtlesim/environment/ament_prefix_path.sh
[27.519s] -- Installing: /home/gabriellemitoso/modulo6-engcomp/ponderada-semana7/meu_workspace/install/turtlesim/share/turtlesim/environment/ament_prefix_path.dsv
[27.520s] -- Installing: /home/gabriellemitoso/modulo6-engcomp/ponderada-semana7/meu_workspace/install/turtlesim/share/turtlesim/environment/path.sh
[27.520s] -- Installing: /home/gabriellemitoso/modulo6-engcomp/ponderada-semana7/meu_workspace/install/turtlesim/share/turtlesim/environment/path.dsv
[27.520s] -- Installing: /home/gabriellemitoso/modulo6-engcomp/ponderada-semana7/meu_workspace/install/turtlesim/share/turtlesim/local_setup.bash
[27.520s] -- Installing: /home/gabriellemitoso/modulo6-engcomp/ponderada-semana7/meu_workspace/install/turtlesim/share/turtlesim/local_setup.sh
[27.520s] -- Installing: /home/gabriellemitoso/modulo6-engcomp/ponderada-semana7/meu_workspace/install/turtlesim/share/turtlesim/local_setup.zsh
[27.520s] -- Installing: /home/gabriellemitoso/modulo6-engcomp/ponderada-semana7/meu_workspace/install/turtlesim/share/turtlesim/local_setup.dsv
[27.520s] -- Installing: /home/gabriellemitoso/modulo6-engcomp/ponderada-semana7/meu_workspace/install/turtlesim/share/turtlesim/package.dsv
[27.520s] -- Installing: /home/gabriellemitoso/modulo6-engcomp/ponderada-semana7/meu_workspace/install/turtlesim/share/ament_index/resource_index/packages/turtlesim
[27.520s] -- Installing: /home/gabriellemitoso/modulo6-engcomp/ponderada-semana7/meu_workspace/install/turtlesim/share/turtlesim/cmake/export_turtlesim__rosidl_generator_cExport.cmake
[27.521s] -- Installing: /home/gabriellemitoso/modulo6-engcomp/ponderada-semana7/meu_workspace/install/turtlesim/share/turtlesim/cmake/export_turtlesim__rosidl_generator_cExport-noconfig.cmake
[27.521s] -- Installing: /home/gabriellemitoso/modulo6-engcomp/ponderada-semana7/meu_workspace/install/turtlesim/share/turtlesim/cmake/export_turtlesim__rosidl_typesupport_fastrtps_cExport.cmake
[27.521s] -- Installing: /home/gabriellemitoso/modulo6-engcomp/ponderada-semana7/meu_workspace/install/turtlesim/share/turtlesim/cmake/export_turtlesim__rosidl_typesupport_fastrtps_cExport-noconfig.cmake
[27.521s] -- Installing: /home/gabriellemitoso/modulo6-engcomp/ponderada-semana7/meu_workspace/install/turtlesim/share/turtlesim/cmake/export_turtlesim__rosidl_generator_cppExport.cmake
[27.521s] -- Installing: /home/gabriellemitoso/modulo6-engcomp/ponderada-semana7/meu_workspace/install/turtlesim/share/turtlesim/cmake/export_turtlesim__rosidl_typesupport_fastrtps_cppExport.cmake
[27.521s] -- Installing: /home/gabriellemitoso/modulo6-engcomp/ponderada-semana7/meu_workspace/install/turtlesim/share/turtlesim/cmake/export_turtlesim__rosidl_typesupport_fastrtps_cppExport-noconfig.cmake
[27.521s] -- Installing: /home/gabriellemitoso/modulo6-engcomp/ponderada-semana7/meu_workspace/install/turtlesim/share/turtlesim/cmake/turtlesim__rosidl_typesupport_introspection_cExport.cmake
[27.521s] -- Installing: /home/gabriellemitoso/modulo6-engcomp/ponderada-semana7/meu_workspace/install/turtlesim/share/turtlesim/cmake/turtlesim__rosidl_typesupport_introspection_cExport-noconfig.cmake
[27.522s] -- Installing: /home/gabriellemitoso/modulo6-engcomp/ponderada-semana7/meu_workspace/install/turtlesim/share/turtlesim/cmake/turtlesim__rosidl_typesupport_cExport.cmake
[27.522s] -- Installing: /home/gabriellemitoso/modulo6-engcomp/ponderada-semana7/meu_workspace/install/turtlesim/share/turtlesim/cmake/turtlesim__rosidl_typesupport_cExport-noconfig.cmake
[27.522s] -- Installing: /home/gabriellemitoso/modulo6-engcomp/ponderada-semana7/meu_workspace/install/turtlesim/share/turtlesim/cmake/turtlesim__rosidl_typesupport_introspection_cppExport.cmake
[27.522s] -- Installing: /home/gabriellemitoso/modulo6-engcomp/ponderada-semana7/meu_workspace/install/turtlesim/share/turtlesim/cmake/turtlesim__rosidl_typesupport_introspection_cppExport-noconfig.cmake
[27.522s] -- Installing: /home/gabriellemitoso/modulo6-engcomp/ponderada-semana7/meu_workspace/install/turtlesim/share/turtlesim/cmake/turtlesim__rosidl_typesupport_cppExport.cmake
[27.522s] -- Installing: /home/gabriellemitoso/modulo6-engcomp/ponderada-semana7/meu_workspace/install/turtlesim/share/turtlesim/cmake/turtlesim__rosidl_typesupport_cppExport-noconfig.cmake
[27.522s] -- Installing: /home/gabriellemitoso/modulo6-engcomp/ponderada-semana7/meu_workspace/install/turtlesim/share/turtlesim/cmake/export_turtlesim__rosidl_generator_pyExport.cmake
[27.522s] -- Installing: /home/gabriellemitoso/modulo6-engcomp/ponderada-semana7/meu_workspace/install/turtlesim/share/turtlesim/cmake/export_turtlesim__rosidl_generator_pyExport-noconfig.cmake
[27.522s] -- Installing: /home/gabriellemitoso/modulo6-engcomp/ponderada-semana7/meu_workspace/install/turtlesim/share/turtlesim/cmake/rosidl_cmake-extras.cmake
[27.523s] -- Installing: /home/gabriellemitoso/modulo6-engcomp/ponderada-semana7/meu_workspace/install/turtlesim/share/turtlesim/cmake/ament_cmake_export_dependencies-extras.cmake
[27.523s] -- Installing: /home/gabriellemitoso/modulo6-engcomp/ponderada-semana7/meu_workspace/install/turtlesim/share/turtlesim/cmake/ament_cmake_export_include_directories-extras.cmake
[27.523s] -- Installing: /home/gabriellemitoso/modulo6-engcomp/ponderada-semana7/meu_workspace/install/turtlesim/share/turtlesim/cmake/ament_cmake_export_libraries-extras.cmake
[27.523s] -- Installing: /home/gabriellemitoso/modulo6-engcomp/ponderada-semana7/meu_workspace/install/turtlesim/share/turtlesim/cmake/ament_cmake_export_targets-extras.cmake
[27.523s] -- Installing: /home/gabriellemitoso/modulo6-engcomp/ponderada-semana7/meu_workspace/install/turtlesim/share/turtlesim/cmake/rosidl_cmake_export_typesupport_targets-extras.cmake
[27.523s] -- Installing: /home/gabriellemitoso/modulo6-engcomp/ponderada-semana7/meu_workspace/install/turtlesim/share/turtlesim/cmake/rosidl_cmake_export_typesupport_libraries-extras.cmake
[27.523s] -- Installing: /home/gabriellemitoso/modulo6-engcomp/ponderada-semana7/meu_workspace/install/turtlesim/share/turtlesim/cmake/turtlesimConfig.cmake
[27.523s] -- Installing: /home/gabriellemitoso/modulo6-engcomp/ponderada-semana7/meu_workspace/install/turtlesim/share/turtlesim/cmake/turtlesimConfig-version.cmake
[27.523s] -- Installing: /home/gabriellemitoso/modulo6-engcomp/ponderada-semana7/meu_workspace/install/turtlesim/share/turtlesim/package.xml
[27.526s] Invoked command in '/home/gabriellemitoso/modulo6-engcomp/ponderada-semana7/meu_workspace/build/turtlesim' returned '0': CMAKE_PREFIX_PATH=${CMAKE_PREFIX_PATH}:/opt/ros/humble /usr/bin/cmake --install /home/gabriellemitoso/modulo6-engcomp/ponderada-semana7/meu_workspace/build/turtlesim
