[0.007s] Invoking command in '/home/gabriellemitoso/modulo6-engcomp/ponderada-semana1/build/turtlesim': CMAKE_PREFIX_PATH=/opt/ros/humble /usr/bin/cmake /home/gabriellemitoso/modulo6-engcomp/ponderada-semana1/src/ros_tutorials/turtlesim -DCMAKE_INSTALL_PREFIX=/home/gabriellemitoso/modulo6-engcomp/ponderada-semana1/install/turtlesim
[0.741s] -- The C compiler identification is GNU 11.4.0
[1.650s] -- The CXX compiler identification is GNU 11.4.0
[1.702s] -- Detecting C compiler ABI info
[1.828s] -- Detecting C compiler ABI info - done
[1.834s] -- Check for working C compiler: /usr/bin/cc - skipped
[1.846s] -- Detecting C compile features
[1.847s] -- Detecting C compile features - done
[1.886s] -- Detecting CXX compiler ABI info
[1.978s] -- Detecting CXX compiler ABI info - done
[1.984s] -- Check for working CXX compiler: /usr/bin/c++ - skipped
[1.984s] -- Detecting CXX compile features
[1.984s] -- Detecting CXX compile features - done
[1.999s] -- Found ament_cmake: 1.3.8 (/opt/ros/humble/share/ament_cmake/cmake)
[2.180s] -- Found Python3: /usr/bin/python3 (found version "3.10.12") found components: Interpreter 
[2.565s] -- Found ament_index_cpp: 1.4.0 (/opt/ros/humble/share/ament_index_cpp/cmake)
[2.580s] -- Found geometry_msgs: 4.2.3 (/opt/ros/humble/share/geometry_msgs/cmake)
[2.838s] -- Found rosidl_generator_c: 3.1.5 (/opt/ros/humble/share/rosidl_generator_c/cmake)
[2.879s] -- Found rosidl_adapter: 3.1.5 (/opt/ros/humble/share/rosidl_adapter/cmake)
[2.952s] -- Found rosidl_generator_cpp: 3.1.5 (/opt/ros/humble/share/rosidl_generator_cpp/cmake)
[3.071s] -- Using all available rosidl_typesupport_c: rosidl_typesupport_fastrtps_c;rosidl_typesupport_introspection_c
[3.226s] -- Using all available rosidl_typesupport_cpp: rosidl_typesupport_fastrtps_cpp;rosidl_typesupport_introspection_cpp
[3.738s] -- Found rclcpp: 16.0.8 (/opt/ros/humble/share/rclcpp/cmake)
[4.030s] -- Found rmw_implementation_cmake: 6.1.1 (/opt/ros/humble/share/rmw_implementation_cmake/cmake)
[4.059s] -- Found rmw_fastrtps_cpp: 6.2.6 (/opt/ros/humble/share/rmw_fastrtps_cpp/cmake)
[4.405s] -- Found OpenSSL: /usr/lib/x86_64-linux-gnu/libcrypto.so (found version "3.0.2")  
[4.451s] -- Found FastRTPS: /opt/ros/humble/include  
[4.499s] -- Using RMW implementation 'rmw_fastrtps_cpp' as default
[4.567s] -- Looking for pthread.h
[4.668s] -- Looking for pthread.h - found
[4.668s] -- Performing Test CMAKE_HAVE_LIBC_PTHREAD
[4.734s] -- Performing Test CMAKE_HAVE_LIBC_PTHREAD - Success
[4.735s] -- Found Threads: TRUE  
[4.985s] -- Found rclcpp_action: 16.0.8 (/opt/ros/humble/share/rclcpp_action/cmake)
[5.213s] -- Found rosidl_default_generators: 1.2.0 (/opt/ros/humble/share/rosidl_default_generators/cmake)
[5.282s] -- Found std_srvs: 4.2.3 (/opt/ros/humble/share/std_srvs/cmake)
[5.782s] -- Found ament_cmake_ros: 0.10.0 (/opt/ros/humble/share/ament_cmake_ros/cmake)
[6.130s] -- Using all available rosidl_typesupport_c: rosidl_typesupport_fastrtps_c;rosidl_typesupport_introspection_c
[6.238s] -- Using all available rosidl_typesupport_cpp: rosidl_typesupport_fastrtps_cpp;rosidl_typesupport_introspection_cpp
[6.278s] -- Found PythonInterp: /usr/bin/python3 (found suitable version "3.10.12", minimum required is "3.6") 
[6.292s] -- Found python_cmake_module: 0.10.0 (/opt/ros/humble/share/python_cmake_module/cmake)
[6.336s] -- Found PythonLibs: /usr/lib/x86_64-linux-gnu/libpython3.10.so (found suitable version "3.10.12", minimum required is "3.5") 
[6.336s] -- Using PYTHON_EXECUTABLE: /usr/bin/python3
[6.336s] -- Using PYTHON_INCLUDE_DIRS: /usr/include/python3.10
[6.336s] -- Using PYTHON_LIBRARIES: /usr/lib/x86_64-linux-gnu/libpython3.10.so
[6.352s] -- Found PythonExtra: .so  
[6.468s] -- Configuring done
[6.528s] -- Generating done
[6.530s] -- Build files have been written to: /home/gabriellemitoso/modulo6-engcomp/ponderada-semana1/build/turtlesim
[6.540s] Invoked command in '/home/gabriellemitoso/modulo6-engcomp/ponderada-semana1/build/turtlesim' returned '0': CMAKE_PREFIX_PATH=/opt/ros/humble /usr/bin/cmake /home/gabriellemitoso/modulo6-engcomp/ponderada-semana1/src/ros_tutorials/turtlesim -DCMAKE_INSTALL_PREFIX=/home/gabriellemitoso/modulo6-engcomp/ponderada-semana1/install/turtlesim
[6.541s] Invoking command in '/home/gabriellemitoso/modulo6-engcomp/ponderada-semana1/build/turtlesim': CMAKE_PREFIX_PATH=/opt/ros/humble /usr/bin/cmake --build /home/gabriellemitoso/modulo6-engcomp/ponderada-semana1/build/turtlesim -- -j8 -l8
[6.572s] [  1%] [34m[1mGenerating C code for ROS interfaces[0m
[6.579s] [  2%] [34m[1mGenerating C++ code for ROS interfaces[0m
[6.586s] [  2%] Built target ament_cmake_python_copy_turtlesim
[6.836s] running egg_info
[6.837s] creating turtlesim.egg-info
[6.837s] writing turtlesim.egg-info/PKG-INFO
[6.837s] writing dependency_links to turtlesim.egg-info/dependency_links.txt
[6.837s] writing top-level names to turtlesim.egg-info/top_level.txt
[6.837s] writing manifest file 'turtlesim.egg-info/SOURCES.txt'
[6.839s] reading manifest file 'turtlesim.egg-info/SOURCES.txt'
[6.839s] writing manifest file 'turtlesim.egg-info/SOURCES.txt'
[6.863s] [  2%] Built target ament_cmake_python_build_turtlesim_egg
[7.482s] [  2%] Built target turtlesim__cpp
[7.490s] [  5%] [34m[1mGenerating C++ type support for eProsima Fast-RTPS[0m
[7.490s] [  5%] [34m[1mGenerating C++ type support dispatch for ROS interfaces[0m
[7.490s] [  5%] [34m[1mGenerating C++ introspection for ROS interfaces[0m
[7.596s] [  7%] [32mBuilding C object CMakeFiles/turtlesim__rosidl_generator_c.dir/rosidl_generator_c/turtlesim/msg/detail/color__functions.c.o[0m
[7.596s] [  9%] [32mBuilding C object CMakeFiles/turtlesim__rosidl_generator_c.dir/rosidl_generator_c/turtlesim/srv/detail/kill__functions.c.o[0m
[7.596s] [ 10%] [32mBuilding C object CMakeFiles/turtlesim__rosidl_generator_c.dir/rosidl_generator_c/turtlesim/action/detail/rotate_absolute__functions.c.o[0m
[7.596s] [ 10%] [32mBuilding C object CMakeFiles/turtlesim__rosidl_generator_c.dir/rosidl_generator_c/turtlesim/msg/detail/pose__functions.c.o[0m
[7.596s] [  9%] [32mBuilding C object CMakeFiles/turtlesim__rosidl_generator_c.dir/rosidl_generator_c/turtlesim/srv/detail/set_pen__functions.c.o[0m
[7.856s] [ 11%] [32mBuilding C object CMakeFiles/turtlesim__rosidl_generator_c.dir/rosidl_generator_c/turtlesim/srv/detail/spawn__functions.c.o[0m
[7.899s] [ 12%] [32mBuilding C object CMakeFiles/turtlesim__rosidl_generator_c.dir/rosidl_generator_c/turtlesim/srv/detail/teleport_absolute__functions.c.o[0m
[7.902s] [ 13%] [32mBuilding C object CMakeFiles/turtlesim__rosidl_generator_c.dir/rosidl_generator_c/turtlesim/srv/detail/teleport_relative__functions.c.o[0m
[7.979s] [ 14%] [32m[1mLinking C shared library libturtlesim__rosidl_generator_c.so[0m
[8.056s] [ 14%] Built target turtlesim__rosidl_generator_c
[8.068s] [ 17%] [34m[1mGenerating C type support dispatch for ROS interfaces[0m
[8.068s] [ 17%] [34m[1mGenerating C introspection for ROS interfaces[0m
[8.068s] [ 17%] [34m[1mGenerating C type support for eProsima Fast-RTPS[0m
[8.208s] [ 20%] [32mBuilding CXX object CMakeFiles/turtlesim__rosidl_typesupport_cpp.dir/rosidl_typesupport_cpp/turtlesim/msg/pose__type_support.cpp.o[0m
[8.208s] [ 20%] [32mBuilding CXX object CMakeFiles/turtlesim__rosidl_typesupport_cpp.dir/rosidl_typesupport_cpp/turtlesim/msg/color__type_support.cpp.o[0m
[8.208s] [ 20%] [32mBuilding CXX object CMakeFiles/turtlesim__rosidl_typesupport_cpp.dir/rosidl_typesupport_cpp/turtlesim/action/rotate_absolute__type_support.cpp.o[0m
[8.377s] [ 21%] [32mBuilding CXX object CMakeFiles/turtlesim__rosidl_typesupport_introspection_cpp.dir/rosidl_typesupport_introspection_cpp/turtlesim/action/detail/rotate_absolute__type_support.cpp.o[0m
[8.402s] [ 22%] [32mBuilding CXX object CMakeFiles/turtlesim__rosidl_typesupport_fastrtps_cpp.dir/rosidl_typesupport_fastrtps_cpp/turtlesim/action/detail/dds_fastrtps/rotate_absolute__type_support.cpp.o[0m
[8.650s] [ 23%] [32mBuilding CXX object CMakeFiles/turtlesim__rosidl_typesupport_c.dir/rosidl_typesupport_c/turtlesim/action/rotate_absolute__type_support.cpp.o[0m
[8.798s] [ 24%] [32mBuilding CXX object CMakeFiles/turtlesim__rosidl_typesupport_c.dir/rosidl_typesupport_c/turtlesim/msg/color__type_support.cpp.o[0m
[8.836s] [ 25%] [32mBuilding CXX object CMakeFiles/turtlesim__rosidl_typesupport_c.dir/rosidl_typesupport_c/turtlesim/msg/pose__type_support.cpp.o[0m
[8.860s] [ 26%] [32mBuilding CXX object CMakeFiles/turtlesim__rosidl_typesupport_c.dir/rosidl_typesupport_c/turtlesim/srv/kill__type_support.cpp.o[0m
[8.905s] [ 27%] [32mBuilding CXX object CMakeFiles/turtlesim__rosidl_typesupport_c.dir/rosidl_typesupport_c/turtlesim/srv/set_pen__type_support.cpp.o[0m
[8.936s] [ 28%] [32mBuilding CXX object CMakeFiles/turtlesim__rosidl_typesupport_c.dir/rosidl_typesupport_c/turtlesim/srv/spawn__type_support.cpp.o[0m
[8.965s] [ 29%] [32mBuilding CXX object CMakeFiles/turtlesim__rosidl_typesupport_introspection_cpp.dir/rosidl_typesupport_introspection_cpp/turtlesim/msg/detail/color__type_support.cpp.o[0m
[8.974s] [ 30%] [32mBuilding CXX object CMakeFiles/turtlesim__rosidl_typesupport_c.dir/rosidl_typesupport_c/turtlesim/srv/teleport_absolute__type_support.cpp.o[0m
[8.990s] [ 31%] [32mBuilding CXX object CMakeFiles/turtlesim__rosidl_typesupport_cpp.dir/rosidl_typesupport_cpp/turtlesim/srv/kill__type_support.cpp.o[0m
[9.007s] [ 32%] [32mBuilding CXX object CMakeFiles/turtlesim__rosidl_typesupport_c.dir/rosidl_typesupport_c/turtlesim/srv/teleport_relative__type_support.cpp.o[0m
[9.048s] [ 33%] [32m[1mLinking CXX shared library libturtlesim__rosidl_typesupport_c.so[0m
[9.067s] [ 34%] [32mBuilding CXX object CMakeFiles/turtlesim__rosidl_typesupport_fastrtps_c.dir/rosidl_typesupport_fastrtps_c/turtlesim/action/detail/rotate_absolute__type_support_c.cpp.o[0m
[9.131s] [ 35%] [32mBuilding C object CMakeFiles/turtlesim__rosidl_typesupport_introspection_c.dir/rosidl_typesupport_introspection_c/turtlesim/action/detail/rotate_absolute__type_support.c.o[0m
[9.144s] [ 35%] Built target turtlesim__rosidl_typesupport_c
[9.156s] [ 36%] [32mBuilding CXX object CMakeFiles/turtlesim__rosidl_typesupport_cpp.dir/rosidl_typesupport_cpp/turtlesim/srv/set_pen__type_support.cpp.o[0m
[9.293s] [ 37%] [32mBuilding C object CMakeFiles/turtlesim__rosidl_typesupport_introspection_c.dir/rosidl_typesupport_introspection_c/turtlesim/msg/detail/color__type_support.c.o[0m
[9.321s] [ 38%] [32mBuilding CXX object CMakeFiles/turtlesim__rosidl_typesupport_introspection_cpp.dir/rosidl_typesupport_introspection_cpp/turtlesim/msg/detail/pose__type_support.cpp.o[0m
[9.345s] [ 39%] [32mBuilding C object CMakeFiles/turtlesim__rosidl_typesupport_introspection_c.dir/rosidl_typesupport_introspection_c/turtlesim/msg/detail/pose__type_support.c.o[0m
[9.394s] [ 40%] [32mBuilding C object CMakeFiles/turtlesim__rosidl_typesupport_introspection_c.dir/rosidl_typesupport_introspection_c/turtlesim/srv/detail/kill__type_support.c.o[0m
[9.445s] [ 41%] [32mBuilding CXX object CMakeFiles/turtlesim__rosidl_typesupport_cpp.dir/rosidl_typesupport_cpp/turtlesim/srv/spawn__type_support.cpp.o[0m
[9.450s] [ 42%] [32mBuilding C object CMakeFiles/turtlesim__rosidl_typesupport_introspection_c.dir/rosidl_typesupport_introspection_c/turtlesim/srv/detail/set_pen__type_support.c.o[0m
[9.466s] [ 43%] [32mBuilding CXX object CMakeFiles/turtlesim__rosidl_typesupport_introspection_cpp.dir/rosidl_typesupport_introspection_cpp/turtlesim/srv/detail/kill__type_support.cpp.o[0m
[9.500s] [ 44%] [32mBuilding CXX object CMakeFiles/turtlesim__rosidl_typesupport_cpp.dir/rosidl_typesupport_cpp/turtlesim/srv/teleport_absolute__type_support.cpp.o[0m
[9.576s] [ 45%] [32mBuilding C object CMakeFiles/turtlesim__rosidl_typesupport_introspection_c.dir/rosidl_typesupport_introspection_c/turtlesim/srv/detail/spawn__type_support.c.o[0m
[9.628s] [ 46%] [32mBuilding C object CMakeFiles/turtlesim__rosidl_typesupport_introspection_c.dir/rosidl_typesupport_introspection_c/turtlesim/srv/detail/teleport_absolute__type_support.c.o[0m
[9.654s] [ 47%] [32mBuilding C object CMakeFiles/turtlesim__rosidl_typesupport_introspection_c.dir/rosidl_typesupport_introspection_c/turtlesim/srv/detail/teleport_relative__type_support.c.o[0m
[9.684s] [ 48%] [32mBuilding CXX object CMakeFiles/turtlesim__rosidl_typesupport_fastrtps_c.dir/rosidl_typesupport_fastrtps_c/turtlesim/msg/detail/color__type_support_c.cpp.o[0m
[9.687s] [ 49%] [32mBuilding CXX object CMakeFiles/turtlesim__rosidl_typesupport_fastrtps_c.dir/rosidl_typesupport_fastrtps_c/turtlesim/msg/detail/pose__type_support_c.cpp.o[0m
[9.725s] [ 50%] [32mBuilding CXX object CMakeFiles/turtlesim__rosidl_typesupport_fastrtps_cpp.dir/rosidl_typesupport_fastrtps_cpp/turtlesim/msg/detail/dds_fastrtps/color__type_support.cpp.o[0m
[9.725s] [ 51%] [32m[1mLinking C shared library libturtlesim__rosidl_typesupport_introspection_c.so[0m
[9.768s] [ 52%] [32mBuilding CXX object CMakeFiles/turtlesim__rosidl_typesupport_fastrtps_cpp.dir/rosidl_typesupport_fastrtps_cpp/turtlesim/msg/detail/dds_fastrtps/pose__type_support.cpp.o[0m
[9.796s] [ 52%] Built target turtlesim__rosidl_typesupport_introspection_c
[9.803s] [ 53%] [32mBuilding CXX object CMakeFiles/turtlesim__rosidl_typesupport_introspection_cpp.dir/rosidl_typesupport_introspection_cpp/turtlesim/srv/detail/set_pen__type_support.cpp.o[0m
[9.809s] [ 54%] [32mBuilding CXX object CMakeFiles/turtlesim__rosidl_typesupport_fastrtps_c.dir/rosidl_typesupport_fastrtps_c/turtlesim/srv/detail/kill__type_support_c.cpp.o[0m
[9.871s] [ 55%] [32mBuilding CXX object CMakeFiles/turtlesim__rosidl_typesupport_cpp.dir/rosidl_typesupport_cpp/turtlesim/srv/teleport_relative__type_support.cpp.o[0m
[9.905s] [ 56%] [32mBuilding CXX object CMakeFiles/turtlesim__rosidl_typesupport_introspection_cpp.dir/rosidl_typesupport_introspection_cpp/turtlesim/srv/detail/spawn__type_support.cpp.o[0m
[10.121s] [ 57%] [32mBuilding CXX object CMakeFiles/turtlesim__rosidl_typesupport_fastrtps_c.dir/rosidl_typesupport_fastrtps_c/turtlesim/srv/detail/set_pen__type_support_c.cpp.o[0m
[10.151s] [ 58%] [32mBuilding CXX object CMakeFiles/turtlesim__rosidl_typesupport_fastrtps_c.dir/rosidl_typesupport_fastrtps_c/turtlesim/srv/detail/spawn__type_support_c.cpp.o[0m
[10.247s] [ 59%] [32mBuilding CXX object CMakeFiles/turtlesim__rosidl_typesupport_fastrtps_cpp.dir/rosidl_typesupport_fastrtps_cpp/turtlesim/srv/detail/dds_fastrtps/kill__type_support.cpp.o[0m
[10.270s] [ 60%] [32m[1mLinking CXX shared library libturtlesim__rosidl_typesupport_cpp.so[0m
[10.298s] [ 61%] [32mBuilding CXX object CMakeFiles/turtlesim__rosidl_typesupport_fastrtps_c.dir/rosidl_typesupport_fastrtps_c/turtlesim/srv/detail/teleport_absolute__type_support_c.cpp.o[0m
[10.314s] [ 62%] [32mBuilding CXX object CMakeFiles/turtlesim__rosidl_typesupport_fastrtps_c.dir/rosidl_typesupport_fastrtps_c/turtlesim/srv/detail/teleport_relative__type_support_c.cpp.o[0m
[10.332s] [ 63%] [32mBuilding CXX object CMakeFiles/turtlesim__rosidl_typesupport_introspection_cpp.dir/rosidl_typesupport_introspection_cpp/turtlesim/srv/detail/teleport_absolute__type_support.cpp.o[0m
[10.380s] [ 63%] Built target turtlesim__rosidl_typesupport_cpp
[10.391s] [ 64%] [32mBuilding CXX object CMakeFiles/turtlesim__rosidl_typesupport_fastrtps_cpp.dir/rosidl_typesupport_fastrtps_cpp/turtlesim/srv/detail/dds_fastrtps/set_pen__type_support.cpp.o[0m
[10.430s] [ 65%] [32mBuilding CXX object CMakeFiles/turtlesim__rosidl_typesupport_introspection_cpp.dir/rosidl_typesupport_introspection_cpp/turtlesim/srv/detail/teleport_relative__type_support.cpp.o[0m
[10.572s] [ 66%] [32mBuilding CXX object CMakeFiles/turtlesim__rosidl_typesupport_fastrtps_cpp.dir/rosidl_typesupport_fastrtps_cpp/turtlesim/srv/detail/dds_fastrtps/spawn__type_support.cpp.o[0m
[10.648s] [ 67%] [32mBuilding CXX object CMakeFiles/turtlesim__rosidl_typesupport_fastrtps_cpp.dir/rosidl_typesupport_fastrtps_cpp/turtlesim/srv/detail/dds_fastrtps/teleport_absolute__type_support.cpp.o[0m
[10.779s] [ 68%] [32mBuilding CXX object CMakeFiles/turtlesim__rosidl_typesupport_fastrtps_cpp.dir/rosidl_typesupport_fastrtps_cpp/turtlesim/srv/detail/dds_fastrtps/teleport_relative__type_support.cpp.o[0m
[10.784s] [ 69%] [32m[1mLinking CXX shared library libturtlesim__rosidl_typesupport_fastrtps_c.so[0m
[10.793s] [ 70%] [34m[1mGenerating include/turtlesim/moc_turtle_frame.cpp[0m
[10.871s] [ 71%] [32mBuilding CXX object CMakeFiles/turtle_teleop_key.dir/tutorials/teleop_turtle_key.cpp.o[0m
[10.929s] [ 72%] [32mBuilding CXX object CMakeFiles/draw_square.dir/tutorials/draw_square.cpp.o[0m
[10.941s] [ 72%] Built target turtlesim__rosidl_typesupport_fastrtps_c
[10.942s] [ 73%] [32m[1mLinking CXX shared library libturtlesim__rosidl_typesupport_introspection_cpp.so[0m
[10.961s] [ 74%] [32mBuilding CXX object CMakeFiles/mimic.dir/tutorials/mimic.cpp.o[0m
[11.034s] [ 74%] Built target turtlesim__rosidl_typesupport_introspection_cpp
[11.269s] [ 75%] [32m[1mLinking CXX shared library libturtlesim__rosidl_typesupport_fastrtps_cpp.so[0m
[11.272s] [ 76%] [32mBuilding CXX object CMakeFiles/turtlesim_node.dir/src/turtle_frame.cpp.o[0m
[11.273s] [ 77%] [32mBuilding CXX object CMakeFiles/turtlesim_node.dir/include/turtlesim/moc_turtle_frame.cpp.o[0m
[11.273s] [ 79%] [32mBuilding CXX object CMakeFiles/turtlesim_node.dir/src/turtlesim.cpp.o[0m
[11.273s] [ 79%] [32mBuilding CXX object CMakeFiles/turtlesim_node.dir/src/turtle.cpp.o[0m
[11.425s] [ 79%] Built target turtlesim__rosidl_typesupport_fastrtps_cpp
[11.441s] [ 79%] Built target turtlesim
[11.456s] [ 80%] [34m[1mGenerating Python code for ROS interfaces[0m
[14.198s] [ 80%] Built target turtlesim__py
[14.229s] [ 81%] [32mBuilding C object CMakeFiles/turtlesim__rosidl_generator_py.dir/rosidl_generator_py/turtlesim/action/_rotate_absolute_s.c.o[0m
[14.887s] [ 82%] [32mBuilding C object CMakeFiles/turtlesim__rosidl_generator_py.dir/rosidl_generator_py/turtlesim/msg/_color_s.c.o[0m
[15.047s] [ 83%] [32mBuilding C object CMakeFiles/turtlesim__rosidl_generator_py.dir/rosidl_generator_py/turtlesim/msg/_pose_s.c.o[0m
[15.242s] [ 84%] [32mBuilding C object CMakeFiles/turtlesim__rosidl_generator_py.dir/rosidl_generator_py/turtlesim/srv/_kill_s.c.o[0m
[15.405s] [ 85%] [32mBuilding C object CMakeFiles/turtlesim__rosidl_generator_py.dir/rosidl_generator_py/turtlesim/srv/_set_pen_s.c.o[0m
[15.571s] [ 86%] [32mBuilding C object CMakeFiles/turtlesim__rosidl_generator_py.dir/rosidl_generator_py/turtlesim/srv/_spawn_s.c.o[0m
[15.740s] [ 87%] [32mBuilding C object CMakeFiles/turtlesim__rosidl_generator_py.dir/rosidl_generator_py/turtlesim/srv/_teleport_absolute_s.c.o[0m
[15.904s] [ 88%] [32mBuilding C object CMakeFiles/turtlesim__rosidl_generator_py.dir/rosidl_generator_py/turtlesim/srv/_teleport_relative_s.c.o[0m
[16.068s] [ 89%] [32m[1mLinking C shared library rosidl_generator_py/turtlesim/libturtlesim__rosidl_generator_py.so[0m
[16.229s] [ 89%] Built target turtlesim__rosidl_generator_py
[16.256s] [ 90%] [32mBuilding C object CMakeFiles/turtlesim__rosidl_typesupport_fastrtps_c__pyext.dir/rosidl_generator_py/turtlesim/_turtlesim_s.ep.rosidl_typesupport_fastrtps_c.c.o[0m
[16.486s] [ 91%] [32m[1mLinking C shared library rosidl_generator_py/turtlesim/turtlesim_s__rosidl_typesupport_fastrtps_c.cpython-310-x86_64-linux-gnu.so[0m
[16.537s] [ 91%] Built target turtlesim__rosidl_typesupport_fastrtps_c__pyext
[16.564s] [ 92%] [32mBuilding C object CMakeFiles/turtlesim__rosidl_typesupport_introspection_c__pyext.dir/rosidl_generator_py/turtlesim/_turtlesim_s.ep.rosidl_typesupport_introspection_c.c.o[0m
[16.805s] [ 93%] [32m[1mLinking C shared library rosidl_generator_py/turtlesim/turtlesim_s__rosidl_typesupport_introspection_c.cpython-310-x86_64-linux-gnu.so[0m
[16.860s] [ 93%] Built target turtlesim__rosidl_typesupport_introspection_c__pyext
[16.888s] [ 94%] [32mBuilding C object CMakeFiles/turtlesim__rosidl_typesupport_c__pyext.dir/rosidl_generator_py/turtlesim/_turtlesim_s.ep.rosidl_typesupport_c.c.o[0m
[17.125s] [ 95%] [32m[1mLinking C shared library rosidl_generator_py/turtlesim/turtlesim_s__rosidl_typesupport_c.cpython-310-x86_64-linux-gnu.so[0m
[17.183s] [ 95%] Built target turtlesim__rosidl_typesupport_c__pyext
[20.939s] [ 96%] [32m[1mLinking CXX executable turtle_teleop_key[0m
[21.634s] [ 96%] Built target turtle_teleop_key
[24.872s] [ 97%] [32m[1mLinking CXX executable mimic[0m
[25.334s] [ 98%] [32m[1mLinking CXX executable draw_square[0m
[25.341s] [ 98%] Built target mimic
[25.803s] [ 98%] Built target draw_square
[29.260s] [100%] [32m[1mLinking CXX executable turtlesim_node[0m
[31.264s] [100%] Built target turtlesim_node
[31.286s] Invoked command in '/home/gabriellemitoso/modulo6-engcomp/ponderada-semana1/build/turtlesim' returned '0': CMAKE_PREFIX_PATH=/opt/ros/humble /usr/bin/cmake --build /home/gabriellemitoso/modulo6-engcomp/ponderada-semana1/build/turtlesim -- -j8 -l8
[31.426s] Invoking command in '/home/gabriellemitoso/modulo6-engcomp/ponderada-semana1/build/turtlesim': CMAKE_PREFIX_PATH=/opt/ros/humble /usr/bin/cmake --install /home/gabriellemitoso/modulo6-engcomp/ponderada-semana1/build/turtlesim
[31.431s] -- Install configuration: ""
[31.431s] -- Installing: /home/gabriellemitoso/modulo6-engcomp/ponderada-semana1/install/turtlesim/share/ament_index/resource_index/rosidl_interfaces/turtlesim
[31.431s] -- Installing: /home/gabriellemitoso/modulo6-engcomp/ponderada-semana1/install/turtlesim/include/turtlesim/turtlesim
[31.431s] -- Installing: /home/gabriellemitoso/modulo6-engcomp/ponderada-semana1/install/turtlesim/include/turtlesim/turtlesim/action
[31.431s] -- Installing: /home/gabriellemitoso/modulo6-engcomp/ponderada-semana1/install/turtlesim/include/turtlesim/turtlesim/action/detail
[31.431s] -- Installing: /home/gabriellemitoso/modulo6-engcomp/ponderada-semana1/install/turtlesim/include/turtlesim/turtlesim/action/detail/rotate_absolute__functions.c
[31.431s] -- Installing: /home/gabriellemitoso/modulo6-engcomp/ponderada-semana1/install/turtlesim/include/turtlesim/turtlesim/action/detail/rotate_absolute__type_support.h
[31.431s] -- Installing: /home/gabriellemitoso/modulo6-engcomp/ponderada-semana1/install/turtlesim/include/turtlesim/turtlesim/action/detail/rotate_absolute__struct.h
[31.431s] -- Installing: /home/gabriellemitoso/modulo6-engcomp/ponderada-semana1/install/turtlesim/include/turtlesim/turtlesim/action/detail/rotate_absolute__functions.h
[31.431s] -- Installing: /home/gabriellemitoso/modulo6-engcomp/ponderada-semana1/install/turtlesim/include/turtlesim/turtlesim/action/rotate_absolute.h
[31.431s] -- Installing: /home/gabriellemitoso/modulo6-engcomp/ponderada-semana1/install/turtlesim/include/turtlesim/turtlesim/msg
[31.432s] -- Installing: /home/gabriellemitoso/modulo6-engcomp/ponderada-semana1/install/turtlesim/include/turtlesim/turtlesim/msg/detail
[31.432s] -- Installing: /home/gabriellemitoso/modulo6-engcomp/ponderada-semana1/install/turtlesim/include/turtlesim/turtlesim/msg/detail/color__functions.c
[31.432s] -- Installing: /home/gabriellemitoso/modulo6-engcomp/ponderada-semana1/install/turtlesim/include/turtlesim/turtlesim/msg/detail/color__functions.h
[31.432s] -- Installing: /home/gabriellemitoso/modulo6-engcomp/ponderada-semana1/install/turtlesim/include/turtlesim/turtlesim/msg/detail/pose__type_support.h
[31.432s] -- Installing: /home/gabriellemitoso/modulo6-engcomp/ponderada-semana1/install/turtlesim/include/turtlesim/turtlesim/msg/detail/pose__functions.c
[31.432s] -- Installing: /home/gabriellemitoso/modulo6-engcomp/ponderada-semana1/install/turtlesim/include/turtlesim/turtlesim/msg/detail/pose__struct.h
[31.432s] -- Installing: /home/gabriellemitoso/modulo6-engcomp/ponderada-semana1/install/turtlesim/include/turtlesim/turtlesim/msg/detail/pose__functions.h
[31.432s] -- Installing: /home/gabriellemitoso/modulo6-engcomp/ponderada-semana1/install/turtlesim/include/turtlesim/turtlesim/msg/detail/color__type_support.h
[31.432s] -- Installing: /home/gabriellemitoso/modulo6-engcomp/ponderada-semana1/install/turtlesim/include/turtlesim/turtlesim/msg/detail/color__struct.h
[31.432s] -- Installing: /home/gabriellemitoso/modulo6-engcomp/ponderada-semana1/install/turtlesim/include/turtlesim/turtlesim/msg/color.h
[31.432s] -- Installing: /home/gabriellemitoso/modulo6-engcomp/ponderada-semana1/install/turtlesim/include/turtlesim/turtlesim/msg/rosidl_generator_c__visibility_control.h
[31.432s] -- Installing: /home/gabriellemitoso/modulo6-engcomp/ponderada-semana1/install/turtlesim/include/turtlesim/turtlesim/msg/pose.h
[31.432s] -- Installing: /home/gabriellemitoso/modulo6-engcomp/ponderada-semana1/install/turtlesim/include/turtlesim/turtlesim/srv
[31.432s] -- Installing: /home/gabriellemitoso/modulo6-engcomp/ponderada-semana1/install/turtlesim/include/turtlesim/turtlesim/srv/detail
[31.432s] -- Installing: /home/gabriellemitoso/modulo6-engcomp/ponderada-semana1/install/turtlesim/include/turtlesim/turtlesim/srv/detail/spawn__functions.h
[31.432s] -- Installing: /home/gabriellemitoso/modulo6-engcomp/ponderada-semana1/install/turtlesim/include/turtlesim/turtlesim/srv/detail/teleport_relative__functions.h
[31.433s] -- Installing: /home/gabriellemitoso/modulo6-engcomp/ponderada-semana1/install/turtlesim/include/turtlesim/turtlesim/srv/detail/teleport_absolute__functions.h
[31.433s] -- Installing: /home/gabriellemitoso/modulo6-engcomp/ponderada-semana1/install/turtlesim/include/turtlesim/turtlesim/srv/detail/teleport_absolute__functions.c
[31.433s] -- Installing: /home/gabriellemitoso/modulo6-engcomp/ponderada-semana1/install/turtlesim/include/turtlesim/turtlesim/srv/detail/teleport_relative__struct.h
[31.433s] -- Installing: /home/gabriellemitoso/modulo6-engcomp/ponderada-semana1/install/turtlesim/include/turtlesim/turtlesim/srv/detail/set_pen__functions.c
[31.433s] -- Installing: /home/gabriellemitoso/modulo6-engcomp/ponderada-semana1/install/turtlesim/include/turtlesim/turtlesim/srv/detail/set_pen__functions.h
[31.433s] -- Installing: /home/gabriellemitoso/modulo6-engcomp/ponderada-semana1/install/turtlesim/include/turtlesim/turtlesim/srv/detail/kill__functions.h
[31.433s] -- Installing: /home/gabriellemitoso/modulo6-engcomp/ponderada-semana1/install/turtlesim/include/turtlesim/turtlesim/srv/detail/kill__struct.h
[31.433s] -- Installing: /home/gabriellemitoso/modulo6-engcomp/ponderada-semana1/install/turtlesim/include/turtlesim/turtlesim/srv/detail/spawn__struct.h
[31.433s] -- Installing: /home/gabriellemitoso/modulo6-engcomp/ponderada-semana1/install/turtlesim/include/turtlesim/turtlesim/srv/detail/kill__functions.c
[31.433s] -- Installing: /home/gabriellemitoso/modulo6-engcomp/ponderada-semana1/install/turtlesim/include/turtlesim/turtlesim/srv/detail/set_pen__type_support.h
[31.433s] -- Installing: /home/gabriellemitoso/modulo6-engcomp/ponderada-semana1/install/turtlesim/include/turtlesim/turtlesim/srv/detail/teleport_absolute__type_support.h
[31.433s] -- Installing: /home/gabriellemitoso/modulo6-engcomp/ponderada-semana1/install/turtlesim/include/turtlesim/turtlesim/srv/detail/teleport_relative__type_support.h
[31.433s] -- Installing: /home/gabriellemitoso/modulo6-engcomp/ponderada-semana1/install/turtlesim/include/turtlesim/turtlesim/srv/detail/kill__type_support.h
[31.433s] -- Installing: /home/gabriellemitoso/modulo6-engcomp/ponderada-semana1/install/turtlesim/include/turtlesim/turtlesim/srv/detail/set_pen__struct.h
[31.433s] -- Installing: /home/gabriellemitoso/modulo6-engcomp/ponderada-semana1/install/turtlesim/include/turtlesim/turtlesim/srv/detail/spawn__type_support.h
[31.433s] -- Installing: /home/gabriellemitoso/modulo6-engcomp/ponderada-semana1/install/turtlesim/include/turtlesim/turtlesim/srv/detail/spawn__functions.c
[31.434s] -- Installing: /home/gabriellemitoso/modulo6-engcomp/ponderada-semana1/install/turtlesim/include/turtlesim/turtlesim/srv/detail/teleport_absolute__struct.h
[31.434s] -- Installing: /home/gabriellemitoso/modulo6-engcomp/ponderada-semana1/install/turtlesim/include/turtlesim/turtlesim/srv/detail/teleport_relative__functions.c
[31.434s] -- Installing: /home/gabriellemitoso/modulo6-engcomp/ponderada-semana1/install/turtlesim/include/turtlesim/turtlesim/srv/kill.h
[31.434s] -- Installing: /home/gabriellemitoso/modulo6-engcomp/ponderada-semana1/install/turtlesim/include/turtlesim/turtlesim/srv/spawn.h
[31.434s] -- Installing: /home/gabriellemitoso/modulo6-engcomp/ponderada-semana1/install/turtlesim/include/turtlesim/turtlesim/srv/teleport_relative.h
[31.434s] -- Installing: /home/gabriellemitoso/modulo6-engcomp/ponderada-semana1/install/turtlesim/include/turtlesim/turtlesim/srv/teleport_absolute.h
[31.434s] -- Installing: /home/gabriellemitoso/modulo6-engcomp/ponderada-semana1/install/turtlesim/include/turtlesim/turtlesim/srv/set_pen.h
[31.434s] -- Installing: /home/gabriellemitoso/modulo6-engcomp/ponderada-semana1/install/turtlesim/share/turtlesim/environment/library_path.sh
[31.434s] -- Installing: /home/gabriellemitoso/modulo6-engcomp/ponderada-semana1/install/turtlesim/share/turtlesim/environment/library_path.dsv
[31.434s] -- Installing: /home/gabriellemitoso/modulo6-engcomp/ponderada-semana1/install/turtlesim/lib/libturtlesim__rosidl_generator_c.so
[31.434s] -- Set runtime path of "/home/gabriellemitoso/modulo6-engcomp/ponderada-semana1/install/turtlesim/lib/libturtlesim__rosidl_generator_c.so" to ""
[31.434s] -- Up-to-date: /home/gabriellemitoso/modulo6-engcomp/ponderada-semana1/install/turtlesim/include/turtlesim/turtlesim
[31.434s] -- Up-to-date: /home/gabriellemitoso/modulo6-engcomp/ponderada-semana1/install/turtlesim/include/turtlesim/turtlesim/action
[31.435s] -- Up-to-date: /home/gabriellemitoso/modulo6-engcomp/ponderada-semana1/install/turtlesim/include/turtlesim/turtlesim/action/detail
[31.435s] -- Installing: /home/gabriellemitoso/modulo6-engcomp/ponderada-semana1/install/turtlesim/include/turtlesim/turtlesim/action/detail/rotate_absolute__rosidl_typesupport_fastrtps_c.h
[31.435s] -- Up-to-date: /home/gabriellemitoso/modulo6-engcomp/ponderada-semana1/install/turtlesim/include/turtlesim/turtlesim/msg
[31.435s] -- Up-to-date: /home/gabriellemitoso/modulo6-engcomp/ponderada-semana1/install/turtlesim/include/turtlesim/turtlesim/msg/detail
[31.435s] -- Installing: /home/gabriellemitoso/modulo6-engcomp/ponderada-semana1/install/turtlesim/include/turtlesim/turtlesim/msg/detail/color__rosidl_typesupport_fastrtps_c.h
[31.435s] -- Installing: /home/gabriellemitoso/modulo6-engcomp/ponderada-semana1/install/turtlesim/include/turtlesim/turtlesim/msg/detail/pose__rosidl_typesupport_fastrtps_c.h
[31.435s] -- Installing: /home/gabriellemitoso/modulo6-engcomp/ponderada-semana1/install/turtlesim/include/turtlesim/turtlesim/msg/rosidl_typesupport_fastrtps_c__visibility_control.h
[31.435s] -- Up-to-date: /home/gabriellemitoso/modulo6-engcomp/ponderada-semana1/install/turtlesim/include/turtlesim/turtlesim/srv
[31.435s] -- Up-to-date: /home/gabriellemitoso/modulo6-engcomp/ponderada-semana1/install/turtlesim/include/turtlesim/turtlesim/srv/detail
[31.435s] -- Installing: /home/gabriellemitoso/modulo6-engcomp/ponderada-semana1/install/turtlesim/include/turtlesim/turtlesim/srv/detail/kill__rosidl_typesupport_fastrtps_c.h
[31.435s] -- Installing: /home/gabriellemitoso/modulo6-engcomp/ponderada-semana1/install/turtlesim/include/turtlesim/turtlesim/srv/detail/teleport_relative__rosidl_typesupport_fastrtps_c.h
[31.435s] -- Installing: /home/gabriellemitoso/modulo6-engcomp/ponderada-semana1/install/turtlesim/include/turtlesim/turtlesim/srv/detail/set_pen__rosidl_typesupport_fastrtps_c.h
[31.435s] -- Installing: /home/gabriellemitoso/modulo6-engcomp/ponderada-semana1/install/turtlesim/include/turtlesim/turtlesim/srv/detail/spawn__rosidl_typesupport_fastrtps_c.h
[31.435s] -- Installing: /home/gabriellemitoso/modulo6-engcomp/ponderada-semana1/install/turtlesim/include/turtlesim/turtlesim/srv/detail/teleport_absolute__rosidl_typesupport_fastrtps_c.h
[31.435s] -- Installing: /home/gabriellemitoso/modulo6-engcomp/ponderada-semana1/install/turtlesim/lib/libturtlesim__rosidl_typesupport_fastrtps_c.so
[31.435s] -- Set runtime path of "/home/gabriellemitoso/modulo6-engcomp/ponderada-semana1/install/turtlesim/lib/libturtlesim__rosidl_typesupport_fastrtps_c.so" to ""
[31.435s] -- Up-to-date: /home/gabriellemitoso/modulo6-engcomp/ponderada-semana1/install/turtlesim/include/turtlesim/turtlesim
[31.436s] -- Up-to-date: /home/gabriellemitoso/modulo6-engcomp/ponderada-semana1/install/turtlesim/include/turtlesim/turtlesim/action
[31.436s] -- Up-to-date: /home/gabriellemitoso/modulo6-engcomp/ponderada-semana1/install/turtlesim/include/turtlesim/turtlesim/action/detail
[31.436s] -- Installing: /home/gabriellemitoso/modulo6-engcomp/ponderada-semana1/install/turtlesim/include/turtlesim/turtlesim/action/detail/rotate_absolute__traits.hpp
[31.436s] -- Installing: /home/gabriellemitoso/modulo6-engcomp/ponderada-semana1/install/turtlesim/include/turtlesim/turtlesim/action/detail/rotate_absolute__struct.hpp
[31.436s] -- Installing: /home/gabriellemitoso/modulo6-engcomp/ponderada-semana1/install/turtlesim/include/turtlesim/turtlesim/action/detail/rotate_absolute__builder.hpp
[31.436s] -- Installing: /home/gabriellemitoso/modulo6-engcomp/ponderada-semana1/install/turtlesim/include/turtlesim/turtlesim/action/rotate_absolute.hpp
[31.436s] -- Up-to-date: /home/gabriellemitoso/modulo6-engcomp/ponderada-semana1/install/turtlesim/include/turtlesim/turtlesim/msg
[31.436s] -- Up-to-date: /home/gabriellemitoso/modulo6-engcomp/ponderada-semana1/install/turtlesim/include/turtlesim/turtlesim/msg/detail
[31.436s] -- Installing: /home/gabriellemitoso/modulo6-engcomp/ponderada-semana1/install/turtlesim/include/turtlesim/turtlesim/msg/detail/color__traits.hpp
[31.436s] -- Installing: /home/gabriellemitoso/modulo6-engcomp/ponderada-semana1/install/turtlesim/include/turtlesim/turtlesim/msg/detail/color__struct.hpp
[31.436s] -- Installing: /home/gabriellemitoso/modulo6-engcomp/ponderada-semana1/install/turtlesim/include/turtlesim/turtlesim/msg/detail/pose__struct.hpp
[31.436s] -- Installing: /home/gabriellemitoso/modulo6-engcomp/ponderada-semana1/install/turtlesim/include/turtlesim/turtlesim/msg/detail/pose__traits.hpp
[31.436s] -- Installing: /home/gabriellemitoso/modulo6-engcomp/ponderada-semana1/install/turtlesim/include/turtlesim/turtlesim/msg/detail/pose__builder.hpp
[31.436s] -- Installing: /home/gabriellemitoso/modulo6-engcomp/ponderada-semana1/install/turtlesim/include/turtlesim/turtlesim/msg/detail/color__builder.hpp
[31.437s] -- Installing: /home/gabriellemitoso/modulo6-engcomp/ponderada-semana1/install/turtlesim/include/turtlesim/turtlesim/msg/color.hpp
[31.437s] -- Installing: /home/gabriellemitoso/modulo6-engcomp/ponderada-semana1/install/turtlesim/include/turtlesim/turtlesim/msg/pose.hpp
[31.437s] -- Up-to-date: /home/gabriellemitoso/modulo6-engcomp/ponderada-semana1/install/turtlesim/include/turtlesim/turtlesim/srv
[31.437s] -- Up-to-date: /home/gabriellemitoso/modulo6-engcomp/ponderada-semana1/install/turtlesim/include/turtlesim/turtlesim/srv/detail
[31.437s] -- Installing: /home/gabriellemitoso/modulo6-engcomp/ponderada-semana1/install/turtlesim/include/turtlesim/turtlesim/srv/detail/spawn__struct.hpp
[31.437s] -- Installing: /home/gabriellemitoso/modulo6-engcomp/ponderada-semana1/install/turtlesim/include/turtlesim/turtlesim/srv/detail/teleport_absolute__struct.hpp
[31.437s] -- Installing: /home/gabriellemitoso/modulo6-engcomp/ponderada-semana1/install/turtlesim/include/turtlesim/turtlesim/srv/detail/set_pen__struct.hpp
[31.437s] -- Installing: /home/gabriellemitoso/modulo6-engcomp/ponderada-semana1/install/turtlesim/include/turtlesim/turtlesim/srv/detail/spawn__builder.hpp
[31.437s] -- Installing: /home/gabriellemitoso/modulo6-engcomp/ponderada-semana1/install/turtlesim/include/turtlesim/turtlesim/srv/detail/teleport_absolute__traits.hpp
[31.437s] -- Installing: /home/gabriellemitoso/modulo6-engcomp/ponderada-semana1/install/turtlesim/include/turtlesim/turtlesim/srv/detail/teleport_relative__traits.hpp
[31.437s] -- Installing: /home/gabriellemitoso/modulo6-engcomp/ponderada-semana1/install/turtlesim/include/turtlesim/turtlesim/srv/detail/kill__traits.hpp
[31.437s] -- Installing: /home/gabriellemitoso/modulo6-engcomp/ponderada-semana1/install/turtlesim/include/turtlesim/turtlesim/srv/detail/set_pen__traits.hpp
[31.437s] -- Installing: /home/gabriellemitoso/modulo6-engcomp/ponderada-semana1/install/turtlesim/include/turtlesim/turtlesim/srv/detail/kill__builder.hpp
[31.437s] -- Installing: /home/gabriellemitoso/modulo6-engcomp/ponderada-semana1/install/turtlesim/include/turtlesim/turtlesim/srv/detail/teleport_relative__builder.hpp
[31.437s] -- Installing: /home/gabriellemitoso/modulo6-engcomp/ponderada-semana1/install/turtlesim/include/turtlesim/turtlesim/srv/detail/spawn__traits.hpp
[31.437s] -- Installing: /home/gabriellemitoso/modulo6-engcomp/ponderada-semana1/install/turtlesim/include/turtlesim/turtlesim/srv/detail/set_pen__builder.hpp
[31.437s] -- Installing: /home/gabriellemitoso/modulo6-engcomp/ponderada-semana1/install/turtlesim/include/turtlesim/turtlesim/srv/detail/kill__struct.hpp
[31.437s] -- Installing: /home/gabriellemitoso/modulo6-engcomp/ponderada-semana1/install/turtlesim/include/turtlesim/turtlesim/srv/detail/teleport_relative__struct.hpp
[31.438s] -- Installing: /home/gabriellemitoso/modulo6-engcomp/ponderada-semana1/install/turtlesim/include/turtlesim/turtlesim/srv/detail/teleport_absolute__builder.hpp
[31.438s] -- Installing: /home/gabriellemitoso/modulo6-engcomp/ponderada-semana1/install/turtlesim/include/turtlesim/turtlesim/srv/kill.hpp
[31.438s] -- Installing: /home/gabriellemitoso/modulo6-engcomp/ponderada-semana1/install/turtlesim/include/turtlesim/turtlesim/srv/teleport_relative.hpp
[31.438s] -- Installing: /home/gabriellemitoso/modulo6-engcomp/ponderada-semana1/install/turtlesim/include/turtlesim/turtlesim/srv/spawn.hpp
[31.438s] -- Installing: /home/gabriellemitoso/modulo6-engcomp/ponderada-semana1/install/turtlesim/include/turtlesim/turtlesim/srv/set_pen.hpp
[31.438s] -- Installing: /home/gabriellemitoso/modulo6-engcomp/ponderada-semana1/install/turtlesim/include/turtlesim/turtlesim/srv/teleport_absolute.hpp
[31.438s] -- Up-to-date: /home/gabriellemitoso/modulo6-engcomp/ponderada-semana1/install/turtlesim/include/turtlesim/turtlesim
[31.438s] -- Up-to-date: /home/gabriellemitoso/modulo6-engcomp/ponderada-semana1/install/turtlesim/include/turtlesim/turtlesim/action
[31.438s] -- Up-to-date: /home/gabriellemitoso/modulo6-engcomp/ponderada-semana1/install/turtlesim/include/turtlesim/turtlesim/action/detail
[31.438s] -- Installing: /home/gabriellemitoso/modulo6-engcomp/ponderada-semana1/install/turtlesim/include/turtlesim/turtlesim/action/detail/dds_fastrtps
[31.438s] -- Installing: /home/gabriellemitoso/modulo6-engcomp/ponderada-semana1/install/turtlesim/include/turtlesim/turtlesim/action/detail/rotate_absolute__rosidl_typesupport_fastrtps_cpp.hpp
[31.438s] -- Up-to-date: /home/gabriellemitoso/modulo6-engcomp/ponderada-semana1/install/turtlesim/include/turtlesim/turtlesim/msg
[31.438s] -- Up-to-date: /home/gabriellemitoso/modulo6-engcomp/ponderada-semana1/install/turtlesim/include/turtlesim/turtlesim/msg/detail
[31.438s] -- Installing: /home/gabriellemitoso/modulo6-engcomp/ponderada-semana1/install/turtlesim/include/turtlesim/turtlesim/msg/detail/color__rosidl_typesupport_fastrtps_cpp.hpp
[31.438s] -- Installing: /home/gabriellemitoso/modulo6-engcomp/ponderada-semana1/install/turtlesim/include/turtlesim/turtlesim/msg/detail/dds_fastrtps
[31.438s] -- Installing: /home/gabriellemitoso/modulo6-engcomp/ponderada-semana1/install/turtlesim/include/turtlesim/turtlesim/msg/detail/pose__rosidl_typesupport_fastrtps_cpp.hpp
[31.438s] -- Installing: /home/gabriellemitoso/modulo6-engcomp/ponderada-semana1/install/turtlesim/include/turtlesim/turtlesim/msg/rosidl_typesupport_fastrtps_cpp__visibility_control.h
[31.438s] -- Up-to-date: /home/gabriellemitoso/modulo6-engcomp/ponderada-semana1/install/turtlesim/include/turtlesim/turtlesim/srv
[31.439s] -- Up-to-date: /home/gabriellemitoso/modulo6-engcomp/ponderada-semana1/install/turtlesim/include/turtlesim/turtlesim/srv/detail
[31.439s] -- Installing: /home/gabriellemitoso/modulo6-engcomp/ponderada-semana1/install/turtlesim/include/turtlesim/turtlesim/srv/detail/dds_fastrtps
[31.439s] -- Installing: /home/gabriellemitoso/modulo6-engcomp/ponderada-semana1/install/turtlesim/include/turtlesim/turtlesim/srv/detail/set_pen__rosidl_typesupport_fastrtps_cpp.hpp
[31.439s] -- Installing: /home/gabriellemitoso/modulo6-engcomp/ponderada-semana1/install/turtlesim/include/turtlesim/turtlesim/srv/detail/teleport_absolute__rosidl_typesupport_fastrtps_cpp.hpp
[31.439s] -- Installing: /home/gabriellemitoso/modulo6-engcomp/ponderada-semana1/install/turtlesim/include/turtlesim/turtlesim/srv/detail/kill__rosidl_typesupport_fastrtps_cpp.hpp
[31.439s] -- Installing: /home/gabriellemitoso/modulo6-engcomp/ponderada-semana1/install/turtlesim/include/turtlesim/turtlesim/srv/detail/teleport_relative__rosidl_typesupport_fastrtps_cpp.hpp
[31.439s] -- Installing: /home/gabriellemitoso/modulo6-engcomp/ponderada-semana1/install/turtlesim/include/turtlesim/turtlesim/srv/detail/spawn__rosidl_typesupport_fastrtps_cpp.hpp
[31.439s] -- Installing: /home/gabriellemitoso/modulo6-engcomp/ponderada-semana1/install/turtlesim/lib/libturtlesim__rosidl_typesupport_fastrtps_cpp.so
[31.439s] -- Set runtime path of "/home/gabriellemitoso/modulo6-engcomp/ponderada-semana1/install/turtlesim/lib/libturtlesim__rosidl_typesupport_fastrtps_cpp.so" to ""
[31.439s] -- Up-to-date: /home/gabriellemitoso/modulo6-engcomp/ponderada-semana1/install/turtlesim/include/turtlesim/turtlesim
[31.439s] -- Up-to-date: /home/gabriellemitoso/modulo6-engcomp/ponderada-semana1/install/turtlesim/include/turtlesim/turtlesim/action
[31.439s] -- Up-to-date: /home/gabriellemitoso/modulo6-engcomp/ponderada-semana1/install/turtlesim/include/turtlesim/turtlesim/action/detail
[31.439s] -- Installing: /home/gabriellemitoso/modulo6-engcomp/ponderada-semana1/install/turtlesim/include/turtlesim/turtlesim/action/detail/rotate_absolute__rosidl_typesupport_introspection_c.h
[31.439s] -- Installing: /home/gabriellemitoso/modulo6-engcomp/ponderada-semana1/install/turtlesim/include/turtlesim/turtlesim/action/detail/rotate_absolute__type_support.c
[31.439s] -- Up-to-date: /home/gabriellemitoso/modulo6-engcomp/ponderada-semana1/install/turtlesim/include/turtlesim/turtlesim/msg
[31.439s] -- Up-to-date: /home/gabriellemitoso/modulo6-engcomp/ponderada-semana1/install/turtlesim/include/turtlesim/turtlesim/msg/detail
[31.439s] -- Installing: /home/gabriellemitoso/modulo6-engcomp/ponderada-semana1/install/turtlesim/include/turtlesim/turtlesim/msg/detail/pose__type_support.c
[31.440s] -- Installing: /home/gabriellemitoso/modulo6-engcomp/ponderada-semana1/install/turtlesim/include/turtlesim/turtlesim/msg/detail/color__rosidl_typesupport_introspection_c.h
[31.440s] -- Installing: /home/gabriellemitoso/modulo6-engcomp/ponderada-semana1/install/turtlesim/include/turtlesim/turtlesim/msg/detail/pose__rosidl_typesupport_introspection_c.h
[31.440s] -- Installing: /home/gabriellemitoso/modulo6-engcomp/ponderada-semana1/install/turtlesim/include/turtlesim/turtlesim/msg/detail/color__type_support.c
[31.440s] -- Installing: /home/gabriellemitoso/modulo6-engcomp/ponderada-semana1/install/turtlesim/include/turtlesim/turtlesim/msg/rosidl_typesupport_introspection_c__visibility_control.h
[31.440s] -- Up-to-date: /home/gabriellemitoso/modulo6-engcomp/ponderada-semana1/install/turtlesim/include/turtlesim/turtlesim/srv
[31.440s] -- Up-to-date: /home/gabriellemitoso/modulo6-engcomp/ponderada-semana1/install/turtlesim/include/turtlesim/turtlesim/srv/detail
[31.440s] -- Installing: /home/gabriellemitoso/modulo6-engcomp/ponderada-semana1/install/turtlesim/include/turtlesim/turtlesim/srv/detail/set_pen__type_support.c
[31.440s] -- Installing: /home/gabriellemitoso/modulo6-engcomp/ponderada-semana1/install/turtlesim/include/turtlesim/turtlesim/srv/detail/teleport_absolute__type_support.c
[31.440s] -- Installing: /home/gabriellemitoso/modulo6-engcomp/ponderada-semana1/install/turtlesim/include/turtlesim/turtlesim/srv/detail/kill__rosidl_typesupport_introspection_c.h
[31.440s] -- Installing: /home/gabriellemitoso/modulo6-engcomp/ponderada-semana1/install/turtlesim/include/turtlesim/turtlesim/srv/detail/teleport_relative__type_support.c
[31.440s] -- Installing: /home/gabriellemitoso/modulo6-engcomp/ponderada-semana1/install/turtlesim/include/turtlesim/turtlesim/srv/detail/spawn__type_support.c
[31.440s] -- Installing: /home/gabriellemitoso/modulo6-engcomp/ponderada-semana1/install/turtlesim/include/turtlesim/turtlesim/srv/detail/kill__type_support.c
[31.440s] -- Installing: /home/gabriellemitoso/modulo6-engcomp/ponderada-semana1/install/turtlesim/include/turtlesim/turtlesim/srv/detail/teleport_absolute__rosidl_typesupport_introspection_c.h
[31.440s] -- Installing: /home/gabriellemitoso/modulo6-engcomp/ponderada-semana1/install/turtlesim/include/turtlesim/turtlesim/srv/detail/teleport_relative__rosidl_typesupport_introspection_c.h
[31.440s] -- Installing: /home/gabriellemitoso/modulo6-engcomp/ponderada-semana1/install/turtlesim/include/turtlesim/turtlesim/srv/detail/set_pen__rosidl_typesupport_introspection_c.h
[31.440s] -- Installing: /home/gabriellemitoso/modulo6-engcomp/ponderada-semana1/install/turtlesim/include/turtlesim/turtlesim/srv/detail/spawn__rosidl_typesupport_introspection_c.h
[31.440s] -- Installing: /home/gabriellemitoso/modulo6-engcomp/ponderada-semana1/install/turtlesim/lib/libturtlesim__rosidl_typesupport_introspection_c.so
[31.441s] -- Set runtime path of "/home/gabriellemitoso/modulo6-engcomp/ponderada-semana1/install/turtlesim/lib/libturtlesim__rosidl_typesupport_introspection_c.so" to ""
[31.441s] -- Installing: /home/gabriellemitoso/modulo6-engcomp/ponderada-semana1/install/turtlesim/lib/libturtlesim__rosidl_typesupport_c.so
[31.441s] -- Set runtime path of "/home/gabriellemitoso/modulo6-engcomp/ponderada-semana1/install/turtlesim/lib/libturtlesim__rosidl_typesupport_c.so" to ""
[31.441s] -- Up-to-date: /home/gabriellemitoso/modulo6-engcomp/ponderada-semana1/install/turtlesim/include/turtlesim/turtlesim
[31.441s] -- Up-to-date: /home/gabriellemitoso/modulo6-engcomp/ponderada-semana1/install/turtlesim/include/turtlesim/turtlesim/action
[31.441s] -- Up-to-date: /home/gabriellemitoso/modulo6-engcomp/ponderada-semana1/install/turtlesim/include/turtlesim/turtlesim/action/detail
[31.441s] -- Installing: /home/gabriellemitoso/modulo6-engcomp/ponderada-semana1/install/turtlesim/include/turtlesim/turtlesim/action/detail/rotate_absolute__rosidl_typesupport_introspection_cpp.hpp
[31.441s] -- Installing: /home/gabriellemitoso/modulo6-engcomp/ponderada-semana1/install/turtlesim/include/turtlesim/turtlesim/action/detail/rotate_absolute__type_support.cpp
[31.442s] -- Up-to-date: /home/gabriellemitoso/modulo6-engcomp/ponderada-semana1/install/turtlesim/include/turtlesim/turtlesim/msg
[31.442s] -- Up-to-date: /home/gabriellemitoso/modulo6-engcomp/ponderada-semana1/install/turtlesim/include/turtlesim/turtlesim/msg/detail
[31.442s] -- Installing: /home/gabriellemitoso/modulo6-engcomp/ponderada-semana1/install/turtlesim/include/turtlesim/turtlesim/msg/detail/color__rosidl_typesupport_introspection_cpp.hpp
[31.442s] -- Installing: /home/gabriellemitoso/modulo6-engcomp/ponderada-semana1/install/turtlesim/include/turtlesim/turtlesim/msg/detail/pose__rosidl_typesupport_introspection_cpp.hpp
[31.442s] -- Installing: /home/gabriellemitoso/modulo6-engcomp/ponderada-semana1/install/turtlesim/include/turtlesim/turtlesim/msg/detail/pose__type_support.cpp
[31.442s] -- Installing: /home/gabriellemitoso/modulo6-engcomp/ponderada-semana1/install/turtlesim/include/turtlesim/turtlesim/msg/detail/color__type_support.cpp
[31.442s] -- Up-to-date: /home/gabriellemitoso/modulo6-engcomp/ponderada-semana1/install/turtlesim/include/turtlesim/turtlesim/srv
[31.442s] -- Up-to-date: /home/gabriellemitoso/modulo6-engcomp/ponderada-semana1/install/turtlesim/include/turtlesim/turtlesim/srv/detail
[31.442s] -- Installing: /home/gabriellemitoso/modulo6-engcomp/ponderada-semana1/install/turtlesim/include/turtlesim/turtlesim/srv/detail/teleport_relative__type_support.cpp
[31.442s] -- Installing: /home/gabriellemitoso/modulo6-engcomp/ponderada-semana1/install/turtlesim/include/turtlesim/turtlesim/srv/detail/teleport_relative__rosidl_typesupport_introspection_cpp.hpp
[31.442s] -- Installing: /home/gabriellemitoso/modulo6-engcomp/ponderada-semana1/install/turtlesim/include/turtlesim/turtlesim/srv/detail/spawn__type_support.cpp
[31.442s] -- Installing: /home/gabriellemitoso/modulo6-engcomp/ponderada-semana1/install/turtlesim/include/turtlesim/turtlesim/srv/detail/set_pen__rosidl_typesupport_introspection_cpp.hpp
[31.442s] -- Installing: /home/gabriellemitoso/modulo6-engcomp/ponderada-semana1/install/turtlesim/include/turtlesim/turtlesim/srv/detail/kill__rosidl_typesupport_introspection_cpp.hpp
[31.442s] -- Installing: /home/gabriellemitoso/modulo6-engcomp/ponderada-semana1/install/turtlesim/include/turtlesim/turtlesim/srv/detail/set_pen__type_support.cpp
[31.442s] -- Installing: /home/gabriellemitoso/modulo6-engcomp/ponderada-semana1/install/turtlesim/include/turtlesim/turtlesim/srv/detail/teleport_absolute__rosidl_typesupport_introspection_cpp.hpp
[31.442s] -- Installing: /home/gabriellemitoso/modulo6-engcomp/ponderada-semana1/install/turtlesim/include/turtlesim/turtlesim/srv/detail/teleport_absolute__type_support.cpp
[31.443s] -- Installing: /home/gabriellemitoso/modulo6-engcomp/ponderada-semana1/install/turtlesim/include/turtlesim/turtlesim/srv/detail/kill__type_support.cpp
[31.443s] -- Installing: /home/gabriellemitoso/modulo6-engcomp/ponderada-semana1/install/turtlesim/include/turtlesim/turtlesim/srv/detail/spawn__rosidl_typesupport_introspection_cpp.hpp
[31.443s] -- Installing: /home/gabriellemitoso/modulo6-engcomp/ponderada-semana1/install/turtlesim/lib/libturtlesim__rosidl_typesupport_introspection_cpp.so
[31.443s] -- Set runtime path of "/home/gabriellemitoso/modulo6-engcomp/ponderada-semana1/install/turtlesim/lib/libturtlesim__rosidl_typesupport_introspection_cpp.so" to ""
[31.443s] -- Installing: /home/gabriellemitoso/modulo6-engcomp/ponderada-semana1/install/turtlesim/lib/libturtlesim__rosidl_typesupport_cpp.so
[31.444s] -- Set runtime path of "/home/gabriellemitoso/modulo6-engcomp/ponderada-semana1/install/turtlesim/lib/libturtlesim__rosidl_typesupport_cpp.so" to ""
[31.444s] -- Installing: /home/gabriellemitoso/modulo6-engcomp/ponderada-semana1/install/turtlesim/share/turtlesim/environment/pythonpath.sh
[31.444s] -- Installing: /home/gabriellemitoso/modulo6-engcomp/ponderada-semana1/install/turtlesim/share/turtlesim/environment/pythonpath.dsv
[31.444s] -- Installing: /home/gabriellemitoso/modulo6-engcomp/ponderada-semana1/install/turtlesim/local/lib/python3.10/dist-packages/turtlesim-1.4.2-py3.10.egg-info
[31.444s] -- Installing: /home/gabriellemitoso/modulo6-engcomp/ponderada-semana1/install/turtlesim/local/lib/python3.10/dist-packages/turtlesim-1.4.2-py3.10.egg-info/PKG-INFO
[31.444s] -- Installing: /home/gabriellemitoso/modulo6-engcomp/ponderada-semana1/install/turtlesim/local/lib/python3.10/dist-packages/turtlesim-1.4.2-py3.10.egg-info/top_level.txt
[31.444s] -- Installing: /home/gabriellemitoso/modulo6-engcomp/ponderada-semana1/install/turtlesim/local/lib/python3.10/dist-packages/turtlesim-1.4.2-py3.10.egg-info/SOURCES.txt
[31.444s] -- Installing: /home/gabriellemitoso/modulo6-engcomp/ponderada-semana1/install/turtlesim/local/lib/python3.10/dist-packages/turtlesim-1.4.2-py3.10.egg-info/dependency_links.txt
[31.444s] -- Installing: /home/gabriellemitoso/modulo6-engcomp/ponderada-semana1/install/turtlesim/local/lib/python3.10/dist-packages/turtlesim
[31.444s] -- Installing: /home/gabriellemitoso/modulo6-engcomp/ponderada-semana1/install/turtlesim/local/lib/python3.10/dist-packages/turtlesim/_turtlesim_s.ep.rosidl_typesupport_fastrtps_c.c
[31.445s] -- Installing: /home/gabriellemitoso/modulo6-engcomp/ponderada-semana1/install/turtlesim/local/lib/python3.10/dist-packages/turtlesim/_turtlesim_s.ep.rosidl_typesupport_introspection_c.c
[31.445s] -- Installing: /home/gabriellemitoso/modulo6-engcomp/ponderada-semana1/install/turtlesim/local/lib/python3.10/dist-packages/turtlesim/__init__.py
[31.445s] -- Installing: /home/gabriellemitoso/modulo6-engcomp/ponderada-semana1/install/turtlesim/local/lib/python3.10/dist-packages/turtlesim/action
[31.445s] -- Installing: /home/gabriellemitoso/modulo6-engcomp/ponderada-semana1/install/turtlesim/local/lib/python3.10/dist-packages/turtlesim/action/_rotate_absolute_s.c
[31.445s] -- Installing: /home/gabriellemitoso/modulo6-engcomp/ponderada-semana1/install/turtlesim/local/lib/python3.10/dist-packages/turtlesim/action/__init__.py
[31.445s] -- Installing: /home/gabriellemitoso/modulo6-engcomp/ponderada-semana1/install/turtlesim/local/lib/python3.10/dist-packages/turtlesim/action/_rotate_absolute.py
[31.445s] -- Installing: /home/gabriellemitoso/modulo6-engcomp/ponderada-semana1/install/turtlesim/local/lib/python3.10/dist-packages/turtlesim/libturtlesim__rosidl_generator_py.so
[31.445s] -- Installing: /home/gabriellemitoso/modulo6-engcomp/ponderada-semana1/install/turtlesim/local/lib/python3.10/dist-packages/turtlesim/turtlesim_s__rosidl_typesupport_fastrtps_c.cpython-310-x86_64-linux-gnu.so
[31.445s] -- Installing: /home/gabriellemitoso/modulo6-engcomp/ponderada-semana1/install/turtlesim/local/lib/python3.10/dist-packages/turtlesim/turtlesim_s__rosidl_typesupport_c.cpython-310-x86_64-linux-gnu.so
[31.445s] -- Installing: /home/gabriellemitoso/modulo6-engcomp/ponderada-semana1/install/turtlesim/local/lib/python3.10/dist-packages/turtlesim/msg
[31.445s] -- Installing: /home/gabriellemitoso/modulo6-engcomp/ponderada-semana1/install/turtlesim/local/lib/python3.10/dist-packages/turtlesim/msg/__init__.py
[31.445s] -- Installing: /home/gabriellemitoso/modulo6-engcomp/ponderada-semana1/install/turtlesim/local/lib/python3.10/dist-packages/turtlesim/msg/_color_s.c
[31.446s] -- Installing: /home/gabriellemitoso/modulo6-engcomp/ponderada-semana1/install/turtlesim/local/lib/python3.10/dist-packages/turtlesim/msg/_pose_s.c
[31.446s] -- Installing: /home/gabriellemitoso/modulo6-engcomp/ponderada-semana1/install/turtlesim/local/lib/python3.10/dist-packages/turtlesim/msg/_pose.py
[31.446s] -- Installing: /home/gabriellemitoso/modulo6-engcomp/ponderada-semana1/install/turtlesim/local/lib/python3.10/dist-packages/turtlesim/msg/_color.py
[31.446s] -- Installing: /home/gabriellemitoso/modulo6-engcomp/ponderada-semana1/install/turtlesim/local/lib/python3.10/dist-packages/turtlesim/srv
[31.446s] -- Installing: /home/gabriellemitoso/modulo6-engcomp/ponderada-semana1/install/turtlesim/local/lib/python3.10/dist-packages/turtlesim/srv/_set_pen.py
[31.446s] -- Installing: /home/gabriellemitoso/modulo6-engcomp/ponderada-semana1/install/turtlesim/local/lib/python3.10/dist-packages/turtlesim/srv/_teleport_absolute_s.c
[31.446s] -- Installing: /home/gabriellemitoso/modulo6-engcomp/ponderada-semana1/install/turtlesim/local/lib/python3.10/dist-packages/turtlesim/srv/__init__.py
[31.446s] -- Installing: /home/gabriellemitoso/modulo6-engcomp/ponderada-semana1/install/turtlesim/local/lib/python3.10/dist-packages/turtlesim/srv/_teleport_relative.py
[31.446s] -- Installing: /home/gabriellemitoso/modulo6-engcomp/ponderada-semana1/install/turtlesim/local/lib/python3.10/dist-packages/turtlesim/srv/_set_pen_s.c
[31.446s] -- Installing: /home/gabriellemitoso/modulo6-engcomp/ponderada-semana1/install/turtlesim/local/lib/python3.10/dist-packages/turtlesim/srv/_spawn_s.c
[31.446s] -- Installing: /home/gabriellemitoso/modulo6-engcomp/ponderada-semana1/install/turtlesim/local/lib/python3.10/dist-packages/turtlesim/srv/_teleport_relative_s.c
[31.446s] -- Installing: /home/gabriellemitoso/modulo6-engcomp/ponderada-semana1/install/turtlesim/local/lib/python3.10/dist-packages/turtlesim/srv/_kill.py
[31.446s] -- Installing: /home/gabriellemitoso/modulo6-engcomp/ponderada-semana1/install/turtlesim/local/lib/python3.10/dist-packages/turtlesim/srv/_teleport_absolute.py
[31.446s] -- Installing: /home/gabriellemitoso/modulo6-engcomp/ponderada-semana1/install/turtlesim/local/lib/python3.10/dist-packages/turtlesim/srv/_kill_s.c
[31.446s] -- Installing: /home/gabriellemitoso/modulo6-engcomp/ponderada-semana1/install/turtlesim/local/lib/python3.10/dist-packages/turtlesim/srv/_spawn.py
[31.446s] -- Installing: /home/gabriellemitoso/modulo6-engcomp/ponderada-semana1/install/turtlesim/local/lib/python3.10/dist-packages/turtlesim/turtlesim_s__rosidl_typesupport_introspection_c.cpython-310-x86_64-linux-gnu.so
[31.446s] -- Installing: /home/gabriellemitoso/modulo6-engcomp/ponderada-semana1/install/turtlesim/local/lib/python3.10/dist-packages/turtlesim/_turtlesim_s.ep.rosidl_typesupport_c.c
[31.480s] Listing '/home/gabriellemitoso/modulo6-engcomp/ponderada-semana1/install/turtlesim/local/lib/python3.10/dist-packages/turtlesim'...
[31.480s] Compiling '/home/gabriellemitoso/modulo6-engcomp/ponderada-semana1/install/turtlesim/local/lib/python3.10/dist-packages/turtlesim/__init__.py'...
[31.480s] Listing '/home/gabriellemitoso/modulo6-engcomp/ponderada-semana1/install/turtlesim/local/lib/python3.10/dist-packages/turtlesim/action'...
[31.481s] Compiling '/home/gabriellemitoso/modulo6-engcomp/ponderada-semana1/install/turtlesim/local/lib/python3.10/dist-packages/turtlesim/action/__init__.py'...
[31.481s] Compiling '/home/gabriellemitoso/modulo6-engcomp/ponderada-semana1/install/turtlesim/local/lib/python3.10/dist-packages/turtlesim/action/_rotate_absolute.py'...
[31.481s] Listing '/home/gabriellemitoso/modulo6-engcomp/ponderada-semana1/install/turtlesim/local/lib/python3.10/dist-packages/turtlesim/msg'...
[31.481s] Compiling '/home/gabriellemitoso/modulo6-engcomp/ponderada-semana1/install/turtlesim/local/lib/python3.10/dist-packages/turtlesim/msg/__init__.py'...
[31.481s] Compiling '/home/gabriellemitoso/modulo6-engcomp/ponderada-semana1/install/turtlesim/local/lib/python3.10/dist-packages/turtlesim/msg/_color.py'...
[31.481s] Compiling '/home/gabriellemitoso/modulo6-engcomp/ponderada-semana1/install/turtlesim/local/lib/python3.10/dist-packages/turtlesim/msg/_pose.py'...
[31.481s] Listing '/home/gabriellemitoso/modulo6-engcomp/ponderada-semana1/install/turtlesim/local/lib/python3.10/dist-packages/turtlesim/srv'...
[31.481s] Compiling '/home/gabriellemitoso/modulo6-engcomp/ponderada-semana1/install/turtlesim/local/lib/python3.10/dist-packages/turtlesim/srv/__init__.py'...
[31.481s] Compiling '/home/gabriellemitoso/modulo6-engcomp/ponderada-semana1/install/turtlesim/local/lib/python3.10/dist-packages/turtlesim/srv/_kill.py'...
[31.481s] Compiling '/home/gabriellemitoso/modulo6-engcomp/ponderada-semana1/install/turtlesim/local/lib/python3.10/dist-packages/turtlesim/srv/_set_pen.py'...
[31.481s] Compiling '/home/gabriellemitoso/modulo6-engcomp/ponderada-semana1/install/turtlesim/local/lib/python3.10/dist-packages/turtlesim/srv/_spawn.py'...
[31.481s] Compiling '/home/gabriellemitoso/modulo6-engcomp/ponderada-semana1/install/turtlesim/local/lib/python3.10/dist-packages/turtlesim/srv/_teleport_absolute.py'...
[31.482s] Compiling '/home/gabriellemitoso/modulo6-engcomp/ponderada-semana1/install/turtlesim/local/lib/python3.10/dist-packages/turtlesim/srv/_teleport_relative.py'...
[31.485s] -- Installing: /home/gabriellemitoso/modulo6-engcomp/ponderada-semana1/install/turtlesim/local/lib/python3.10/dist-packages/turtlesim/turtlesim_s__rosidl_typesupport_fastrtps_c.cpython-310-x86_64-linux-gnu.so
[31.485s] -- Set runtime path of "/home/gabriellemitoso/modulo6-engcomp/ponderada-semana1/install/turtlesim/local/lib/python3.10/dist-packages/turtlesim/turtlesim_s__rosidl_typesupport_fastrtps_c.cpython-310-x86_64-linux-gnu.so" to ""
[31.485s] -- Installing: /home/gabriellemitoso/modulo6-engcomp/ponderada-semana1/install/turtlesim/local/lib/python3.10/dist-packages/turtlesim/turtlesim_s__rosidl_typesupport_introspection_c.cpython-310-x86_64-linux-gnu.so
[31.485s] -- Set runtime path of "/home/gabriellemitoso/modulo6-engcomp/ponderada-semana1/install/turtlesim/local/lib/python3.10/dist-packages/turtlesim/turtlesim_s__rosidl_typesupport_introspection_c.cpython-310-x86_64-linux-gnu.so" to ""
[31.485s] -- Installing: /home/gabriellemitoso/modulo6-engcomp/ponderada-semana1/install/turtlesim/local/lib/python3.10/dist-packages/turtlesim/turtlesim_s__rosidl_typesupport_c.cpython-310-x86_64-linux-gnu.so
[31.485s] -- Set runtime path of "/home/gabriellemitoso/modulo6-engcomp/ponderada-semana1/install/turtlesim/local/lib/python3.10/dist-packages/turtlesim/turtlesim_s__rosidl_typesupport_c.cpython-310-x86_64-linux-gnu.so" to ""
[31.486s] -- Installing: /home/gabriellemitoso/modulo6-engcomp/ponderada-semana1/install/turtlesim/lib/libturtlesim__rosidl_generator_py.so
[31.486s] -- Set runtime path of "/home/gabriellemitoso/modulo6-engcomp/ponderada-semana1/install/turtlesim/lib/libturtlesim__rosidl_generator_py.so" to ""
[31.486s] -- Installing: /home/gabriellemitoso/modulo6-engcomp/ponderada-semana1/install/turtlesim/share/turtlesim/action/RotateAbsolute.idl
[31.486s] -- Installing: /home/gabriellemitoso/modulo6-engcomp/ponderada-semana1/install/turtlesim/share/turtlesim/msg/Color.idl
[31.486s] -- Installing: /home/gabriellemitoso/modulo6-engcomp/ponderada-semana1/install/turtlesim/share/turtlesim/msg/Pose.idl
[31.486s] -- Installing: /home/gabriellemitoso/modulo6-engcomp/ponderada-semana1/install/turtlesim/share/turtlesim/srv/Kill.idl
[31.486s] -- Installing: /home/gabriellemitoso/modulo6-engcomp/ponderada-semana1/install/turtlesim/share/turtlesim/srv/SetPen.idl
[31.486s] -- Installing: /home/gabriellemitoso/modulo6-engcomp/ponderada-semana1/install/turtlesim/share/turtlesim/srv/Spawn.idl
[31.486s] -- Installing: /home/gabriellemitoso/modulo6-engcomp/ponderada-semana1/install/turtlesim/share/turtlesim/srv/TeleportAbsolute.idl
[31.487s] -- Installing: /home/gabriellemitoso/modulo6-engcomp/ponderada-semana1/install/turtlesim/share/turtlesim/srv/TeleportRelative.idl
[31.487s] -- Installing: /home/gabriellemitoso/modulo6-engcomp/ponderada-semana1/install/turtlesim/share/turtlesim/action/RotateAbsolute.action
[31.487s] -- Installing: /home/gabriellemitoso/modulo6-engcomp/ponderada-semana1/install/turtlesim/share/turtlesim/msg/Color.msg
[31.487s] -- Installing: /home/gabriellemitoso/modulo6-engcomp/ponderada-semana1/install/turtlesim/share/turtlesim/msg/Pose.msg
[31.487s] -- Installing: /home/gabriellemitoso/modulo6-engcomp/ponderada-semana1/install/turtlesim/share/turtlesim/srv/Kill.srv
[31.487s] -- Installing: /home/gabriellemitoso/modulo6-engcomp/ponderada-semana1/install/turtlesim/share/turtlesim/srv/Kill_Request.msg
[31.487s] -- Installing: /home/gabriellemitoso/modulo6-engcomp/ponderada-semana1/install/turtlesim/share/turtlesim/srv/Kill_Response.msg
[31.487s] -- Installing: /home/gabriellemitoso/modulo6-engcomp/ponderada-semana1/install/turtlesim/share/turtlesim/srv/SetPen.srv
[31.487s] -- Installing: /home/gabriellemitoso/modulo6-engcomp/ponderada-semana1/install/turtlesim/share/turtlesim/srv/SetPen_Request.msg
[31.487s] -- Installing: /home/gabriellemitoso/modulo6-engcomp/ponderada-semana1/install/turtlesim/share/turtlesim/srv/SetPen_Response.msg
[31.487s] -- Installing: /home/gabriellemitoso/modulo6-engcomp/ponderada-semana1/install/turtlesim/share/turtlesim/srv/Spawn.srv
[31.487s] -- Installing: /home/gabriellemitoso/modulo6-engcomp/ponderada-semana1/install/turtlesim/share/turtlesim/srv/Spawn_Request.msg
[31.487s] -- Installing: /home/gabriellemitoso/modulo6-engcomp/ponderada-semana1/install/turtlesim/share/turtlesim/srv/Spawn_Response.msg
[31.487s] -- Installing: /home/gabriellemitoso/modulo6-engcomp/ponderada-semana1/install/turtlesim/share/turtlesim/srv/TeleportAbsolute.srv
[31.487s] -- Installing: /home/gabriellemitoso/modulo6-engcomp/ponderada-semana1/install/turtlesim/share/turtlesim/srv/TeleportAbsolute_Request.msg
[31.488s] -- Installing: /home/gabriellemitoso/modulo6-engcomp/ponderada-semana1/install/turtlesim/share/turtlesim/srv/TeleportAbsolute_Response.msg
[31.488s] -- Installing: /home/gabriellemitoso/modulo6-engcomp/ponderada-semana1/install/turtlesim/share/turtlesim/srv/TeleportRelative.srv
[31.488s] -- Installing: /home/gabriellemitoso/modulo6-engcomp/ponderada-semana1/install/turtlesim/share/turtlesim/srv/TeleportRelative_Request.msg
[31.488s] -- Installing: /home/gabriellemitoso/modulo6-engcomp/ponderada-semana1/install/turtlesim/share/turtlesim/srv/TeleportRelative_Response.msg
[31.488s] -- Installing: /home/gabriellemitoso/modulo6-engcomp/ponderada-semana1/install/turtlesim/lib/turtlesim/turtlesim_node
[31.498s] -- Set runtime path of "/home/gabriellemitoso/modulo6-engcomp/ponderada-semana1/install/turtlesim/lib/turtlesim/turtlesim_node" to ""
[31.498s] -- Installing: /home/gabriellemitoso/modulo6-engcomp/ponderada-semana1/install/turtlesim/lib/turtlesim/turtle_teleop_key
[31.500s] -- Set runtime path of "/home/gabriellemitoso/modulo6-engcomp/ponderada-semana1/install/turtlesim/lib/turtlesim/turtle_teleop_key" to ""
[31.500s] -- Installing: /home/gabriellemitoso/modulo6-engcomp/ponderada-semana1/install/turtlesim/lib/turtlesim/draw_square
[31.505s] -- Set runtime path of "/home/gabriellemitoso/modulo6-engcomp/ponderada-semana1/install/turtlesim/lib/turtlesim/draw_square" to ""
[31.505s] -- Installing: /home/gabriellemitoso/modulo6-engcomp/ponderada-semana1/install/turtlesim/lib/turtlesim/mimic
[31.510s] -- Set runtime path of "/home/gabriellemitoso/modulo6-engcomp/ponderada-semana1/install/turtlesim/lib/turtlesim/mimic" to ""
[31.510s] -- Installing: /home/gabriellemitoso/modulo6-engcomp/ponderada-semana1/install/turtlesim/share/turtlesim/images
[31.510s] -- Installing: /home/gabriellemitoso/modulo6-engcomp/ponderada-semana1/install/turtlesim/share/turtlesim/images/bouncy.png
[31.510s] -- Installing: /home/gabriellemitoso/modulo6-engcomp/ponderada-semana1/install/turtlesim/share/turtlesim/images/dashing.png
[31.510s] -- Installing: /home/gabriellemitoso/modulo6-engcomp/ponderada-semana1/install/turtlesim/share/turtlesim/images/foxy.png
[31.510s] -- Installing: /home/gabriellemitoso/modulo6-engcomp/ponderada-semana1/install/turtlesim/share/turtlesim/images/rolling.png
[31.510s] -- Installing: /home/gabriellemitoso/modulo6-engcomp/ponderada-semana1/install/turtlesim/share/turtlesim/images/crystal.png
[31.510s] -- Installing: /home/gabriellemitoso/modulo6-engcomp/ponderada-semana1/install/turtlesim/share/turtlesim/images/humble.png
[31.510s] -- Installing: /home/gabriellemitoso/modulo6-engcomp/ponderada-semana1/install/turtlesim/share/turtlesim/images/galactic.png
[31.510s] -- Installing: /home/gabriellemitoso/modulo6-engcomp/ponderada-semana1/install/turtlesim/share/turtlesim/images/ardent.png
[31.510s] -- Installing: /home/gabriellemitoso/modulo6-engcomp/ponderada-semana1/install/turtlesim/share/turtlesim/images/eloquent.png
[31.510s] -- Installing: /home/gabriellemitoso/modulo6-engcomp/ponderada-semana1/install/turtlesim/share/turtlesim/launch
[31.510s] -- Installing: /home/gabriellemitoso/modulo6-engcomp/ponderada-semana1/install/turtlesim/share/turtlesim/launch/multisim.launch.py
[31.510s] -- Installing: /home/gabriellemitoso/modulo6-engcomp/ponderada-semana1/install/turtlesim/share/ament_index/resource_index/package_run_dependencies/turtlesim
[31.511s] -- Installing: /home/gabriellemitoso/modulo6-engcomp/ponderada-semana1/install/turtlesim/share/ament_index/resource_index/parent_prefix_path/turtlesim
[31.511s] -- Installing: /home/gabriellemitoso/modulo6-engcomp/ponderada-semana1/install/turtlesim/share/turtlesim/environment/ament_prefix_path.sh
[31.511s] -- Installing: /home/gabriellemitoso/modulo6-engcomp/ponderada-semana1/install/turtlesim/share/turtlesim/environment/ament_prefix_path.dsv
[31.511s] -- Installing: /home/gabriellemitoso/modulo6-engcomp/ponderada-semana1/install/turtlesim/share/turtlesim/environment/path.sh
[31.511s] -- Installing: /home/gabriellemitoso/modulo6-engcomp/ponderada-semana1/install/turtlesim/share/turtlesim/environment/path.dsv
[31.511s] -- Installing: /home/gabriellemitoso/modulo6-engcomp/ponderada-semana1/install/turtlesim/share/turtlesim/local_setup.bash
[31.511s] -- Installing: /home/gabriellemitoso/modulo6-engcomp/ponderada-semana1/install/turtlesim/share/turtlesim/local_setup.sh
[31.511s] -- Installing: /home/gabriellemitoso/modulo6-engcomp/ponderada-semana1/install/turtlesim/share/turtlesim/local_setup.zsh
[31.511s] -- Installing: /home/gabriellemitoso/modulo6-engcomp/ponderada-semana1/install/turtlesim/share/turtlesim/local_setup.dsv
[31.511s] -- Installing: /home/gabriellemitoso/modulo6-engcomp/ponderada-semana1/install/turtlesim/share/turtlesim/package.dsv
[31.511s] -- Installing: /home/gabriellemitoso/modulo6-engcomp/ponderada-semana1/install/turtlesim/share/ament_index/resource_index/packages/turtlesim
[31.511s] -- Installing: /home/gabriellemitoso/modulo6-engcomp/ponderada-semana1/install/turtlesim/share/turtlesim/cmake/export_turtlesim__rosidl_generator_cExport.cmake
[31.511s] -- Installing: /home/gabriellemitoso/modulo6-engcomp/ponderada-semana1/install/turtlesim/share/turtlesim/cmake/export_turtlesim__rosidl_generator_cExport-noconfig.cmake
[31.512s] -- Installing: /home/gabriellemitoso/modulo6-engcomp/ponderada-semana1/install/turtlesim/share/turtlesim/cmake/export_turtlesim__rosidl_typesupport_fastrtps_cExport.cmake
[31.512s] -- Installing: /home/gabriellemitoso/modulo6-engcomp/ponderada-semana1/install/turtlesim/share/turtlesim/cmake/export_turtlesim__rosidl_typesupport_fastrtps_cExport-noconfig.cmake
[31.512s] -- Installing: /home/gabriellemitoso/modulo6-engcomp/ponderada-semana1/install/turtlesim/share/turtlesim/cmake/export_turtlesim__rosidl_generator_cppExport.cmake
[31.512s] -- Installing: /home/gabriellemitoso/modulo6-engcomp/ponderada-semana1/install/turtlesim/share/turtlesim/cmake/export_turtlesim__rosidl_typesupport_fastrtps_cppExport.cmake
[31.512s] -- Installing: /home/gabriellemitoso/modulo6-engcomp/ponderada-semana1/install/turtlesim/share/turtlesim/cmake/export_turtlesim__rosidl_typesupport_fastrtps_cppExport-noconfig.cmake
[31.512s] -- Installing: /home/gabriellemitoso/modulo6-engcomp/ponderada-semana1/install/turtlesim/share/turtlesim/cmake/turtlesim__rosidl_typesupport_introspection_cExport.cmake
[31.512s] -- Installing: /home/gabriellemitoso/modulo6-engcomp/ponderada-semana1/install/turtlesim/share/turtlesim/cmake/turtlesim__rosidl_typesupport_introspection_cExport-noconfig.cmake
[31.512s] -- Installing: /home/gabriellemitoso/modulo6-engcomp/ponderada-semana1/install/turtlesim/share/turtlesim/cmake/turtlesim__rosidl_typesupport_cExport.cmake
[31.512s] -- Installing: /home/gabriellemitoso/modulo6-engcomp/ponderada-semana1/install/turtlesim/share/turtlesim/cmake/turtlesim__rosidl_typesupport_cExport-noconfig.cmake
[31.512s] -- Installing: /home/gabriellemitoso/modulo6-engcomp/ponderada-semana1/install/turtlesim/share/turtlesim/cmake/turtlesim__rosidl_typesupport_introspection_cppExport.cmake
[31.512s] -- Installing: /home/gabriellemitoso/modulo6-engcomp/ponderada-semana1/install/turtlesim/share/turtlesim/cmake/turtlesim__rosidl_typesupport_introspection_cppExport-noconfig.cmake
[31.513s] -- Installing: /home/gabriellemitoso/modulo6-engcomp/ponderada-semana1/install/turtlesim/share/turtlesim/cmake/turtlesim__rosidl_typesupport_cppExport.cmake
[31.513s] -- Installing: /home/gabriellemitoso/modulo6-engcomp/ponderada-semana1/install/turtlesim/share/turtlesim/cmake/turtlesim__rosidl_typesupport_cppExport-noconfig.cmake
[31.513s] -- Installing: /home/gabriellemitoso/modulo6-engcomp/ponderada-semana1/install/turtlesim/share/turtlesim/cmake/export_turtlesim__rosidl_generator_pyExport.cmake
[31.513s] -- Installing: /home/gabriellemitoso/modulo6-engcomp/ponderada-semana1/install/turtlesim/share/turtlesim/cmake/export_turtlesim__rosidl_generator_pyExport-noconfig.cmake
[31.513s] -- Installing: /home/gabriellemitoso/modulo6-engcomp/ponderada-semana1/install/turtlesim/share/turtlesim/cmake/rosidl_cmake-extras.cmake
[31.513s] -- Installing: /home/gabriellemitoso/modulo6-engcomp/ponderada-semana1/install/turtlesim/share/turtlesim/cmake/ament_cmake_export_dependencies-extras.cmake
[31.513s] -- Installing: /home/gabriellemitoso/modulo6-engcomp/ponderada-semana1/install/turtlesim/share/turtlesim/cmake/ament_cmake_export_include_directories-extras.cmake
[31.513s] -- Installing: /home/gabriellemitoso/modulo6-engcomp/ponderada-semana1/install/turtlesim/share/turtlesim/cmake/ament_cmake_export_libraries-extras.cmake
[31.513s] -- Installing: /home/gabriellemitoso/modulo6-engcomp/ponderada-semana1/install/turtlesim/share/turtlesim/cmake/ament_cmake_export_targets-extras.cmake
[31.513s] -- Installing: /home/gabriellemitoso/modulo6-engcomp/ponderada-semana1/install/turtlesim/share/turtlesim/cmake/rosidl_cmake_export_typesupport_targets-extras.cmake
[31.513s] -- Installing: /home/gabriellemitoso/modulo6-engcomp/ponderada-semana1/install/turtlesim/share/turtlesim/cmake/rosidl_cmake_export_typesupport_libraries-extras.cmake
[31.513s] -- Installing: /home/gabriellemitoso/modulo6-engcomp/ponderada-semana1/install/turtlesim/share/turtlesim/cmake/turtlesimConfig.cmake
[31.514s] -- Installing: /home/gabriellemitoso/modulo6-engcomp/ponderada-semana1/install/turtlesim/share/turtlesim/cmake/turtlesimConfig-version.cmake
[31.514s] -- Installing: /home/gabriellemitoso/modulo6-engcomp/ponderada-semana1/install/turtlesim/share/turtlesim/package.xml
[31.516s] Invoked command in '/home/gabriellemitoso/modulo6-engcomp/ponderada-semana1/build/turtlesim' returned '0': CMAKE_PREFIX_PATH=/opt/ros/humble /usr/bin/cmake --install /home/gabriellemitoso/modulo6-engcomp/ponderada-semana1/build/turtlesim
