[1.666s] Invoking command in '/home/gabriellemitoso/modulo6-engcomp/ponderada-semana1/src/ola_mundo': PYTHONPATH=/home/gabriellemitoso/modulo6-engcomp/ponderada-semana1/build/ola_mundo/prefix_override:/home/gabriellemitoso/modulo6-engcomp/ponderada-semana1/install/ola_mundo/lib/python3.10/site-packages:${PYTHONPATH} /usr/bin/python3 -W ignore:setup.py install is deprecated setup.py egg_info --egg-base ../../build/ola_mundo build --build-base /home/gabriellemitoso/modulo6-engcomp/ponderada-semana1/build/ola_mundo/build install --record /home/gabriellemitoso/modulo6-engcomp/ponderada-semana1/build/ola_mundo/install.log --single-version-externally-managed install_data
[1.863s] running egg_info
[1.864s] writing ../../build/ola_mundo/ola_mundo.egg-info/PKG-INFO
[1.866s] writing dependency_links to ../../build/ola_mundo/ola_mundo.egg-info/dependency_links.txt
[1.867s] writing entry points to ../../build/ola_mundo/ola_mundo.egg-info/entry_points.txt
[1.867s] writing requirements to ../../build/ola_mundo/ola_mundo.egg-info/requires.txt
[1.867s] writing top-level names to ../../build/ola_mundo/ola_mundo.egg-info/top_level.txt
[1.870s] reading manifest file '../../build/ola_mundo/ola_mundo.egg-info/SOURCES.txt'
[1.872s] writing manifest file '../../build/ola_mundo/ola_mundo.egg-info/SOURCES.txt'
[1.873s] running build
[1.873s] running build_py
[1.873s] copying ola_mundo/ola.py -> /home/gabriellemitoso/modulo6-engcomp/ponderada-semana1/build/ola_mundo/build/lib/ola_mundo
[1.873s] running install
[1.873s] running install_lib
[1.874s] copying /home/gabriellemitoso/modulo6-engcomp/ponderada-semana1/build/ola_mundo/build/lib/ola_mundo/ola.py -> /home/gabriellemitoso/modulo6-engcomp/ponderada-semana1/install/ola_mundo/lib/python3.10/site-packages/ola_mundo
[1.874s] byte-compiling /home/gabriellemitoso/modulo6-engcomp/ponderada-semana1/install/ola_mundo/lib/python3.10/site-packages/ola_mundo/ola.py to ola.cpython-310.pyc
[1.875s] running install_data
[1.875s] running install_egg_info
[1.877s] removing '/home/gabriellemitoso/modulo6-engcomp/ponderada-semana1/install/ola_mundo/lib/python3.10/site-packages/ola_mundo-0.0.0-py3.10.egg-info' (and everything under it)
[1.877s] Copying ../../build/ola_mundo/ola_mundo.egg-info to /home/gabriellemitoso/modulo6-engcomp/ponderada-semana1/install/ola_mundo/lib/python3.10/site-packages/ola_mundo-0.0.0-py3.10.egg-info
[1.888s] running install_scripts
[1.910s] Installing ola script to /home/gabriellemitoso/modulo6-engcomp/ponderada-semana1/install/ola_mundo/lib/ola_mundo
[1.910s] writing list of installed files to '/home/gabriellemitoso/modulo6-engcomp/ponderada-semana1/build/ola_mundo/install.log'
[1.948s] Invoked command in '/home/gabriellemitoso/modulo6-engcomp/ponderada-semana1/src/ola_mundo' returned '0': PYTHONPATH=/home/gabriellemitoso/modulo6-engcomp/ponderada-semana1/build/ola_mundo/prefix_override:/home/gabriellemitoso/modulo6-engcomp/ponderada-semana1/install/ola_mundo/lib/python3.10/site-packages:${PYTHONPATH} /usr/bin/python3 -W ignore:setup.py install is deprecated setup.py egg_info --egg-base ../../build/ola_mundo build --build-base /home/gabriellemitoso/modulo6-engcomp/ponderada-semana1/build/ola_mundo/build install --record /home/gabriellemitoso/modulo6-engcomp/ponderada-semana1/build/ola_mundo/install.log --single-version-externally-managed install_data
