[0.632s] Invoking command in '/home/gabriellemitoso/modulo6-engcomp/ponderada-semana7/meu_workspace/src/turtle_gabi': PYTHONPATH=/home/gabriellemitoso/modulo6-engcomp/ponderada-semana7/meu_workspace/build/turtle_gabi/prefix_override:/home/gabriellemitoso/modulo6-engcomp/ponderada-semana7/meu_workspace/install/turtle_gabi/lib/python3.10/site-packages:${PYTHONPATH} /usr/bin/python3 -W ignore:setup.py install is deprecated setup.py egg_info --egg-base ../../build/turtle_gabi build --build-base /home/gabriellemitoso/modulo6-engcomp/ponderada-semana7/meu_workspace/build/turtle_gabi/build install --record /home/gabriellemitoso/modulo6-engcomp/ponderada-semana7/meu_workspace/build/turtle_gabi/install.log --single-version-externally-managed install_data
[0.879s] running egg_info
[0.880s] writing ../../build/turtle_gabi/turtle_gabi.egg-info/PKG-INFO
[0.880s] writing dependency_links to ../../build/turtle_gabi/turtle_gabi.egg-info/dependency_links.txt
[0.880s] writing entry points to ../../build/turtle_gabi/turtle_gabi.egg-info/entry_points.txt
[0.880s] writing requirements to ../../build/turtle_gabi/turtle_gabi.egg-info/requires.txt
[0.880s] writing top-level names to ../../build/turtle_gabi/turtle_gabi.egg-info/top_level.txt
[0.880s] reading manifest file '../../build/turtle_gabi/turtle_gabi.egg-info/SOURCES.txt'
[0.880s] writing manifest file '../../build/turtle_gabi/turtle_gabi.egg-info/SOURCES.txt'
[0.880s] running build
[0.881s] running build_py
[0.881s] copying turtle_gabi/turtle_gabi.py -> /home/gabriellemitoso/modulo6-engcomp/ponderada-semana7/meu_workspace/build/turtle_gabi/build/lib/turtle_gabi
[0.881s] running install
[0.881s] running install_lib
[0.881s] copying /home/gabriellemitoso/modulo6-engcomp/ponderada-semana7/meu_workspace/build/turtle_gabi/build/lib/turtle_gabi/turtle_gabi.py -> /home/gabriellemitoso/modulo6-engcomp/ponderada-semana7/meu_workspace/install/turtle_gabi/lib/python3.10/site-packages/turtle_gabi
[0.881s] byte-compiling /home/gabriellemitoso/modulo6-engcomp/ponderada-semana7/meu_workspace/install/turtle_gabi/lib/python3.10/site-packages/turtle_gabi/turtle_gabi.py to turtle_gabi.cpython-310.pyc
[0.881s] running install_data
[0.881s] running install_egg_info
[0.882s] removing '/home/gabriellemitoso/modulo6-engcomp/ponderada-semana7/meu_workspace/install/turtle_gabi/lib/python3.10/site-packages/turtle_gabi-0.0.0-py3.10.egg-info' (and everything under it)
[0.882s] Copying ../../build/turtle_gabi/turtle_gabi.egg-info to /home/gabriellemitoso/modulo6-engcomp/ponderada-semana7/meu_workspace/install/turtle_gabi/lib/python3.10/site-packages/turtle_gabi-0.0.0-py3.10.egg-info
[0.882s] running install_scripts
[0.905s] Installing turtle_gabi script to /home/gabriellemitoso/modulo6-engcomp/ponderada-semana7/meu_workspace/install/turtle_gabi/lib/turtle_gabi
[0.906s] writing list of installed files to '/home/gabriellemitoso/modulo6-engcomp/ponderada-semana7/meu_workspace/build/turtle_gabi/install.log'
[0.936s] Invoked command in '/home/gabriellemitoso/modulo6-engcomp/ponderada-semana7/meu_workspace/src/turtle_gabi' returned '0': PYTHONPATH=/home/gabriellemitoso/modulo6-engcomp/ponderada-semana7/meu_workspace/build/turtle_gabi/prefix_override:/home/gabriellemitoso/modulo6-engcomp/ponderada-semana7/meu_workspace/install/turtle_gabi/lib/python3.10/site-packages:${PYTHONPATH} /usr/bin/python3 -W ignore:setup.py install is deprecated setup.py egg_info --egg-base ../../build/turtle_gabi build --build-base /home/gabriellemitoso/modulo6-engcomp/ponderada-semana7/meu_workspace/build/turtle_gabi/build install --record /home/gabriellemitoso/modulo6-engcomp/ponderada-semana7/meu_workspace/build/turtle_gabi/install.log --single-version-externally-managed install_data
