[0.544s] Invoking command in '/home/gabriellemitoso/modulo6-engcomp/ponderada-semana7/meu_workspace/src/turtle_gabi': PYTHONPATH=/home/gabriellemitoso/modulo6-engcomp/ponderada-semana7/meu_workspace/build/turtle_gabi/prefix_override:/home/gabriellemitoso/modulo6-engcomp/ponderada-semana7/meu_workspace/install/turtle_gabi/lib/python3.10/site-packages:${PYTHONPATH} /usr/bin/python3 -W ignore:setup.py install is deprecated setup.py egg_info --egg-base ../../build/turtle_gabi build --build-base /home/gabriellemitoso/modulo6-engcomp/ponderada-semana7/meu_workspace/build/turtle_gabi/build install --record /home/gabriellemitoso/modulo6-engcomp/ponderada-semana7/meu_workspace/build/turtle_gabi/install.log --single-version-externally-managed install_data
[0.727s] running egg_info
[0.727s] writing ../../build/turtle_gabi/turtle_gabi.egg-info/PKG-INFO
[0.728s] writing dependency_links to ../../build/turtle_gabi/turtle_gabi.egg-info/dependency_links.txt
[0.728s] writing entry points to ../../build/turtle_gabi/turtle_gabi.egg-info/entry_points.txt
[0.728s] writing requirements to ../../build/turtle_gabi/turtle_gabi.egg-info/requires.txt
[0.728s] writing top-level names to ../../build/turtle_gabi/turtle_gabi.egg-info/top_level.txt
[0.729s] reading manifest file '../../build/turtle_gabi/turtle_gabi.egg-info/SOURCES.txt'
[0.730s] writing manifest file '../../build/turtle_gabi/turtle_gabi.egg-info/SOURCES.txt'
[0.730s] running build
[0.730s] running build_py
[0.731s] running install
[0.731s] running install_lib
[0.733s] running install_data
[0.733s] running install_egg_info
[0.734s] removing '/home/gabriellemitoso/modulo6-engcomp/ponderada-semana7/meu_workspace/install/turtle_gabi/lib/python3.10/site-packages/turtle_gabi-0.0.0-py3.10.egg-info' (and everything under it)
[0.734s] Copying ../../build/turtle_gabi/turtle_gabi.egg-info to /home/gabriellemitoso/modulo6-engcomp/ponderada-semana7/meu_workspace/install/turtle_gabi/lib/python3.10/site-packages/turtle_gabi-0.0.0-py3.10.egg-info
[0.735s] running install_scripts
[0.751s] Installing turtle_gabi script to /home/gabriellemitoso/modulo6-engcomp/ponderada-semana7/meu_workspace/install/turtle_gabi/lib/turtle_gabi
[0.751s] writing list of installed files to '/home/gabriellemitoso/modulo6-engcomp/ponderada-semana7/meu_workspace/build/turtle_gabi/install.log'
[0.771s] Invoked command in '/home/gabriellemitoso/modulo6-engcomp/ponderada-semana7/meu_workspace/src/turtle_gabi' returned '0': PYTHONPATH=/home/gabriellemitoso/modulo6-engcomp/ponderada-semana7/meu_workspace/build/turtle_gabi/prefix_override:/home/gabriellemitoso/modulo6-engcomp/ponderada-semana7/meu_workspace/install/turtle_gabi/lib/python3.10/site-packages:${PYTHONPATH} /usr/bin/python3 -W ignore:setup.py install is deprecated setup.py egg_info --egg-base ../../build/turtle_gabi build --build-base /home/gabriellemitoso/modulo6-engcomp/ponderada-semana7/meu_workspace/build/turtle_gabi/build install --record /home/gabriellemitoso/modulo6-engcomp/ponderada-semana7/meu_workspace/build/turtle_gabi/install.log --single-version-externally-managed install_data
