[0.175s] Invoking command in '/home/gabriellemitoso/modulo6-engcomp/ponderada-semana1/build/turtlesim': CMAKE_PREFIX_PATH=${CMAKE_PREFIX_PATH}:/opt/ros/humble /usr/bin/cmake --build /home/gabriellemitoso/modulo6-engcomp/ponderada-semana1/build/turtlesim -- -j8 -l8
[0.213s] [  1%] Built target turtlesim__cpp
[0.214s] [ 11%] Built target turtlesim__rosidl_generator_c
[0.225s] [ 11%] Built target ament_cmake_python_copy_turtlesim
[0.239s] [ 21%] Built target turtlesim__rosidl_typesupport_introspection_c
[0.240s] [ 31%] Built target turtlesim__rosidl_typesupport_c
[0.245s] [ 41%] Built target turtlesim__rosidl_typesupport_introspection_cpp
[0.246s] [ 51%] Built target turtlesim__rosidl_typesupport_cpp
[0.251s] [ 61%] Built target turtlesim__rosidl_typesupport_fastrtps_cpp
[0.255s] [ 71%] Built target turtlesim__rosidl_typesupport_fastrtps_c
[0.262s] [35m[1mConsolidate compiler generated dependencies of target turtle_teleop_key[0m
[0.276s] [ 71%] Built target turtlesim
[0.278s] [ 73%] Built target mimic
[0.278s] [ 75%] Built target draw_square
[0.283s] [ 81%] Built target turtlesim_node
[0.285s] [ 82%] [32mBuilding CXX object CMakeFiles/turtle_teleop_key.dir/tutorials/teleop_turtle_key.cpp.o[0m
[0.294s] [ 83%] Built target turtlesim__py
[0.314s] [ 92%] Built target turtlesim__rosidl_generator_py
[0.334s] [ 94%] Built target turtlesim__rosidl_typesupport_fastrtps_c__pyext
[0.339s] [ 96%] Built target turtlesim__rosidl_typesupport_c__pyext
[0.343s] [ 98%] Built target turtlesim__rosidl_typesupport_introspection_c__pyext
[0.438s] running egg_info
[0.438s] writing turtlesim.egg-info/PKG-INFO
[0.438s] writing dependency_links to turtlesim.egg-info/dependency_links.txt
[0.439s] writing top-level names to turtlesim.egg-info/top_level.txt
[0.440s] reading manifest file 'turtlesim.egg-info/SOURCES.txt'
[0.441s] writing manifest file 'turtlesim.egg-info/SOURCES.txt'
[0.466s] [ 98%] Built target ament_cmake_python_build_turtlesim_egg
[4.987s] [100%] [32m[1mLinking CXX executable turtle_teleop_key[0m
[5.187s] [100%] Built target turtle_teleop_key
[5.209s] Invoked command in '/home/gabriellemitoso/modulo6-engcomp/ponderada-semana1/build/turtlesim' returned '0': CMAKE_PREFIX_PATH=${CMAKE_PREFIX_PATH}:/opt/ros/humble /usr/bin/cmake --build /home/gabriellemitoso/modulo6-engcomp/ponderada-semana1/build/turtlesim -- -j8 -l8
[5.362s] Invoking command in '/home/gabriellemitoso/modulo6-engcomp/ponderada-semana1/build/turtlesim': CMAKE_PREFIX_PATH=${CMAKE_PREFIX_PATH}:/opt/ros/humble /usr/bin/cmake --install /home/gabriellemitoso/modulo6-engcomp/ponderada-semana1/build/turtlesim
[5.369s] -- Install configuration: ""
[5.369s] -- Up-to-date: /home/gabriellemitoso/modulo6-engcomp/ponderada-semana1/install/turtlesim/share/ament_index/resource_index/rosidl_interfaces/turtlesim
[5.369s] -- Up-to-date: /home/gabriellemitoso/modulo6-engcomp/ponderada-semana1/install/turtlesim/include/turtlesim/turtlesim
[5.370s] -- Up-to-date: /home/gabriellemitoso/modulo6-engcomp/ponderada-semana1/install/turtlesim/include/turtlesim/turtlesim/action
[5.370s] -- Up-to-date: /home/gabriellemitoso/modulo6-engcomp/ponderada-semana1/install/turtlesim/include/turtlesim/turtlesim/action/detail
[5.370s] -- Up-to-date: /home/gabriellemitoso/modulo6-engcomp/ponderada-semana1/install/turtlesim/include/turtlesim/turtlesim/action/detail/rotate_absolute__functions.c
[5.370s] -- Up-to-date: /home/gabriellemitoso/modulo6-engcomp/ponderada-semana1/install/turtlesim/include/turtlesim/turtlesim/action/detail/rotate_absolute__type_support.h
[5.370s] -- Up-to-date: /home/gabriellemitoso/modulo6-engcomp/ponderada-semana1/install/turtlesim/include/turtlesim/turtlesim/action/detail/rotate_absolute__struct.h
[5.370s] -- Up-to-date: /home/gabriellemitoso/modulo6-engcomp/ponderada-semana1/install/turtlesim/include/turtlesim/turtlesim/action/detail/rotate_absolute__functions.h
[5.370s] -- Up-to-date: /home/gabriellemitoso/modulo6-engcomp/ponderada-semana1/install/turtlesim/include/turtlesim/turtlesim/action/rotate_absolute.h
[5.370s] -- Up-to-date: /home/gabriellemitoso/modulo6-engcomp/ponderada-semana1/install/turtlesim/include/turtlesim/turtlesim/msg
[5.370s] -- Up-to-date: /home/gabriellemitoso/modulo6-engcomp/ponderada-semana1/install/turtlesim/include/turtlesim/turtlesim/msg/detail
[5.370s] -- Up-to-date: /home/gabriellemitoso/modulo6-engcomp/ponderada-semana1/install/turtlesim/include/turtlesim/turtlesim/msg/detail/color__functions.c
[5.370s] -- Up-to-date: /home/gabriellemitoso/modulo6-engcomp/ponderada-semana1/install/turtlesim/include/turtlesim/turtlesim/msg/detail/color__functions.h
[5.371s] -- Up-to-date: /home/gabriellemitoso/modulo6-engcomp/ponderada-semana1/install/turtlesim/include/turtlesim/turtlesim/msg/detail/pose__type_support.h
[5.371s] -- Up-to-date: /home/gabriellemitoso/modulo6-engcomp/ponderada-semana1/install/turtlesim/include/turtlesim/turtlesim/msg/detail/pose__functions.c
[5.371s] -- Up-to-date: /home/gabriellemitoso/modulo6-engcomp/ponderada-semana1/install/turtlesim/include/turtlesim/turtlesim/msg/detail/pose__struct.h
[5.371s] -- Up-to-date: /home/gabriellemitoso/modulo6-engcomp/ponderada-semana1/install/turtlesim/include/turtlesim/turtlesim/msg/detail/pose__functions.h
[5.371s] -- Up-to-date: /home/gabriellemitoso/modulo6-engcomp/ponderada-semana1/install/turtlesim/include/turtlesim/turtlesim/msg/detail/color__type_support.h
[5.371s] -- Up-to-date: /home/gabriellemitoso/modulo6-engcomp/ponderada-semana1/install/turtlesim/include/turtlesim/turtlesim/msg/detail/color__struct.h
[5.371s] -- Up-to-date: /home/gabriellemitoso/modulo6-engcomp/ponderada-semana1/install/turtlesim/include/turtlesim/turtlesim/msg/color.h
[5.371s] -- Up-to-date: /home/gabriellemitoso/modulo6-engcomp/ponderada-semana1/install/turtlesim/include/turtlesim/turtlesim/msg/rosidl_generator_c__visibility_control.h
[5.371s] -- Up-to-date: /home/gabriellemitoso/modulo6-engcomp/ponderada-semana1/install/turtlesim/include/turtlesim/turtlesim/msg/pose.h
[5.371s] -- Up-to-date: /home/gabriellemitoso/modulo6-engcomp/ponderada-semana1/install/turtlesim/include/turtlesim/turtlesim/srv
[5.371s] -- Up-to-date: /home/gabriellemitoso/modulo6-engcomp/ponderada-semana1/install/turtlesim/include/turtlesim/turtlesim/srv/detail
[5.371s] -- Up-to-date: /home/gabriellemitoso/modulo6-engcomp/ponderada-semana1/install/turtlesim/include/turtlesim/turtlesim/srv/detail/spawn__functions.h
[5.372s] -- Up-to-date: /home/gabriellemitoso/modulo6-engcomp/ponderada-semana1/install/turtlesim/include/turtlesim/turtlesim/srv/detail/teleport_relative__functions.h
[5.372s] -- Up-to-date: /home/gabriellemitoso/modulo6-engcomp/ponderada-semana1/install/turtlesim/include/turtlesim/turtlesim/srv/detail/teleport_absolute__functions.h
[5.372s] -- Up-to-date: /home/gabriellemitoso/modulo6-engcomp/ponderada-semana1/install/turtlesim/include/turtlesim/turtlesim/srv/detail/teleport_absolute__functions.c
[5.372s] -- Up-to-date: /home/gabriellemitoso/modulo6-engcomp/ponderada-semana1/install/turtlesim/include/turtlesim/turtlesim/srv/detail/teleport_relative__struct.h
[5.372s] -- Up-to-date: /home/gabriellemitoso/modulo6-engcomp/ponderada-semana1/install/turtlesim/include/turtlesim/turtlesim/srv/detail/set_pen__functions.c
[5.372s] -- Up-to-date: /home/gabriellemitoso/modulo6-engcomp/ponderada-semana1/install/turtlesim/include/turtlesim/turtlesim/srv/detail/set_pen__functions.h
[5.372s] -- Up-to-date: /home/gabriellemitoso/modulo6-engcomp/ponderada-semana1/install/turtlesim/include/turtlesim/turtlesim/srv/detail/kill__functions.h
[5.372s] -- Up-to-date: /home/gabriellemitoso/modulo6-engcomp/ponderada-semana1/install/turtlesim/include/turtlesim/turtlesim/srv/detail/kill__struct.h
[5.372s] -- Up-to-date: /home/gabriellemitoso/modulo6-engcomp/ponderada-semana1/install/turtlesim/include/turtlesim/turtlesim/srv/detail/spawn__struct.h
[5.372s] -- Up-to-date: /home/gabriellemitoso/modulo6-engcomp/ponderada-semana1/install/turtlesim/include/turtlesim/turtlesim/srv/detail/kill__functions.c
[5.373s] -- Up-to-date: /home/gabriellemitoso/modulo6-engcomp/ponderada-semana1/install/turtlesim/include/turtlesim/turtlesim/srv/detail/set_pen__type_support.h
[5.373s] -- Up-to-date: /home/gabriellemitoso/modulo6-engcomp/ponderada-semana1/install/turtlesim/include/turtlesim/turtlesim/srv/detail/teleport_absolute__type_support.h
[5.373s] -- Up-to-date: /home/gabriellemitoso/modulo6-engcomp/ponderada-semana1/install/turtlesim/include/turtlesim/turtlesim/srv/detail/teleport_relative__type_support.h
[5.373s] -- Up-to-date: /home/gabriellemitoso/modulo6-engcomp/ponderada-semana1/install/turtlesim/include/turtlesim/turtlesim/srv/detail/kill__type_support.h
[5.373s] -- Up-to-date: /home/gabriellemitoso/modulo6-engcomp/ponderada-semana1/install/turtlesim/include/turtlesim/turtlesim/srv/detail/set_pen__struct.h
[5.373s] -- Up-to-date: /home/gabriellemitoso/modulo6-engcomp/ponderada-semana1/install/turtlesim/include/turtlesim/turtlesim/srv/detail/spawn__type_support.h
[5.373s] -- Up-to-date: /home/gabriellemitoso/modulo6-engcomp/ponderada-semana1/install/turtlesim/include/turtlesim/turtlesim/srv/detail/spawn__functions.c
[5.373s] -- Up-to-date: /home/gabriellemitoso/modulo6-engcomp/ponderada-semana1/install/turtlesim/include/turtlesim/turtlesim/srv/detail/teleport_absolute__struct.h
[5.373s] -- Up-to-date: /home/gabriellemitoso/modulo6-engcomp/ponderada-semana1/install/turtlesim/include/turtlesim/turtlesim/srv/detail/teleport_relative__functions.c
[5.373s] -- Up-to-date: /home/gabriellemitoso/modulo6-engcomp/ponderada-semana1/install/turtlesim/include/turtlesim/turtlesim/srv/kill.h
[5.374s] -- Up-to-date: /home/gabriellemitoso/modulo6-engcomp/ponderada-semana1/install/turtlesim/include/turtlesim/turtlesim/srv/spawn.h
[5.374s] -- Up-to-date: /home/gabriellemitoso/modulo6-engcomp/ponderada-semana1/install/turtlesim/include/turtlesim/turtlesim/srv/teleport_relative.h
[5.374s] -- Up-to-date: /home/gabriellemitoso/modulo6-engcomp/ponderada-semana1/install/turtlesim/include/turtlesim/turtlesim/srv/teleport_absolute.h
[5.374s] -- Up-to-date: /home/gabriellemitoso/modulo6-engcomp/ponderada-semana1/install/turtlesim/include/turtlesim/turtlesim/srv/set_pen.h
[5.374s] -- Up-to-date: /home/gabriellemitoso/modulo6-engcomp/ponderada-semana1/install/turtlesim/share/turtlesim/environment/library_path.sh
[5.374s] -- Up-to-date: /home/gabriellemitoso/modulo6-engcomp/ponderada-semana1/install/turtlesim/share/turtlesim/environment/library_path.dsv
[5.374s] -- Up-to-date: /home/gabriellemitoso/modulo6-engcomp/ponderada-semana1/install/turtlesim/lib/libturtlesim__rosidl_generator_c.so
[5.374s] -- Up-to-date: /home/gabriellemitoso/modulo6-engcomp/ponderada-semana1/install/turtlesim/include/turtlesim/turtlesim
[5.374s] -- Up-to-date: /home/gabriellemitoso/modulo6-engcomp/ponderada-semana1/install/turtlesim/include/turtlesim/turtlesim/action
[5.374s] -- Up-to-date: /home/gabriellemitoso/modulo6-engcomp/ponderada-semana1/install/turtlesim/include/turtlesim/turtlesim/action/detail
[5.374s] -- Up-to-date: /home/gabriellemitoso/modulo6-engcomp/ponderada-semana1/install/turtlesim/include/turtlesim/turtlesim/action/detail/rotate_absolute__rosidl_typesupport_fastrtps_c.h
[5.375s] -- Up-to-date: /home/gabriellemitoso/modulo6-engcomp/ponderada-semana1/install/turtlesim/include/turtlesim/turtlesim/msg
[5.375s] -- Up-to-date: /home/gabriellemitoso/modulo6-engcomp/ponderada-semana1/install/turtlesim/include/turtlesim/turtlesim/msg/detail
[5.375s] -- Up-to-date: /home/gabriellemitoso/modulo6-engcomp/ponderada-semana1/install/turtlesim/include/turtlesim/turtlesim/msg/detail/color__rosidl_typesupport_fastrtps_c.h
[5.375s] -- Up-to-date: /home/gabriellemitoso/modulo6-engcomp/ponderada-semana1/install/turtlesim/include/turtlesim/turtlesim/msg/detail/pose__rosidl_typesupport_fastrtps_c.h
[5.375s] -- Up-to-date: /home/gabriellemitoso/modulo6-engcomp/ponderada-semana1/install/turtlesim/include/turtlesim/turtlesim/msg/rosidl_typesupport_fastrtps_c__visibility_control.h
[5.375s] -- Up-to-date: /home/gabriellemitoso/modulo6-engcomp/ponderada-semana1/install/turtlesim/include/turtlesim/turtlesim/srv
[5.375s] -- Up-to-date: /home/gabriellemitoso/modulo6-engcomp/ponderada-semana1/install/turtlesim/include/turtlesim/turtlesim/srv/detail
[5.375s] -- Up-to-date: /home/gabriellemitoso/modulo6-engcomp/ponderada-semana1/install/turtlesim/include/turtlesim/turtlesim/srv/detail/kill__rosidl_typesupport_fastrtps_c.h
[5.375s] -- Up-to-date: /home/gabriellemitoso/modulo6-engcomp/ponderada-semana1/install/turtlesim/include/turtlesim/turtlesim/srv/detail/teleport_relative__rosidl_typesupport_fastrtps_c.h
[5.375s] -- Up-to-date: /home/gabriellemitoso/modulo6-engcomp/ponderada-semana1/install/turtlesim/include/turtlesim/turtlesim/srv/detail/set_pen__rosidl_typesupport_fastrtps_c.h
[5.375s] -- Up-to-date: /home/gabriellemitoso/modulo6-engcomp/ponderada-semana1/install/turtlesim/include/turtlesim/turtlesim/srv/detail/spawn__rosidl_typesupport_fastrtps_c.h
[5.375s] -- Up-to-date: /home/gabriellemitoso/modulo6-engcomp/ponderada-semana1/install/turtlesim/include/turtlesim/turtlesim/srv/detail/teleport_absolute__rosidl_typesupport_fastrtps_c.h
[5.375s] -- Up-to-date: /home/gabriellemitoso/modulo6-engcomp/ponderada-semana1/install/turtlesim/lib/libturtlesim__rosidl_typesupport_fastrtps_c.so
[5.376s] -- Up-to-date: /home/gabriellemitoso/modulo6-engcomp/ponderada-semana1/install/turtlesim/include/turtlesim/turtlesim
[5.376s] -- Up-to-date: /home/gabriellemitoso/modulo6-engcomp/ponderada-semana1/install/turtlesim/include/turtlesim/turtlesim/action
[5.376s] -- Up-to-date: /home/gabriellemitoso/modulo6-engcomp/ponderada-semana1/install/turtlesim/include/turtlesim/turtlesim/action/detail
[5.376s] -- Up-to-date: /home/gabriellemitoso/modulo6-engcomp/ponderada-semana1/install/turtlesim/include/turtlesim/turtlesim/action/detail/rotate_absolute__traits.hpp
[5.376s] -- Up-to-date: /home/gabriellemitoso/modulo6-engcomp/ponderada-semana1/install/turtlesim/include/turtlesim/turtlesim/action/detail/rotate_absolute__struct.hpp
[5.376s] -- Up-to-date: /home/gabriellemitoso/modulo6-engcomp/ponderada-semana1/install/turtlesim/include/turtlesim/turtlesim/action/detail/rotate_absolute__builder.hpp
[5.376s] -- Up-to-date: /home/gabriellemitoso/modulo6-engcomp/ponderada-semana1/install/turtlesim/include/turtlesim/turtlesim/action/rotate_absolute.hpp
[5.376s] -- Up-to-date: /home/gabriellemitoso/modulo6-engcomp/ponderada-semana1/install/turtlesim/include/turtlesim/turtlesim/msg
[5.376s] -- Up-to-date: /home/gabriellemitoso/modulo6-engcomp/ponderada-semana1/install/turtlesim/include/turtlesim/turtlesim/msg/detail
[5.376s] -- Up-to-date: /home/gabriellemitoso/modulo6-engcomp/ponderada-semana1/install/turtlesim/include/turtlesim/turtlesim/msg/detail/color__traits.hpp
[5.376s] -- Up-to-date: /home/gabriellemitoso/modulo6-engcomp/ponderada-semana1/install/turtlesim/include/turtlesim/turtlesim/msg/detail/color__struct.hpp
[5.376s] -- Up-to-date: /home/gabriellemitoso/modulo6-engcomp/ponderada-semana1/install/turtlesim/include/turtlesim/turtlesim/msg/detail/pose__struct.hpp
[5.377s] -- Up-to-date: /home/gabriellemitoso/modulo6-engcomp/ponderada-semana1/install/turtlesim/include/turtlesim/turtlesim/msg/detail/pose__traits.hpp
[5.377s] -- Up-to-date: /home/gabriellemitoso/modulo6-engcomp/ponderada-semana1/install/turtlesim/include/turtlesim/turtlesim/msg/detail/pose__builder.hpp
[5.377s] -- Up-to-date: /home/gabriellemitoso/modulo6-engcomp/ponderada-semana1/install/turtlesim/include/turtlesim/turtlesim/msg/detail/color__builder.hpp
[5.377s] -- Up-to-date: /home/gabriellemitoso/modulo6-engcomp/ponderada-semana1/install/turtlesim/include/turtlesim/turtlesim/msg/color.hpp
[5.377s] -- Up-to-date: /home/gabriellemitoso/modulo6-engcomp/ponderada-semana1/install/turtlesim/include/turtlesim/turtlesim/msg/pose.hpp
[5.377s] -- Up-to-date: /home/gabriellemitoso/modulo6-engcomp/ponderada-semana1/install/turtlesim/include/turtlesim/turtlesim/srv
[5.377s] -- Up-to-date: /home/gabriellemitoso/modulo6-engcomp/ponderada-semana1/install/turtlesim/include/turtlesim/turtlesim/srv/detail
[5.377s] -- Up-to-date: /home/gabriellemitoso/modulo6-engcomp/ponderada-semana1/install/turtlesim/include/turtlesim/turtlesim/srv/detail/spawn__struct.hpp
[5.377s] -- Up-to-date: /home/gabriellemitoso/modulo6-engcomp/ponderada-semana1/install/turtlesim/include/turtlesim/turtlesim/srv/detail/teleport_absolute__struct.hpp
[5.377s] -- Up-to-date: /home/gabriellemitoso/modulo6-engcomp/ponderada-semana1/install/turtlesim/include/turtlesim/turtlesim/srv/detail/set_pen__struct.hpp
[5.377s] -- Up-to-date: /home/gabriellemitoso/modulo6-engcomp/ponderada-semana1/install/turtlesim/include/turtlesim/turtlesim/srv/detail/spawn__builder.hpp
[5.377s] -- Up-to-date: /home/gabriellemitoso/modulo6-engcomp/ponderada-semana1/install/turtlesim/include/turtlesim/turtlesim/srv/detail/teleport_absolute__traits.hpp
[5.377s] -- Up-to-date: /home/gabriellemitoso/modulo6-engcomp/ponderada-semana1/install/turtlesim/include/turtlesim/turtlesim/srv/detail/teleport_relative__traits.hpp
[5.377s] -- Up-to-date: /home/gabriellemitoso/modulo6-engcomp/ponderada-semana1/install/turtlesim/include/turtlesim/turtlesim/srv/detail/kill__traits.hpp
[5.377s] -- Up-to-date: /home/gabriellemitoso/modulo6-engcomp/ponderada-semana1/install/turtlesim/include/turtlesim/turtlesim/srv/detail/set_pen__traits.hpp
[5.377s] -- Up-to-date: /home/gabriellemitoso/modulo6-engcomp/ponderada-semana1/install/turtlesim/include/turtlesim/turtlesim/srv/detail/kill__builder.hpp
[5.377s] -- Up-to-date: /home/gabriellemitoso/modulo6-engcomp/ponderada-semana1/install/turtlesim/include/turtlesim/turtlesim/srv/detail/teleport_relative__builder.hpp
[5.377s] -- Up-to-date: /home/gabriellemitoso/modulo6-engcomp/ponderada-semana1/install/turtlesim/include/turtlesim/turtlesim/srv/detail/spawn__traits.hpp
[5.377s] -- Up-to-date: /home/gabriellemitoso/modulo6-engcomp/ponderada-semana1/install/turtlesim/include/turtlesim/turtlesim/srv/detail/set_pen__builder.hpp
[5.378s] -- Up-to-date: /home/gabriellemitoso/modulo6-engcomp/ponderada-semana1/install/turtlesim/include/turtlesim/turtlesim/srv/detail/kill__struct.hpp
[5.378s] -- Up-to-date: /home/gabriellemitoso/modulo6-engcomp/ponderada-semana1/install/turtlesim/include/turtlesim/turtlesim/srv/detail/teleport_relative__struct.hpp
[5.378s] -- Up-to-date: /home/gabriellemitoso/modulo6-engcomp/ponderada-semana1/install/turtlesim/include/turtlesim/turtlesim/srv/detail/teleport_absolute__builder.hpp
[5.378s] -- Up-to-date: /home/gabriellemitoso/modulo6-engcomp/ponderada-semana1/install/turtlesim/include/turtlesim/turtlesim/srv/kill.hpp
[5.378s] -- Up-to-date: /home/gabriellemitoso/modulo6-engcomp/ponderada-semana1/install/turtlesim/include/turtlesim/turtlesim/srv/teleport_relative.hpp
[5.378s] -- Up-to-date: /home/gabriellemitoso/modulo6-engcomp/ponderada-semana1/install/turtlesim/include/turtlesim/turtlesim/srv/spawn.hpp
[5.378s] -- Up-to-date: /home/gabriellemitoso/modulo6-engcomp/ponderada-semana1/install/turtlesim/include/turtlesim/turtlesim/srv/set_pen.hpp
[5.378s] -- Up-to-date: /home/gabriellemitoso/modulo6-engcomp/ponderada-semana1/install/turtlesim/include/turtlesim/turtlesim/srv/teleport_absolute.hpp
[5.378s] -- Up-to-date: /home/gabriellemitoso/modulo6-engcomp/ponderada-semana1/install/turtlesim/include/turtlesim/turtlesim
[5.378s] -- Up-to-date: /home/gabriellemitoso/modulo6-engcomp/ponderada-semana1/install/turtlesim/include/turtlesim/turtlesim/action
[5.378s] -- Up-to-date: /home/gabriellemitoso/modulo6-engcomp/ponderada-semana1/install/turtlesim/include/turtlesim/turtlesim/action/detail
[5.378s] -- Up-to-date: /home/gabriellemitoso/modulo6-engcomp/ponderada-semana1/install/turtlesim/include/turtlesim/turtlesim/action/detail/dds_fastrtps
[5.378s] -- Up-to-date: /home/gabriellemitoso/modulo6-engcomp/ponderada-semana1/install/turtlesim/include/turtlesim/turtlesim/action/detail/rotate_absolute__rosidl_typesupport_fastrtps_cpp.hpp
[5.378s] -- Up-to-date: /home/gabriellemitoso/modulo6-engcomp/ponderada-semana1/install/turtlesim/include/turtlesim/turtlesim/msg
[5.378s] -- Up-to-date: /home/gabriellemitoso/modulo6-engcomp/ponderada-semana1/install/turtlesim/include/turtlesim/turtlesim/msg/detail
[5.378s] -- Up-to-date: /home/gabriellemitoso/modulo6-engcomp/ponderada-semana1/install/turtlesim/include/turtlesim/turtlesim/msg/detail/color__rosidl_typesupport_fastrtps_cpp.hpp
[5.378s] -- Up-to-date: /home/gabriellemitoso/modulo6-engcomp/ponderada-semana1/install/turtlesim/include/turtlesim/turtlesim/msg/detail/dds_fastrtps
[5.378s] -- Up-to-date: /home/gabriellemitoso/modulo6-engcomp/ponderada-semana1/install/turtlesim/include/turtlesim/turtlesim/msg/detail/pose__rosidl_typesupport_fastrtps_cpp.hpp
[5.378s] -- Up-to-date: /home/gabriellemitoso/modulo6-engcomp/ponderada-semana1/install/turtlesim/include/turtlesim/turtlesim/msg/rosidl_typesupport_fastrtps_cpp__visibility_control.h
[5.378s] -- Up-to-date: /home/gabriellemitoso/modulo6-engcomp/ponderada-semana1/install/turtlesim/include/turtlesim/turtlesim/srv
[5.378s] -- Up-to-date: /home/gabriellemitoso/modulo6-engcomp/ponderada-semana1/install/turtlesim/include/turtlesim/turtlesim/srv/detail
[5.378s] -- Up-to-date: /home/gabriellemitoso/modulo6-engcomp/ponderada-semana1/install/turtlesim/include/turtlesim/turtlesim/srv/detail/dds_fastrtps
[5.378s] -- Up-to-date: /home/gabriellemitoso/modulo6-engcomp/ponderada-semana1/install/turtlesim/include/turtlesim/turtlesim/srv/detail/set_pen__rosidl_typesupport_fastrtps_cpp.hpp
[5.378s] -- Up-to-date: /home/gabriellemitoso/modulo6-engcomp/ponderada-semana1/install/turtlesim/include/turtlesim/turtlesim/srv/detail/teleport_absolute__rosidl_typesupport_fastrtps_cpp.hpp
[5.379s] -- Up-to-date: /home/gabriellemitoso/modulo6-engcomp/ponderada-semana1/install/turtlesim/include/turtlesim/turtlesim/srv/detail/kill__rosidl_typesupport_fastrtps_cpp.hpp
[5.379s] -- Up-to-date: /home/gabriellemitoso/modulo6-engcomp/ponderada-semana1/install/turtlesim/include/turtlesim/turtlesim/srv/detail/teleport_relative__rosidl_typesupport_fastrtps_cpp.hpp
[5.379s] -- Up-to-date: /home/gabriellemitoso/modulo6-engcomp/ponderada-semana1/install/turtlesim/include/turtlesim/turtlesim/srv/detail/spawn__rosidl_typesupport_fastrtps_cpp.hpp
[5.379s] -- Up-to-date: /home/gabriellemitoso/modulo6-engcomp/ponderada-semana1/install/turtlesim/lib/libturtlesim__rosidl_typesupport_fastrtps_cpp.so
[5.379s] -- Up-to-date: /home/gabriellemitoso/modulo6-engcomp/ponderada-semana1/install/turtlesim/include/turtlesim/turtlesim
[5.379s] -- Up-to-date: /home/gabriellemitoso/modulo6-engcomp/ponderada-semana1/install/turtlesim/include/turtlesim/turtlesim/action
[5.379s] -- Up-to-date: /home/gabriellemitoso/modulo6-engcomp/ponderada-semana1/install/turtlesim/include/turtlesim/turtlesim/action/detail
[5.379s] -- Up-to-date: /home/gabriellemitoso/modulo6-engcomp/ponderada-semana1/install/turtlesim/include/turtlesim/turtlesim/action/detail/rotate_absolute__rosidl_typesupport_introspection_c.h
[5.379s] -- Up-to-date: /home/gabriellemitoso/modulo6-engcomp/ponderada-semana1/install/turtlesim/include/turtlesim/turtlesim/action/detail/rotate_absolute__type_support.c
[5.379s] -- Up-to-date: /home/gabriellemitoso/modulo6-engcomp/ponderada-semana1/install/turtlesim/include/turtlesim/turtlesim/msg
[5.379s] -- Up-to-date: /home/gabriellemitoso/modulo6-engcomp/ponderada-semana1/install/turtlesim/include/turtlesim/turtlesim/msg/detail
[5.379s] -- Up-to-date: /home/gabriellemitoso/modulo6-engcomp/ponderada-semana1/install/turtlesim/include/turtlesim/turtlesim/msg/detail/pose__type_support.c
[5.379s] -- Up-to-date: /home/gabriellemitoso/modulo6-engcomp/ponderada-semana1/install/turtlesim/include/turtlesim/turtlesim/msg/detail/color__rosidl_typesupport_introspection_c.h
[5.379s] -- Up-to-date: /home/gabriellemitoso/modulo6-engcomp/ponderada-semana1/install/turtlesim/include/turtlesim/turtlesim/msg/detail/pose__rosidl_typesupport_introspection_c.h
[5.379s] -- Up-to-date: /home/gabriellemitoso/modulo6-engcomp/ponderada-semana1/install/turtlesim/include/turtlesim/turtlesim/msg/detail/color__type_support.c
[5.379s] -- Up-to-date: /home/gabriellemitoso/modulo6-engcomp/ponderada-semana1/install/turtlesim/include/turtlesim/turtlesim/msg/rosidl_typesupport_introspection_c__visibility_control.h
[5.379s] -- Up-to-date: /home/gabriellemitoso/modulo6-engcomp/ponderada-semana1/install/turtlesim/include/turtlesim/turtlesim/srv
[5.379s] -- Up-to-date: /home/gabriellemitoso/modulo6-engcomp/ponderada-semana1/install/turtlesim/include/turtlesim/turtlesim/srv/detail
[5.379s] -- Up-to-date: /home/gabriellemitoso/modulo6-engcomp/ponderada-semana1/install/turtlesim/include/turtlesim/turtlesim/srv/detail/set_pen__type_support.c
[5.379s] -- Up-to-date: /home/gabriellemitoso/modulo6-engcomp/ponderada-semana1/install/turtlesim/include/turtlesim/turtlesim/srv/detail/teleport_absolute__type_support.c
[5.379s] -- Up-to-date: /home/gabriellemitoso/modulo6-engcomp/ponderada-semana1/install/turtlesim/include/turtlesim/turtlesim/srv/detail/kill__rosidl_typesupport_introspection_c.h
[5.379s] -- Up-to-date: /home/gabriellemitoso/modulo6-engcomp/ponderada-semana1/install/turtlesim/include/turtlesim/turtlesim/srv/detail/teleport_relative__type_support.c
[5.379s] -- Up-to-date: /home/gabriellemitoso/modulo6-engcomp/ponderada-semana1/install/turtlesim/include/turtlesim/turtlesim/srv/detail/spawn__type_support.c
[5.379s] -- Up-to-date: /home/gabriellemitoso/modulo6-engcomp/ponderada-semana1/install/turtlesim/include/turtlesim/turtlesim/srv/detail/kill__type_support.c
[5.379s] -- Up-to-date: /home/gabriellemitoso/modulo6-engcomp/ponderada-semana1/install/turtlesim/include/turtlesim/turtlesim/srv/detail/teleport_absolute__rosidl_typesupport_introspection_c.h
[5.379s] -- Up-to-date: /home/gabriellemitoso/modulo6-engcomp/ponderada-semana1/install/turtlesim/include/turtlesim/turtlesim/srv/detail/teleport_relative__rosidl_typesupport_introspection_c.h
[5.380s] -- Up-to-date: /home/gabriellemitoso/modulo6-engcomp/ponderada-semana1/install/turtlesim/include/turtlesim/turtlesim/srv/detail/set_pen__rosidl_typesupport_introspection_c.h
[5.380s] -- Up-to-date: /home/gabriellemitoso/modulo6-engcomp/ponderada-semana1/install/turtlesim/include/turtlesim/turtlesim/srv/detail/spawn__rosidl_typesupport_introspection_c.h
[5.380s] -- Up-to-date: /home/gabriellemitoso/modulo6-engcomp/ponderada-semana1/install/turtlesim/lib/libturtlesim__rosidl_typesupport_introspection_c.so
[5.380s] -- Up-to-date: /home/gabriellemitoso/modulo6-engcomp/ponderada-semana1/install/turtlesim/lib/libturtlesim__rosidl_typesupport_c.so
[5.380s] -- Up-to-date: /home/gabriellemitoso/modulo6-engcomp/ponderada-semana1/install/turtlesim/include/turtlesim/turtlesim
[5.380s] -- Up-to-date: /home/gabriellemitoso/modulo6-engcomp/ponderada-semana1/install/turtlesim/include/turtlesim/turtlesim/action
[5.380s] -- Up-to-date: /home/gabriellemitoso/modulo6-engcomp/ponderada-semana1/install/turtlesim/include/turtlesim/turtlesim/action/detail
[5.380s] -- Up-to-date: /home/gabriellemitoso/modulo6-engcomp/ponderada-semana1/install/turtlesim/include/turtlesim/turtlesim/action/detail/rotate_absolute__rosidl_typesupport_introspection_cpp.hpp
[5.380s] -- Up-to-date: /home/gabriellemitoso/modulo6-engcomp/ponderada-semana1/install/turtlesim/include/turtlesim/turtlesim/action/detail/rotate_absolute__type_support.cpp
[5.380s] -- Up-to-date: /home/gabriellemitoso/modulo6-engcomp/ponderada-semana1/install/turtlesim/include/turtlesim/turtlesim/msg
[5.380s] -- Up-to-date: /home/gabriellemitoso/modulo6-engcomp/ponderada-semana1/install/turtlesim/include/turtlesim/turtlesim/msg/detail
[5.380s] -- Up-to-date: /home/gabriellemitoso/modulo6-engcomp/ponderada-semana1/install/turtlesim/include/turtlesim/turtlesim/msg/detail/color__rosidl_typesupport_introspection_cpp.hpp
[5.380s] -- Up-to-date: /home/gabriellemitoso/modulo6-engcomp/ponderada-semana1/install/turtlesim/include/turtlesim/turtlesim/msg/detail/pose__rosidl_typesupport_introspection_cpp.hpp
[5.380s] -- Up-to-date: /home/gabriellemitoso/modulo6-engcomp/ponderada-semana1/install/turtlesim/include/turtlesim/turtlesim/msg/detail/pose__type_support.cpp
[5.380s] -- Up-to-date: /home/gabriellemitoso/modulo6-engcomp/ponderada-semana1/install/turtlesim/include/turtlesim/turtlesim/msg/detail/color__type_support.cpp
[5.380s] -- Up-to-date: /home/gabriellemitoso/modulo6-engcomp/ponderada-semana1/install/turtlesim/include/turtlesim/turtlesim/srv
[5.380s] -- Up-to-date: /home/gabriellemitoso/modulo6-engcomp/ponderada-semana1/install/turtlesim/include/turtlesim/turtlesim/srv/detail
[5.380s] -- Up-to-date: /home/gabriellemitoso/modulo6-engcomp/ponderada-semana1/install/turtlesim/include/turtlesim/turtlesim/srv/detail/teleport_relative__type_support.cpp
[5.380s] -- Up-to-date: /home/gabriellemitoso/modulo6-engcomp/ponderada-semana1/install/turtlesim/include/turtlesim/turtlesim/srv/detail/teleport_relative__rosidl_typesupport_introspection_cpp.hpp
[5.380s] -- Up-to-date: /home/gabriellemitoso/modulo6-engcomp/ponderada-semana1/install/turtlesim/include/turtlesim/turtlesim/srv/detail/spawn__type_support.cpp
[5.380s] -- Up-to-date: /home/gabriellemitoso/modulo6-engcomp/ponderada-semana1/install/turtlesim/include/turtlesim/turtlesim/srv/detail/set_pen__rosidl_typesupport_introspection_cpp.hpp
[5.380s] -- Up-to-date: /home/gabriellemitoso/modulo6-engcomp/ponderada-semana1/install/turtlesim/include/turtlesim/turtlesim/srv/detail/kill__rosidl_typesupport_introspection_cpp.hpp
[5.380s] -- Up-to-date: /home/gabriellemitoso/modulo6-engcomp/ponderada-semana1/install/turtlesim/include/turtlesim/turtlesim/srv/detail/set_pen__type_support.cpp
[5.380s] -- Up-to-date: /home/gabriellemitoso/modulo6-engcomp/ponderada-semana1/install/turtlesim/include/turtlesim/turtlesim/srv/detail/teleport_absolute__rosidl_typesupport_introspection_cpp.hpp
[5.380s] -- Up-to-date: /home/gabriellemitoso/modulo6-engcomp/ponderada-semana1/install/turtlesim/include/turtlesim/turtlesim/srv/detail/teleport_absolute__type_support.cpp
[5.381s] -- Up-to-date: /home/gabriellemitoso/modulo6-engcomp/ponderada-semana1/install/turtlesim/include/turtlesim/turtlesim/srv/detail/kill__type_support.cpp
[5.381s] -- Up-to-date: /home/gabriellemitoso/modulo6-engcomp/ponderada-semana1/install/turtlesim/include/turtlesim/turtlesim/srv/detail/spawn__rosidl_typesupport_introspection_cpp.hpp
[5.381s] -- Up-to-date: /home/gabriellemitoso/modulo6-engcomp/ponderada-semana1/install/turtlesim/lib/libturtlesim__rosidl_typesupport_introspection_cpp.so
[5.381s] -- Up-to-date: /home/gabriellemitoso/modulo6-engcomp/ponderada-semana1/install/turtlesim/lib/libturtlesim__rosidl_typesupport_cpp.so
[5.381s] -- Up-to-date: /home/gabriellemitoso/modulo6-engcomp/ponderada-semana1/install/turtlesim/share/turtlesim/environment/pythonpath.sh
[5.381s] -- Up-to-date: /home/gabriellemitoso/modulo6-engcomp/ponderada-semana1/install/turtlesim/share/turtlesim/environment/pythonpath.dsv
[5.381s] -- Up-to-date: /home/gabriellemitoso/modulo6-engcomp/ponderada-semana1/install/turtlesim/local/lib/python3.10/dist-packages/turtlesim-1.4.2-py3.10.egg-info
[5.381s] -- Installing: /home/gabriellemitoso/modulo6-engcomp/ponderada-semana1/install/turtlesim/local/lib/python3.10/dist-packages/turtlesim-1.4.2-py3.10.egg-info/PKG-INFO
[5.381s] -- Installing: /home/gabriellemitoso/modulo6-engcomp/ponderada-semana1/install/turtlesim/local/lib/python3.10/dist-packages/turtlesim-1.4.2-py3.10.egg-info/top_level.txt
[5.381s] -- Installing: /home/gabriellemitoso/modulo6-engcomp/ponderada-semana1/install/turtlesim/local/lib/python3.10/dist-packages/turtlesim-1.4.2-py3.10.egg-info/SOURCES.txt
[5.381s] -- Installing: /home/gabriellemitoso/modulo6-engcomp/ponderada-semana1/install/turtlesim/local/lib/python3.10/dist-packages/turtlesim-1.4.2-py3.10.egg-info/dependency_links.txt
[5.381s] -- Up-to-date: /home/gabriellemitoso/modulo6-engcomp/ponderada-semana1/install/turtlesim/local/lib/python3.10/dist-packages/turtlesim
[5.381s] -- Up-to-date: /home/gabriellemitoso/modulo6-engcomp/ponderada-semana1/install/turtlesim/local/lib/python3.10/dist-packages/turtlesim/_turtlesim_s.ep.rosidl_typesupport_fastrtps_c.c
[5.381s] -- Up-to-date: /home/gabriellemitoso/modulo6-engcomp/ponderada-semana1/install/turtlesim/local/lib/python3.10/dist-packages/turtlesim/_turtlesim_s.ep.rosidl_typesupport_introspection_c.c
[5.381s] -- Up-to-date: /home/gabriellemitoso/modulo6-engcomp/ponderada-semana1/install/turtlesim/local/lib/python3.10/dist-packages/turtlesim/__init__.py
[5.381s] -- Up-to-date: /home/gabriellemitoso/modulo6-engcomp/ponderada-semana1/install/turtlesim/local/lib/python3.10/dist-packages/turtlesim/action
[5.381s] -- Up-to-date: /home/gabriellemitoso/modulo6-engcomp/ponderada-semana1/install/turtlesim/local/lib/python3.10/dist-packages/turtlesim/action/_rotate_absolute_s.c
[5.381s] -- Up-to-date: /home/gabriellemitoso/modulo6-engcomp/ponderada-semana1/install/turtlesim/local/lib/python3.10/dist-packages/turtlesim/action/__init__.py
[5.381s] -- Up-to-date: /home/gabriellemitoso/modulo6-engcomp/ponderada-semana1/install/turtlesim/local/lib/python3.10/dist-packages/turtlesim/action/_rotate_absolute.py
[5.381s] -- Up-to-date: /home/gabriellemitoso/modulo6-engcomp/ponderada-semana1/install/turtlesim/local/lib/python3.10/dist-packages/turtlesim/libturtlesim__rosidl_generator_py.so
[5.381s] -- Up-to-date: /home/gabriellemitoso/modulo6-engcomp/ponderada-semana1/install/turtlesim/local/lib/python3.10/dist-packages/turtlesim/turtlesim_s__rosidl_typesupport_fastrtps_c.cpython-310-x86_64-linux-gnu.so
[5.381s] -- Up-to-date: /home/gabriellemitoso/modulo6-engcomp/ponderada-semana1/install/turtlesim/local/lib/python3.10/dist-packages/turtlesim/turtlesim_s__rosidl_typesupport_c.cpython-310-x86_64-linux-gnu.so
[5.381s] -- Up-to-date: /home/gabriellemitoso/modulo6-engcomp/ponderada-semana1/install/turtlesim/local/lib/python3.10/dist-packages/turtlesim/msg
[5.381s] -- Up-to-date: /home/gabriellemitoso/modulo6-engcomp/ponderada-semana1/install/turtlesim/local/lib/python3.10/dist-packages/turtlesim/msg/__init__.py
[5.381s] -- Up-to-date: /home/gabriellemitoso/modulo6-engcomp/ponderada-semana1/install/turtlesim/local/lib/python3.10/dist-packages/turtlesim/msg/_color_s.c
[5.381s] -- Up-to-date: /home/gabriellemitoso/modulo6-engcomp/ponderada-semana1/install/turtlesim/local/lib/python3.10/dist-packages/turtlesim/msg/_pose_s.c
[5.382s] -- Up-to-date: /home/gabriellemitoso/modulo6-engcomp/ponderada-semana1/install/turtlesim/local/lib/python3.10/dist-packages/turtlesim/msg/_pose.py
[5.382s] -- Up-to-date: /home/gabriellemitoso/modulo6-engcomp/ponderada-semana1/install/turtlesim/local/lib/python3.10/dist-packages/turtlesim/msg/_color.py
[5.382s] -- Up-to-date: /home/gabriellemitoso/modulo6-engcomp/ponderada-semana1/install/turtlesim/local/lib/python3.10/dist-packages/turtlesim/srv
[5.382s] -- Up-to-date: /home/gabriellemitoso/modulo6-engcomp/ponderada-semana1/install/turtlesim/local/lib/python3.10/dist-packages/turtlesim/srv/_set_pen.py
[5.382s] -- Up-to-date: /home/gabriellemitoso/modulo6-engcomp/ponderada-semana1/install/turtlesim/local/lib/python3.10/dist-packages/turtlesim/srv/_teleport_absolute_s.c
[5.382s] -- Up-to-date: /home/gabriellemitoso/modulo6-engcomp/ponderada-semana1/install/turtlesim/local/lib/python3.10/dist-packages/turtlesim/srv/__init__.py
[5.382s] -- Up-to-date: /home/gabriellemitoso/modulo6-engcomp/ponderada-semana1/install/turtlesim/local/lib/python3.10/dist-packages/turtlesim/srv/_teleport_relative.py
[5.382s] -- Up-to-date: /home/gabriellemitoso/modulo6-engcomp/ponderada-semana1/install/turtlesim/local/lib/python3.10/dist-packages/turtlesim/srv/_set_pen_s.c
[5.382s] -- Up-to-date: /home/gabriellemitoso/modulo6-engcomp/ponderada-semana1/install/turtlesim/local/lib/python3.10/dist-packages/turtlesim/srv/_spawn_s.c
[5.382s] -- Up-to-date: /home/gabriellemitoso/modulo6-engcomp/ponderada-semana1/install/turtlesim/local/lib/python3.10/dist-packages/turtlesim/srv/_teleport_relative_s.c
[5.382s] -- Up-to-date: /home/gabriellemitoso/modulo6-engcomp/ponderada-semana1/install/turtlesim/local/lib/python3.10/dist-packages/turtlesim/srv/_kill.py
[5.382s] -- Up-to-date: /home/gabriellemitoso/modulo6-engcomp/ponderada-semana1/install/turtlesim/local/lib/python3.10/dist-packages/turtlesim/srv/_teleport_absolute.py
[5.382s] -- Up-to-date: /home/gabriellemitoso/modulo6-engcomp/ponderada-semana1/install/turtlesim/local/lib/python3.10/dist-packages/turtlesim/srv/_kill_s.c
[5.382s] -- Up-to-date: /home/gabriellemitoso/modulo6-engcomp/ponderada-semana1/install/turtlesim/local/lib/python3.10/dist-packages/turtlesim/srv/_spawn.py
[5.382s] -- Up-to-date: /home/gabriellemitoso/modulo6-engcomp/ponderada-semana1/install/turtlesim/local/lib/python3.10/dist-packages/turtlesim/turtlesim_s__rosidl_typesupport_introspection_c.cpython-310-x86_64-linux-gnu.so
[5.382s] -- Up-to-date: /home/gabriellemitoso/modulo6-engcomp/ponderada-semana1/install/turtlesim/local/lib/python3.10/dist-packages/turtlesim/_turtlesim_s.ep.rosidl_typesupport_c.c
[5.400s] Listing '/home/gabriellemitoso/modulo6-engcomp/ponderada-semana1/install/turtlesim/local/lib/python3.10/dist-packages/turtlesim'...
[5.401s] Listing '/home/gabriellemitoso/modulo6-engcomp/ponderada-semana1/install/turtlesim/local/lib/python3.10/dist-packages/turtlesim/action'...
[5.401s] Listing '/home/gabriellemitoso/modulo6-engcomp/ponderada-semana1/install/turtlesim/local/lib/python3.10/dist-packages/turtlesim/msg'...
[5.401s] Listing '/home/gabriellemitoso/modulo6-engcomp/ponderada-semana1/install/turtlesim/local/lib/python3.10/dist-packages/turtlesim/srv'...
[5.404s] -- Up-to-date: /home/gabriellemitoso/modulo6-engcomp/ponderada-semana1/install/turtlesim/local/lib/python3.10/dist-packages/turtlesim/turtlesim_s__rosidl_typesupport_fastrtps_c.cpython-310-x86_64-linux-gnu.so
[5.404s] -- Up-to-date: /home/gabriellemitoso/modulo6-engcomp/ponderada-semana1/install/turtlesim/local/lib/python3.10/dist-packages/turtlesim/turtlesim_s__rosidl_typesupport_introspection_c.cpython-310-x86_64-linux-gnu.so
[5.404s] -- Up-to-date: /home/gabriellemitoso/modulo6-engcomp/ponderada-semana1/install/turtlesim/local/lib/python3.10/dist-packages/turtlesim/turtlesim_s__rosidl_typesupport_c.cpython-310-x86_64-linux-gnu.so
[5.405s] -- Up-to-date: /home/gabriellemitoso/modulo6-engcomp/ponderada-semana1/install/turtlesim/lib/libturtlesim__rosidl_generator_py.so
[5.405s] -- Up-to-date: /home/gabriellemitoso/modulo6-engcomp/ponderada-semana1/install/turtlesim/share/turtlesim/action/RotateAbsolute.idl
[5.405s] -- Up-to-date: /home/gabriellemitoso/modulo6-engcomp/ponderada-semana1/install/turtlesim/share/turtlesim/msg/Color.idl
[5.405s] -- Up-to-date: /home/gabriellemitoso/modulo6-engcomp/ponderada-semana1/install/turtlesim/share/turtlesim/msg/Pose.idl
[5.405s] -- Up-to-date: /home/gabriellemitoso/modulo6-engcomp/ponderada-semana1/install/turtlesim/share/turtlesim/srv/Kill.idl
[5.405s] -- Up-to-date: /home/gabriellemitoso/modulo6-engcomp/ponderada-semana1/install/turtlesim/share/turtlesim/srv/SetPen.idl
[5.405s] -- Up-to-date: /home/gabriellemitoso/modulo6-engcomp/ponderada-semana1/install/turtlesim/share/turtlesim/srv/Spawn.idl
[5.406s] -- Up-to-date: /home/gabriellemitoso/modulo6-engcomp/ponderada-semana1/install/turtlesim/share/turtlesim/srv/TeleportAbsolute.idl
[5.406s] -- Up-to-date: /home/gabriellemitoso/modulo6-engcomp/ponderada-semana1/install/turtlesim/share/turtlesim/srv/TeleportRelative.idl
[5.406s] -- Up-to-date: /home/gabriellemitoso/modulo6-engcomp/ponderada-semana1/install/turtlesim/share/turtlesim/action/RotateAbsolute.action
[5.406s] -- Up-to-date: /home/gabriellemitoso/modulo6-engcomp/ponderada-semana1/install/turtlesim/share/turtlesim/msg/Color.msg
[5.406s] -- Up-to-date: /home/gabriellemitoso/modulo6-engcomp/ponderada-semana1/install/turtlesim/share/turtlesim/msg/Pose.msg
[5.406s] -- Up-to-date: /home/gabriellemitoso/modulo6-engcomp/ponderada-semana1/install/turtlesim/share/turtlesim/srv/Kill.srv
[5.406s] -- Up-to-date: /home/gabriellemitoso/modulo6-engcomp/ponderada-semana1/install/turtlesim/share/turtlesim/srv/Kill_Request.msg
[5.406s] -- Up-to-date: /home/gabriellemitoso/modulo6-engcomp/ponderada-semana1/install/turtlesim/share/turtlesim/srv/Kill_Response.msg
[5.406s] -- Up-to-date: /home/gabriellemitoso/modulo6-engcomp/ponderada-semana1/install/turtlesim/share/turtlesim/srv/SetPen.srv
[5.406s] -- Up-to-date: /home/gabriellemitoso/modulo6-engcomp/ponderada-semana1/install/turtlesim/share/turtlesim/srv/SetPen_Request.msg
[5.407s] -- Up-to-date: /home/gabriellemitoso/modulo6-engcomp/ponderada-semana1/install/turtlesim/share/turtlesim/srv/SetPen_Response.msg
[5.407s] -- Up-to-date: /home/gabriellemitoso/modulo6-engcomp/ponderada-semana1/install/turtlesim/share/turtlesim/srv/Spawn.srv
[5.407s] -- Up-to-date: /home/gabriellemitoso/modulo6-engcomp/ponderada-semana1/install/turtlesim/share/turtlesim/srv/Spawn_Request.msg
[5.407s] -- Up-to-date: /home/gabriellemitoso/modulo6-engcomp/ponderada-semana1/install/turtlesim/share/turtlesim/srv/Spawn_Response.msg
[5.407s] -- Up-to-date: /home/gabriellemitoso/modulo6-engcomp/ponderada-semana1/install/turtlesim/share/turtlesim/srv/TeleportAbsolute.srv
[5.407s] -- Up-to-date: /home/gabriellemitoso/modulo6-engcomp/ponderada-semana1/install/turtlesim/share/turtlesim/srv/TeleportAbsolute_Request.msg
[5.407s] -- Up-to-date: /home/gabriellemitoso/modulo6-engcomp/ponderada-semana1/install/turtlesim/share/turtlesim/srv/TeleportAbsolute_Response.msg
[5.407s] -- Up-to-date: /home/gabriellemitoso/modulo6-engcomp/ponderada-semana1/install/turtlesim/share/turtlesim/srv/TeleportRelative.srv
[5.407s] -- Up-to-date: /home/gabriellemitoso/modulo6-engcomp/ponderada-semana1/install/turtlesim/share/turtlesim/srv/TeleportRelative_Request.msg
[5.407s] -- Up-to-date: /home/gabriellemitoso/modulo6-engcomp/ponderada-semana1/install/turtlesim/share/turtlesim/srv/TeleportRelative_Response.msg
[5.407s] -- Up-to-date: /home/gabriellemitoso/modulo6-engcomp/ponderada-semana1/install/turtlesim/lib/turtlesim/turtlesim_node
[5.407s] -- Installing: /home/gabriellemitoso/modulo6-engcomp/ponderada-semana1/install/turtlesim/lib/turtlesim/turtle_teleop_key
[5.409s] -- Set runtime path of "/home/gabriellemitoso/modulo6-engcomp/ponderada-semana1/install/turtlesim/lib/turtlesim/turtle_teleop_key" to ""
[5.409s] -- Up-to-date: /home/gabriellemitoso/modulo6-engcomp/ponderada-semana1/install/turtlesim/lib/turtlesim/draw_square
[5.409s] -- Up-to-date: /home/gabriellemitoso/modulo6-engcomp/ponderada-semana1/install/turtlesim/lib/turtlesim/mimic
[5.410s] -- Up-to-date: /home/gabriellemitoso/modulo6-engcomp/ponderada-semana1/install/turtlesim/share/turtlesim/images
[5.410s] -- Up-to-date: /home/gabriellemitoso/modulo6-engcomp/ponderada-semana1/install/turtlesim/share/turtlesim/images/bouncy.png
[5.410s] -- Up-to-date: /home/gabriellemitoso/modulo6-engcomp/ponderada-semana1/install/turtlesim/share/turtlesim/images/dashing.png
[5.410s] -- Up-to-date: /home/gabriellemitoso/modulo6-engcomp/ponderada-semana1/install/turtlesim/share/turtlesim/images/foxy.png
[5.410s] -- Up-to-date: /home/gabriellemitoso/modulo6-engcomp/ponderada-semana1/install/turtlesim/share/turtlesim/images/rolling.png
[5.410s] -- Up-to-date: /home/gabriellemitoso/modulo6-engcomp/ponderada-semana1/install/turtlesim/share/turtlesim/images/crystal.png
[5.410s] -- Up-to-date: /home/gabriellemitoso/modulo6-engcomp/ponderada-semana1/install/turtlesim/share/turtlesim/images/humble.png
[5.410s] -- Up-to-date: /home/gabriellemitoso/modulo6-engcomp/ponderada-semana1/install/turtlesim/share/turtlesim/images/galactic.png
[5.410s] -- Up-to-date: /home/gabriellemitoso/modulo6-engcomp/ponderada-semana1/install/turtlesim/share/turtlesim/images/ardent.png
[5.411s] -- Up-to-date: /home/gabriellemitoso/modulo6-engcomp/ponderada-semana1/install/turtlesim/share/turtlesim/images/eloquent.png
[5.411s] -- Up-to-date: /home/gabriellemitoso/modulo6-engcomp/ponderada-semana1/install/turtlesim/share/turtlesim/launch
[5.411s] -- Up-to-date: /home/gabriellemitoso/modulo6-engcomp/ponderada-semana1/install/turtlesim/share/turtlesim/launch/multisim.launch.py
[5.411s] -- Up-to-date: /home/gabriellemitoso/modulo6-engcomp/ponderada-semana1/install/turtlesim/share/ament_index/resource_index/package_run_dependencies/turtlesim
[5.411s] -- Up-to-date: /home/gabriellemitoso/modulo6-engcomp/ponderada-semana1/install/turtlesim/share/ament_index/resource_index/parent_prefix_path/turtlesim
[5.411s] -- Up-to-date: /home/gabriellemitoso/modulo6-engcomp/ponderada-semana1/install/turtlesim/share/turtlesim/environment/ament_prefix_path.sh
[5.411s] -- Up-to-date: /home/gabriellemitoso/modulo6-engcomp/ponderada-semana1/install/turtlesim/share/turtlesim/environment/ament_prefix_path.dsv
[5.411s] -- Up-to-date: /home/gabriellemitoso/modulo6-engcomp/ponderada-semana1/install/turtlesim/share/turtlesim/environment/path.sh
[5.411s] -- Up-to-date: /home/gabriellemitoso/modulo6-engcomp/ponderada-semana1/install/turtlesim/share/turtlesim/environment/path.dsv
[5.411s] -- Up-to-date: /home/gabriellemitoso/modulo6-engcomp/ponderada-semana1/install/turtlesim/share/turtlesim/local_setup.bash
[5.412s] -- Up-to-date: /home/gabriellemitoso/modulo6-engcomp/ponderada-semana1/install/turtlesim/share/turtlesim/local_setup.sh
[5.412s] -- Up-to-date: /home/gabriellemitoso/modulo6-engcomp/ponderada-semana1/install/turtlesim/share/turtlesim/local_setup.zsh
[5.412s] -- Up-to-date: /home/gabriellemitoso/modulo6-engcomp/ponderada-semana1/install/turtlesim/share/turtlesim/local_setup.dsv
[5.412s] -- Installing: /home/gabriellemitoso/modulo6-engcomp/ponderada-semana1/install/turtlesim/share/turtlesim/package.dsv
[5.412s] -- Up-to-date: /home/gabriellemitoso/modulo6-engcomp/ponderada-semana1/install/turtlesim/share/ament_index/resource_index/packages/turtlesim
[5.412s] -- Up-to-date: /home/gabriellemitoso/modulo6-engcomp/ponderada-semana1/install/turtlesim/share/turtlesim/cmake/export_turtlesim__rosidl_generator_cExport.cmake
[5.412s] -- Up-to-date: /home/gabriellemitoso/modulo6-engcomp/ponderada-semana1/install/turtlesim/share/turtlesim/cmake/export_turtlesim__rosidl_generator_cExport-noconfig.cmake
[5.412s] -- Up-to-date: /home/gabriellemitoso/modulo6-engcomp/ponderada-semana1/install/turtlesim/share/turtlesim/cmake/export_turtlesim__rosidl_typesupport_fastrtps_cExport.cmake
[5.412s] -- Up-to-date: /home/gabriellemitoso/modulo6-engcomp/ponderada-semana1/install/turtlesim/share/turtlesim/cmake/export_turtlesim__rosidl_typesupport_fastrtps_cExport-noconfig.cmake
[5.413s] -- Up-to-date: /home/gabriellemitoso/modulo6-engcomp/ponderada-semana1/install/turtlesim/share/turtlesim/cmake/export_turtlesim__rosidl_generator_cppExport.cmake
[5.413s] -- Up-to-date: /home/gabriellemitoso/modulo6-engcomp/ponderada-semana1/install/turtlesim/share/turtlesim/cmake/export_turtlesim__rosidl_typesupport_fastrtps_cppExport.cmake
[5.413s] -- Up-to-date: /home/gabriellemitoso/modulo6-engcomp/ponderada-semana1/install/turtlesim/share/turtlesim/cmake/export_turtlesim__rosidl_typesupport_fastrtps_cppExport-noconfig.cmake
[5.413s] -- Up-to-date: /home/gabriellemitoso/modulo6-engcomp/ponderada-semana1/install/turtlesim/share/turtlesim/cmake/turtlesim__rosidl_typesupport_introspection_cExport.cmake
[5.413s] -- Up-to-date: /home/gabriellemitoso/modulo6-engcomp/ponderada-semana1/install/turtlesim/share/turtlesim/cmake/turtlesim__rosidl_typesupport_introspection_cExport-noconfig.cmake
[5.413s] -- Up-to-date: /home/gabriellemitoso/modulo6-engcomp/ponderada-semana1/install/turtlesim/share/turtlesim/cmake/turtlesim__rosidl_typesupport_cExport.cmake
[5.413s] -- Up-to-date: /home/gabriellemitoso/modulo6-engcomp/ponderada-semana1/install/turtlesim/share/turtlesim/cmake/turtlesim__rosidl_typesupport_cExport-noconfig.cmake
[5.413s] -- Up-to-date: /home/gabriellemitoso/modulo6-engcomp/ponderada-semana1/install/turtlesim/share/turtlesim/cmake/turtlesim__rosidl_typesupport_introspection_cppExport.cmake
[5.413s] -- Up-to-date: /home/gabriellemitoso/modulo6-engcomp/ponderada-semana1/install/turtlesim/share/turtlesim/cmake/turtlesim__rosidl_typesupport_introspection_cppExport-noconfig.cmake
[5.413s] -- Up-to-date: /home/gabriellemitoso/modulo6-engcomp/ponderada-semana1/install/turtlesim/share/turtlesim/cmake/turtlesim__rosidl_typesupport_cppExport.cmake
[5.413s] -- Up-to-date: /home/gabriellemitoso/modulo6-engcomp/ponderada-semana1/install/turtlesim/share/turtlesim/cmake/turtlesim__rosidl_typesupport_cppExport-noconfig.cmake
[5.413s] -- Up-to-date: /home/gabriellemitoso/modulo6-engcomp/ponderada-semana1/install/turtlesim/share/turtlesim/cmake/export_turtlesim__rosidl_generator_pyExport.cmake
[5.413s] -- Up-to-date: /home/gabriellemitoso/modulo6-engcomp/ponderada-semana1/install/turtlesim/share/turtlesim/cmake/export_turtlesim__rosidl_generator_pyExport-noconfig.cmake
[5.413s] -- Up-to-date: /home/gabriellemitoso/modulo6-engcomp/ponderada-semana1/install/turtlesim/share/turtlesim/cmake/rosidl_cmake-extras.cmake
[5.414s] -- Up-to-date: /home/gabriellemitoso/modulo6-engcomp/ponderada-semana1/install/turtlesim/share/turtlesim/cmake/ament_cmake_export_dependencies-extras.cmake
[5.414s] -- Up-to-date: /home/gabriellemitoso/modulo6-engcomp/ponderada-semana1/install/turtlesim/share/turtlesim/cmake/ament_cmake_export_include_directories-extras.cmake
[5.414s] -- Up-to-date: /home/gabriellemitoso/modulo6-engcomp/ponderada-semana1/install/turtlesim/share/turtlesim/cmake/ament_cmake_export_libraries-extras.cmake
[5.414s] -- Up-to-date: /home/gabriellemitoso/modulo6-engcomp/ponderada-semana1/install/turtlesim/share/turtlesim/cmake/ament_cmake_export_targets-extras.cmake
[5.414s] -- Up-to-date: /home/gabriellemitoso/modulo6-engcomp/ponderada-semana1/install/turtlesim/share/turtlesim/cmake/rosidl_cmake_export_typesupport_targets-extras.cmake
[5.414s] -- Up-to-date: /home/gabriellemitoso/modulo6-engcomp/ponderada-semana1/install/turtlesim/share/turtlesim/cmake/rosidl_cmake_export_typesupport_libraries-extras.cmake
[5.414s] -- Up-to-date: /home/gabriellemitoso/modulo6-engcomp/ponderada-semana1/install/turtlesim/share/turtlesim/cmake/turtlesimConfig.cmake
[5.414s] -- Up-to-date: /home/gabriellemitoso/modulo6-engcomp/ponderada-semana1/install/turtlesim/share/turtlesim/cmake/turtlesimConfig-version.cmake
[5.414s] -- Up-to-date: /home/gabriellemitoso/modulo6-engcomp/ponderada-semana1/install/turtlesim/share/turtlesim/package.xml
[5.415s] Invoked command in '/home/gabriellemitoso/modulo6-engcomp/ponderada-semana1/build/turtlesim' returned '0': CMAKE_PREFIX_PATH=${CMAKE_PREFIX_PATH}:/opt/ros/humble /usr/bin/cmake --install /home/gabriellemitoso/modulo6-engcomp/ponderada-semana1/build/turtlesim
