[1.244s] Invoking command in '/home/gabriellemitoso/modulo6-engcomp/ponderada-semana7/meu_workspace/src/turtle_gabi': PYTHONPATH=/home/gabriellemitoso/modulo6-engcomp/ponderada-semana7/meu_workspace/build/turtle_gabi/prefix_override:/home/gabriellemitoso/modulo6-engcomp/ponderada-semana7/meu_workspace/install/turtle_gabi/lib/python3.10/site-packages:${PYTHONPATH} /usr/bin/python3 -W ignore:setup.py install is deprecated setup.py egg_info --egg-base ../../build/turtle_gabi build --build-base /home/gabriellemitoso/modulo6-engcomp/ponderada-semana7/meu_workspace/build/turtle_gabi/build install --record /home/gabriellemitoso/modulo6-engcomp/ponderada-semana7/meu_workspace/build/turtle_gabi/install.log --single-version-externally-managed install_data
[1.412s] running egg_info
[1.412s] creating ../../build/turtle_gabi/turtle_gabi.egg-info
[1.412s] writing ../../build/turtle_gabi/turtle_gabi.egg-info/PKG-INFO
[1.412s] writing dependency_links to ../../build/turtle_gabi/turtle_gabi.egg-info/dependency_links.txt
[1.412s] writing entry points to ../../build/turtle_gabi/turtle_gabi.egg-info/entry_points.txt
[1.412s] writing requirements to ../../build/turtle_gabi/turtle_gabi.egg-info/requires.txt
[1.412s] writing top-level names to ../../build/turtle_gabi/turtle_gabi.egg-info/top_level.txt
[1.413s] writing manifest file '../../build/turtle_gabi/turtle_gabi.egg-info/SOURCES.txt'
[1.414s] reading manifest file '../../build/turtle_gabi/turtle_gabi.egg-info/SOURCES.txt'
[1.414s] writing manifest file '../../build/turtle_gabi/turtle_gabi.egg-info/SOURCES.txt'
[1.414s] running build
[1.414s] running build_py
[1.415s] creating /home/gabriellemitoso/modulo6-engcomp/ponderada-semana7/meu_workspace/build/turtle_gabi/build
[1.415s] creating /home/gabriellemitoso/modulo6-engcomp/ponderada-semana7/meu_workspace/build/turtle_gabi/build/lib
[1.415s] creating /home/gabriellemitoso/modulo6-engcomp/ponderada-semana7/meu_workspace/build/turtle_gabi/build/lib/turtle_gabi
[1.415s] copying turtle_gabi/__init__.py -> /home/gabriellemitoso/modulo6-engcomp/ponderada-semana7/meu_workspace/build/turtle_gabi/build/lib/turtle_gabi
[1.415s] copying turtle_gabi/turtle_gabi.py -> /home/gabriellemitoso/modulo6-engcomp/ponderada-semana7/meu_workspace/build/turtle_gabi/build/lib/turtle_gabi
[1.415s] running install
[1.415s] running install_lib
[1.416s] creating /home/gabriellemitoso/modulo6-engcomp/ponderada-semana7/meu_workspace/install/turtle_gabi/lib/python3.10/site-packages/turtle_gabi
[1.416s] copying /home/gabriellemitoso/modulo6-engcomp/ponderada-semana7/meu_workspace/build/turtle_gabi/build/lib/turtle_gabi/__init__.py -> /home/gabriellemitoso/modulo6-engcomp/ponderada-semana7/meu_workspace/install/turtle_gabi/lib/python3.10/site-packages/turtle_gabi
[1.416s] copying /home/gabriellemitoso/modulo6-engcomp/ponderada-semana7/meu_workspace/build/turtle_gabi/build/lib/turtle_gabi/turtle_gabi.py -> /home/gabriellemitoso/modulo6-engcomp/ponderada-semana7/meu_workspace/install/turtle_gabi/lib/python3.10/site-packages/turtle_gabi
[1.416s] byte-compiling /home/gabriellemitoso/modulo6-engcomp/ponderada-semana7/meu_workspace/install/turtle_gabi/lib/python3.10/site-packages/turtle_gabi/__init__.py to __init__.cpython-310.pyc
[1.416s] byte-compiling /home/gabriellemitoso/modulo6-engcomp/ponderada-semana7/meu_workspace/install/turtle_gabi/lib/python3.10/site-packages/turtle_gabi/turtle_gabi.py to turtle_gabi.cpython-310.pyc
[1.417s] running install_data
[1.418s] creating /home/gabriellemitoso/modulo6-engcomp/ponderada-semana7/meu_workspace/install/turtle_gabi/share/ament_index
[1.418s] creating /home/gabriellemitoso/modulo6-engcomp/ponderada-semana7/meu_workspace/install/turtle_gabi/share/ament_index/resource_index
[1.418s] creating /home/gabriellemitoso/modulo6-engcomp/ponderada-semana7/meu_workspace/install/turtle_gabi/share/ament_index/resource_index/packages
[1.418s] copying resource/turtle_gabi -> /home/gabriellemitoso/modulo6-engcomp/ponderada-semana7/meu_workspace/install/turtle_gabi/share/ament_index/resource_index/packages
[1.418s] copying package.xml -> /home/gabriellemitoso/modulo6-engcomp/ponderada-semana7/meu_workspace/install/turtle_gabi/share/turtle_gabi
[1.418s] running install_egg_info
[1.420s] Copying ../../build/turtle_gabi/turtle_gabi.egg-info to /home/gabriellemitoso/modulo6-engcomp/ponderada-semana7/meu_workspace/install/turtle_gabi/lib/python3.10/site-packages/turtle_gabi-0.0.0-py3.10.egg-info
[1.420s] running install_scripts
[1.436s] Installing turtle_gabi script to /home/gabriellemitoso/modulo6-engcomp/ponderada-semana7/meu_workspace/install/turtle_gabi/lib/turtle_gabi
[1.436s] writing list of installed files to '/home/gabriellemitoso/modulo6-engcomp/ponderada-semana7/meu_workspace/build/turtle_gabi/install.log'
[1.457s] Invoked command in '/home/gabriellemitoso/modulo6-engcomp/ponderada-semana7/meu_workspace/src/turtle_gabi' returned '0': PYTHONPATH=/home/gabriellemitoso/modulo6-engcomp/ponderada-semana7/meu_workspace/build/turtle_gabi/prefix_override:/home/gabriellemitoso/modulo6-engcomp/ponderada-semana7/meu_workspace/install/turtle_gabi/lib/python3.10/site-packages:${PYTHONPATH} /usr/bin/python3 -W ignore:setup.py install is deprecated setup.py egg_info --egg-base ../../build/turtle_gabi build --build-base /home/gabriellemitoso/modulo6-engcomp/ponderada-semana7/meu_workspace/build/turtle_gabi/build install --record /home/gabriellemitoso/modulo6-engcomp/ponderada-semana7/meu_workspace/build/turtle_gabi/install.log --single-version-externally-managed install_data
