[0.491s] Invoking command in '/home/gabriellemitoso/modulo6-engcomp/ponderada-semana1/src/ola_mundo': PYTHONPATH=/home/gabriellemitoso/modulo6-engcomp/ponderada-semana1/build/ola_mundo/prefix_override:/home/gabriellemitoso/modulo6-engcomp/ponderada-semana1/install/ola_mundo/lib/python3.10/site-packages:${PYTHONPATH} /usr/bin/python3 -W ignore:setup.py install is deprecated setup.py egg_info --egg-base ../../build/ola_mundo build --build-base /home/gabriellemitoso/modulo6-engcomp/ponderada-semana1/build/ola_mundo/build install --record /home/gabriellemitoso/modulo6-engcomp/ponderada-semana1/build/ola_mundo/install.log --single-version-externally-managed install_data
[0.663s] running egg_info
[0.664s] creating ../../build/ola_mundo/ola_mundo.egg-info
[0.664s] writing ../../build/ola_mundo/ola_mundo.egg-info/PKG-INFO
[0.664s] writing dependency_links to ../../build/ola_mundo/ola_mundo.egg-info/dependency_links.txt
[0.664s] writing entry points to ../../build/ola_mundo/ola_mundo.egg-info/entry_points.txt
[0.665s] writing requirements to ../../build/ola_mundo/ola_mundo.egg-info/requires.txt
[0.665s] writing top-level names to ../../build/ola_mundo/ola_mundo.egg-info/top_level.txt
[0.665s] writing manifest file '../../build/ola_mundo/ola_mundo.egg-info/SOURCES.txt'
[0.667s] reading manifest file '../../build/ola_mundo/ola_mundo.egg-info/SOURCES.txt'
[0.668s] writing manifest file '../../build/ola_mundo/ola_mundo.egg-info/SOURCES.txt'
[0.668s] running build
[0.668s] running build_py
[0.668s] creating /home/gabriellemitoso/modulo6-engcomp/ponderada-semana1/build/ola_mundo/build
[0.668s] creating /home/gabriellemitoso/modulo6-engcomp/ponderada-semana1/build/ola_mundo/build/lib
[0.668s] creating /home/gabriellemitoso/modulo6-engcomp/ponderada-semana1/build/ola_mundo/build/lib/ola_mundo
[0.668s] copying ola_mundo/__init__.py -> /home/gabriellemitoso/modulo6-engcomp/ponderada-semana1/build/ola_mundo/build/lib/ola_mundo
[0.668s] copying ola_mundo/ola_mundo.py -> /home/gabriellemitoso/modulo6-engcomp/ponderada-semana1/build/ola_mundo/build/lib/ola_mundo
[0.668s] running install
[0.669s] running install_lib
[0.670s] creating /home/gabriellemitoso/modulo6-engcomp/ponderada-semana1/install/ola_mundo/lib/python3.10/site-packages/ola_mundo
[0.670s] copying /home/gabriellemitoso/modulo6-engcomp/ponderada-semana1/build/ola_mundo/build/lib/ola_mundo/__init__.py -> /home/gabriellemitoso/modulo6-engcomp/ponderada-semana1/install/ola_mundo/lib/python3.10/site-packages/ola_mundo
[0.670s] copying /home/gabriellemitoso/modulo6-engcomp/ponderada-semana1/build/ola_mundo/build/lib/ola_mundo/ola_mundo.py -> /home/gabriellemitoso/modulo6-engcomp/ponderada-semana1/install/ola_mundo/lib/python3.10/site-packages/ola_mundo
[0.670s] byte-compiling /home/gabriellemitoso/modulo6-engcomp/ponderada-semana1/install/ola_mundo/lib/python3.10/site-packages/ola_mundo/__init__.py to __init__.cpython-310.pyc
[0.670s] byte-compiling /home/gabriellemitoso/modulo6-engcomp/ponderada-semana1/install/ola_mundo/lib/python3.10/site-packages/ola_mundo/ola_mundo.py to ola_mundo.cpython-310.pyc
[0.671s] running install_data
[0.671s] creating /home/gabriellemitoso/modulo6-engcomp/ponderada-semana1/install/ola_mundo/share/ament_index
[0.671s] creating /home/gabriellemitoso/modulo6-engcomp/ponderada-semana1/install/ola_mundo/share/ament_index/resource_index
[0.671s] creating /home/gabriellemitoso/modulo6-engcomp/ponderada-semana1/install/ola_mundo/share/ament_index/resource_index/packages
[0.671s] copying resource/ola_mundo -> /home/gabriellemitoso/modulo6-engcomp/ponderada-semana1/install/ola_mundo/share/ament_index/resource_index/packages
[0.671s] copying package.xml -> /home/gabriellemitoso/modulo6-engcomp/ponderada-semana1/install/ola_mundo/share/ola_mundo
[0.671s] running install_egg_info
[0.673s] Copying ../../build/ola_mundo/ola_mundo.egg-info to /home/gabriellemitoso/modulo6-engcomp/ponderada-semana1/install/ola_mundo/lib/python3.10/site-packages/ola_mundo-0.0.0-py3.10.egg-info
[0.674s] running install_scripts
[0.692s] writing list of installed files to '/home/gabriellemitoso/modulo6-engcomp/ponderada-semana1/build/ola_mundo/install.log'
[0.714s] Invoked command in '/home/gabriellemitoso/modulo6-engcomp/ponderada-semana1/src/ola_mundo' returned '0': PYTHONPATH=/home/gabriellemitoso/modulo6-engcomp/ponderada-semana1/build/ola_mundo/prefix_override:/home/gabriellemitoso/modulo6-engcomp/ponderada-semana1/install/ola_mundo/lib/python3.10/site-packages:${PYTHONPATH} /usr/bin/python3 -W ignore:setup.py install is deprecated setup.py egg_info --egg-base ../../build/ola_mundo build --build-base /home/gabriellemitoso/modulo6-engcomp/ponderada-semana1/build/ola_mundo/build install --record /home/gabriellemitoso/modulo6-engcomp/ponderada-semana1/build/ola_mundo/install.log --single-version-externally-managed install_data
